2025-07-21 04:22:00 ✅ Første snapshot lagret.
2025-07-21 04:22:00 ✅ Første snapshot lagret.
⚠️ Endring i crontab oppdaget på 2025-07-22 04:22:00:
⚠️ Endring i crontab oppdaget på 2025-07-22 04:22:00:


32d31
32d31
< 30 3 * * * bash ~/GinieSystem/Dreamscape_Autodeploy.sh
< 30 3 * * * bash ~/GinieSystem/Dreamscape_Autodeploy.sh
34d32
34d32
< 35 3 * * * bash $HOME/GinieSystem/Scripts/deploy_trainapp_on_wakeup.sh
< 35 3 * * * bash $HOME/GinieSystem/Scripts/deploy_trainapp_on_wakeup.sh


Sjekk rot i cron, potensiell duplikat eller utilsiktet endring.
Sjekk rot i cron, potensiell duplikat eller utilsiktet endring.
⚠️ Endring i crontab oppdaget på 2025-07-23 04:22:01:

5,7d4
< */15 * * * * bash ~/GinieSystem/Scripts/g.git_autopush.sh
< */15 * * * * bash ~/GinieSystem/Scripts/g.git_autopush.sh
< */15 * * * * bash ~/GinieSystem/Scripts/g.git_autopush.sh
33a31
> 22 4 * * * bash ~/GinieSystem/Scripts/g.cron_monitor.sh
41,43d38
< 5 3 * * * bash ~/GinieSystem/Scripts/g.recovery_loop.sh
< 5 3 * * * bash ~/GinieSystem/Scripts/g.recovery_loop.sh
< 5 3 * * * bash ~/GinieSystem/Scripts/g.recovery_loop.sh

Sjekk rot i cron, potensiell duplikat eller utilsiktet endring.
⚠️ Endring i crontab oppdaget på 2025-07-24 04:22:00:

13d12
< */30 * * * * bash ~/GinieSystem/Scripts/ping_watchdog.sh
24d22
< 0 5 * * * bash ~/GinieSystem/Scripts/ginie_bootstrap.sh
29d26
< 0 6 * * * bash ~/GinieSystem/Earn/earn_mission.sh
33d29
< 0 7 * * * bash ~/GINIE_VAULTSYNC_SELFUPDATER.sh

Sjekk rot i cron, potensiell duplikat eller utilsiktet endring.
⚠️ Endring i crontab oppdaget på 2025-07-26 04:22:00:

5a6,7
> */15 * * * * bash ~/GinieSystem/Scripts/g.git_autopush.sh
> */15 * * * * bash ~/GinieSystem/Scripts/g.git_autopush.sh
15d16
< 0 * * * * bash ~/GinieSystem/Monitor/ginie_monitor_ifttt.sh
27a29
> 0 6 * * * bash ~/GinieSystem/Earn/earn_mission.sh
43a46,47
> 5 3 * * * bash ~/GinieSystem/Scripts/g.recovery_loop.sh
> 5 3 * * * bash ~/GinieSystem/Scripts/g.recovery_loop.sh

Sjekk rot i cron, potensiell duplikat eller utilsiktet endring.
2025-07-27 04:22:00 ✅ Ingen endringer i cron. Alt ser ok ut.
