Tue Jul 15 05:20:00 CEST 2025 | Watchdog-ping
Tue Jul 15 05:40:00 CEST 2025 | Watchdog-ping
Tue Jul 15 06:00:00 CEST 2025 | Watchdog-ping
Tue Jul 15 06:20:00 CEST 2025 | Watchdog-ping
Tue Jul 15 06:40:00 CEST 2025 | Watchdog-ping
Tue Jul 15 07:00:00 CEST 2025 | Watchdog-ping
Tue Jul 15 07:20:01 CEST 2025 | Watchdog-ping
Tue Jul 15 07:40:00 CEST 2025 | Watchdog-ping
Tue Jul 15 08:00:00 CEST 2025 | Watchdog-ping
Tue Jul 15 08:20:00 CEST 2025 | Watchdog-ping
Tue Jul 15 08:40:00 CEST 2025 | Watchdog-ping
Tue Jul 15 09:00:01 CEST 2025 | Watchdog-ping
Tue Jul 15 09:20:00 CEST 2025 | Watchdog-ping
Tue Jul 15 09:40:00 CEST 2025 | Watchdog-ping
Tue Jul 15 10:00:00 CEST 2025 | Watchdog-ping
Tue Jul 15 10:20:00 CEST 2025 | Watchdog-ping
Tue Jul 15 10:40:00 CEST 2025 | Watchdog-ping
Tue Jul 15 11:00:00 CEST 2025 | Watchdog-ping
Tue Jul 15 11:20:00 CEST 2025 | Watchdog-ping
Tue Jul 15 11:40:00 CEST 2025 | Watchdog-ping
Tue Jul 15 12:00:01 CEST 2025 | Watchdog-ping
Tue Jul 15 12:20:00 CEST 2025 | Watchdog-ping
Tue Jul 15 12:40:00 CEST 2025 | Watchdog-ping
Tue Jul 15 13:00:00 CEST 2025 | Watchdog-ping
Tue Jul 15 13:20:00 CEST 2025 | Watchdog-ping
Tue Jul 15 13:40:00 CEST 2025 | Watchdog-ping
Tue Jul 15 14:00:01 CEST 2025 | Watchdog-ping
Tue Jul 15 14:20:00 CEST 2025 | Watchdog-ping
Tue Jul 15 14:40:00 CEST 2025 | Watchdog-ping
Tue Jul 15 15:00:00 CEST 2025 | Watchdog-ping
Tue Jul 15 15:20:00 CEST 2025 | Watchdog-ping
Tue Jul 15 15:40:00 CEST 2025 | Watchdog-ping
Tue Jul 15 16:00:00 CEST 2025 | Watchdog-ping
Tue Jul 15 16:20:01 CEST 2025 | Watchdog-ping
Tue Jul 15 16:40:00 CEST 2025 | Watchdog-ping
Tue Jul 15 17:00:00 CEST 2025 | Watchdog-ping
Tue Jul 15 17:20:00 CEST 2025 | Watchdog-ping
Tue Jul 15 17:40:00 CEST 2025 | Watchdog-ping
Tue Jul 15 18:00:00 CEST 2025 | Watchdog-ping
Tue Jul 15 18:20:01 CEST 2025 | Watchdog-ping
Tue Jul 15 18:40:00 CEST 2025 | Watchdog-ping
Tue Jul 15 19:00:00 CEST 2025 | Watchdog-ping
Tue Jul 15 19:20:01 CEST 2025 | Watchdog-ping
Tue Jul 15 19:40:00 CEST 2025 | Watchdog-ping
Tue Jul 15 20:00:00 CEST 2025 | Watchdog-ping
Tue Jul 15 20:20:00 CEST 2025 | Watchdog-ping
Tue Jul 15 20:40:00 CEST 2025 | Watchdog-ping
Tue Jul 15 21:00:00 CEST 2025 | Watchdog-ping
Tue Jul 15 21:20:00 CEST 2025 | Watchdog-ping
Tue Jul 15 21:40:00 CEST 2025 | Watchdog-ping
Tue Jul 15 22:00:00 CEST 2025 | Watchdog-ping
Tue Jul 15 22:20:00 CEST 2025 | Watchdog-ping
Tue Jul 15 22:40:00 CEST 2025 | Watchdog-ping
Tue Jul 15 23:00:01 CEST 2025 | Watchdog-ping
Tue Jul 15 23:20:00 CEST 2025 | Watchdog-ping
Tue Jul 15 23:40:00 CEST 2025 | Watchdog-ping
Wed Jul 16 00:00:00 CEST 2025 | Watchdog-ping
Wed Jul 16 00:20:00 CEST 2025 | Watchdog-ping
Wed Jul 16 00:40:00 CEST 2025 | Watchdog-ping
Wed Jul 16 01:00:00 CEST 2025 | Watchdog-ping
Wed Jul 16 01:20:01 CEST 2025 | Watchdog-ping
Wed Jul 16 01:40:01 CEST 2025 | Watchdog-ping
Wed Jul 16 02:00:00 CEST 2025 | Watchdog-ping
Wed Jul 16 02:20:00 CEST 2025 | Watchdog-ping
Wed Jul 16 02:40:00 CEST 2025 | Watchdog-ping
Wed Jul 16 03:00:00 CEST 2025 | Watchdog-ping
Wed Jul 16 03:20:00 CEST 2025 | Watchdog-ping
Wed Jul 16 03:40:00 CEST 2025 | Watchdog-ping
Wed Jul 16 04:00:00 CEST 2025 | Watchdog-ping
Wed Jul 16 04:20:00 CEST 2025 | Watchdog-ping
Wed Jul 16 04:40:00 CEST 2025 | Watchdog-ping
Wed Jul 16 05:00:00 CEST 2025 | Watchdog-ping
Wed Jul 16 05:20:00 CEST 2025 | Watchdog-ping
Wed Jul 16 05:40:00 CEST 2025 | Watchdog-ping
Wed Jul 16 06:00:00 CEST 2025 | Watchdog-ping
Wed Jul 16 06:20:00 CEST 2025 | Watchdog-ping
Wed Jul 16 06:40:00 CEST 2025 | Watchdog-ping
Wed Jul 16 07:00:00 CEST 2025 | Watchdog-ping
Wed Jul 16 07:20:00 CEST 2025 | Watchdog-ping
Wed Jul 16 07:40:00 CEST 2025 | Watchdog-ping
Wed Jul 16 08:00:00 CEST 2025 | Watchdog-ping
Wed Jul 16 08:20:00 CEST 2025 | Watchdog-ping
Wed Jul 16 08:40:01 CEST 2025 | Watchdog-ping
Wed Jul 16 09:00:01 CEST 2025 | Watchdog-ping
Wed Jul 16 09:20:01 CEST 2025 | Watchdog-ping
Wed Jul 16 09:40:00 CEST 2025 | Watchdog-ping
Wed Jul 16 10:00:00 CEST 2025 | Watchdog-ping
Wed Jul 16 10:20:00 CEST 2025 | Watchdog-ping
Wed Jul 16 10:40:00 CEST 2025 | Watchdog-ping
Wed Jul 16 11:00:00 CEST 2025 | Watchdog-ping
Wed Jul 16 11:20:01 CEST 2025 | Watchdog-ping
Wed Jul 16 11:40:00 CEST 2025 | Watchdog-ping
Wed Jul 16 12:00:00 CEST 2025 | Watchdog-ping
Wed Jul 16 12:20:00 CEST 2025 | Watchdog-ping
Wed Jul 16 12:40:00 CEST 2025 | Watchdog-ping
Wed Jul 16 13:00:00 CEST 2025 | Watchdog-ping
Wed Jul 16 13:20:00 CEST 2025 | Watchdog-ping
Wed Jul 16 13:40:00 CEST 2025 | Watchdog-ping
Wed Jul 16 14:00:00 CEST 2025 | Watchdog-ping
Wed Jul 16 14:20:01 CEST 2025 | Watchdog-ping
Wed Jul 16 14:40:01 CEST 2025 | Watchdog-ping
Wed Jul 16 15:00:01 CEST 2025 | Watchdog-ping
Wed Jul 16 15:20:00 CEST 2025 | Watchdog-ping
Wed Jul 16 15:40:00 CEST 2025 | Watchdog-ping
Wed Jul 16 16:00:00 CEST 2025 | Watchdog-ping
Wed Jul 16 16:20:00 CEST 2025 | Watchdog-ping
Wed Jul 16 16:40:01 CEST 2025 | Watchdog-ping
Wed Jul 16 17:00:00 CEST 2025 | Watchdog-ping
Wed Jul 16 17:40:01 CEST 2025 | Watchdog-ping
Wed Jul 16 18:00:01 CEST 2025 | Watchdog-ping
Wed Jul 16 18:20:01 CEST 2025 | Watchdog-ping
Wed Jul 16 18:40:00 CEST 2025 | Watchdog-ping
Wed Jul 16 19:00:00 CEST 2025 | Watchdog-ping
Wed Jul 16 19:20:00 CEST 2025 | Watchdog-ping
Wed Jul 16 19:40:00 CEST 2025 | Watchdog-ping
Wed Jul 16 20:00:00 CEST 2025 | Watchdog-ping
Wed Jul 16 20:20:00 CEST 2025 | Watchdog-ping
Wed Jul 16 20:40:00 CEST 2025 | Watchdog-ping
Wed Jul 16 21:00:00 CEST 2025 | Watchdog-ping
Wed Jul 16 21:20:01 CEST 2025 | Watchdog-ping
Wed Jul 16 21:40:00 CEST 2025 | Watchdog-ping
Wed Jul 16 22:00:00 CEST 2025 | Watchdog-ping
Wed Jul 16 22:20:01 CEST 2025 | Watchdog-ping
Wed Jul 16 22:40:00 CEST 2025 | Watchdog-ping
Wed Jul 16 23:00:00 CEST 2025 | Watchdog-ping
Wed Jul 16 23:20:00 CEST 2025 | Watchdog-ping
Wed Jul 16 23:40:00 CEST 2025 | Watchdog-ping
Thu Jul 17 00:00:00 CEST 2025 | Watchdog-ping
Thu Jul 17 00:20:00 CEST 2025 | Watchdog-ping
Thu Jul 17 00:40:00 CEST 2025 | Watchdog-ping
Thu Jul 17 01:00:00 CEST 2025 | Watchdog-ping
Thu Jul 17 01:20:00 CEST 2025 | Watchdog-ping
Thu Jul 17 01:40:00 CEST 2025 | Watchdog-ping
Thu Jul 17 02:00:00 CEST 2025 | Watchdog-ping
Thu Jul 17 02:20:00 CEST 2025 | Watchdog-ping
Thu Jul 17 02:40:00 CEST 2025 | Watchdog-ping
Thu Jul 17 03:00:00 CEST 2025 | Watchdog-ping
Thu Jul 17 03:20:00 CEST 2025 | Watchdog-ping
Thu Jul 17 03:40:00 CEST 2025 | Watchdog-ping
Thu Jul 17 04:00:00 CEST 2025 | Watchdog-ping
Thu Jul 17 04:20:00 CEST 2025 | Watchdog-ping
Thu Jul 17 04:40:00 CEST 2025 | Watchdog-ping
Thu Jul 17 05:00:00 CEST 2025 | Watchdog-ping
Thu Jul 17 05:20:01 CEST 2025 | Watchdog-ping
Thu Jul 17 05:40:00 CEST 2025 | Watchdog-ping
Thu Jul 17 06:00:01 CEST 2025 | Watchdog-ping
Thu Jul 17 06:20:00 CEST 2025 | Watchdog-ping
Thu Jul 17 06:40:01 CEST 2025 | Watchdog-ping
Thu Jul 17 07:00:00 CEST 2025 | Watchdog-ping
Thu Jul 17 07:20:01 CEST 2025 | Watchdog-ping
Thu Jul 17 07:40:01 CEST 2025 | Watchdog-ping
Thu Jul 17 08:00:00 CEST 2025 | Watchdog-ping
Thu Jul 17 08:20:00 CEST 2025 | Watchdog-ping
Thu Jul 17 08:40:00 CEST 2025 | Watchdog-ping
Thu Jul 17 09:00:00 CEST 2025 | Watchdog-ping
Thu Jul 17 09:20:01 CEST 2025 | Watchdog-ping
Thu Jul 17 09:40:00 CEST 2025 | Watchdog-ping
Thu Jul 17 10:00:00 CEST 2025 | Watchdog-ping
Thu Jul 17 10:20:00 CEST 2025 | Watchdog-ping
Thu Jul 17 10:40:00 CEST 2025 | Watchdog-ping
Thu Jul 17 11:00:00 CEST 2025 | Watchdog-ping
Thu Jul 17 11:20:00 CEST 2025 | Watchdog-ping
Thu Jul 17 11:40:00 CEST 2025 | Watchdog-ping
Thu Jul 17 12:00:01 CEST 2025 | Watchdog-ping
Thu Jul 17 12:20:01 CEST 2025 | Watchdog-ping
Thu Jul 17 12:40:00 CEST 2025 | Watchdog-ping
Thu Jul 17 13:00:00 CEST 2025 | Watchdog-ping
Thu Jul 17 13:20:00 CEST 2025 | Watchdog-ping
Thu Jul 17 13:40:00 CEST 2025 | Watchdog-ping
Thu Jul 17 14:00:00 CEST 2025 | Watchdog-ping
Thu Jul 17 14:20:00 CEST 2025 | Watchdog-ping
Thu Jul 17 14:40:00 CEST 2025 | Watchdog-ping
Thu Jul 17 15:00:00 CEST 2025 | Watchdog-ping
Thu Jul 17 15:20:00 CEST 2025 | Watchdog-ping
Thu Jul 17 15:40:00 CEST 2025 | Watchdog-ping
Thu Jul 17 16:00:00 CEST 2025 | Watchdog-ping
Thu Jul 17 16:20:00 CEST 2025 | Watchdog-ping
Thu Jul 17 16:40:00 CEST 2025 | Watchdog-ping
Thu Jul 17 17:00:01 CEST 2025 | Watchdog-ping
Thu Jul 17 17:20:01 CEST 2025 | Watchdog-ping
Thu Jul 17 17:40:01 CEST 2025 | Watchdog-ping
Thu Jul 17 18:00:01 CEST 2025 | Watchdog-ping
Thu Jul 17 18:20:00 CEST 2025 | Watchdog-ping
Thu Jul 17 18:40:00 CEST 2025 | Watchdog-ping
Thu Jul 17 19:00:00 CEST 2025 | Watchdog-ping
Thu Jul 17 19:20:00 CEST 2025 | Watchdog-ping
Thu Jul 17 19:40:00 CEST 2025 | Watchdog-ping
Thu Jul 17 20:00:00 CEST 2025 | Watchdog-ping
Thu Jul 17 20:20:00 CEST 2025 | Watchdog-ping
Thu Jul 17 20:40:00 CEST 2025 | Watchdog-ping
Thu Jul 17 21:00:00 CEST 2025 | Watchdog-ping
Thu Jul 17 21:20:00 CEST 2025 | Watchdog-ping
Thu Jul 17 21:40:00 CEST 2025 | Watchdog-ping
Thu Jul 17 22:00:00 CEST 2025 | Watchdog-ping
Thu Jul 17 22:20:01 CEST 2025 | Watchdog-ping
Thu Jul 17 22:40:00 CEST 2025 | Watchdog-ping
Thu Jul 17 23:00:00 CEST 2025 | Watchdog-ping
Fri Jul 18 04:20:00 CEST 2025 | Watchdog-ping
Fri Jul 18 04:40:00 CEST 2025 | Watchdog-ping
Fri Jul 18 05:00:00 CEST 2025 | Watchdog-ping
Fri Jul 18 05:20:00 CEST 2025 | Watchdog-ping
Fri Jul 18 05:40:00 CEST 2025 | Watchdog-ping
Fri Jul 18 06:00:00 CEST 2025 | Watchdog-ping
Fri Jul 18 06:20:01 CEST 2025 | Watchdog-ping
Fri Jul 18 06:40:01 CEST 2025 | Watchdog-ping
Fri Jul 18 07:00:00 CEST 2025 | Watchdog-ping
Fri Jul 18 07:20:00 CEST 2025 | Watchdog-ping
Fri Jul 18 07:40:00 CEST 2025 | Watchdog-ping
Fri Jul 18 08:00:01 CEST 2025 | Watchdog-ping
Fri Jul 18 08:20:01 CEST 2025 | Watchdog-ping
Fri Jul 18 08:40:00 CEST 2025 | Watchdog-ping
Fri Jul 18 09:00:00 CEST 2025 | Watchdog-ping
Fri Jul 18 09:20:00 CEST 2025 | Watchdog-ping
Fri Jul 18 09:40:01 CEST 2025 | Watchdog-ping
Fri Jul 18 10:00:00 CEST 2025 | Watchdog-ping
Fri Jul 18 10:20:00 CEST 2025 | Watchdog-ping
Fri Jul 18 10:40:00 CEST 2025 | Watchdog-ping
Fri Jul 18 11:00:00 CEST 2025 | Watchdog-ping
Fri Jul 18 11:20:01 CEST 2025 | Watchdog-ping
Fri Jul 18 11:40:00 CEST 2025 | Watchdog-ping
Fri Jul 18 12:00:00 CEST 2025 | Watchdog-ping
Fri Jul 18 12:20:00 CEST 2025 | Watchdog-ping
Fri Jul 18 12:40:00 CEST 2025 | Watchdog-ping
Fri Jul 18 13:00:01 CEST 2025 | Watchdog-ping
Fri Jul 18 13:20:00 CEST 2025 | Watchdog-ping
Fri Jul 18 13:40:00 CEST 2025 | Watchdog-ping
Fri Jul 18 14:00:00 CEST 2025 | Watchdog-ping
Fri Jul 18 14:20:00 CEST 2025 | Watchdog-ping
Fri Jul 18 14:40:00 CEST 2025 | Watchdog-ping
Fri Jul 18 15:00:00 CEST 2025 | Watchdog-ping
Fri Jul 18 15:20:01 CEST 2025 | Watchdog-ping
Fri Jul 18 15:40:00 CEST 2025 | Watchdog-ping
Fri Jul 18 16:00:00 CEST 2025 | Watchdog-ping
Fri Jul 18 16:20:00 CEST 2025 | Watchdog-ping
Fri Jul 18 16:40:00 CEST 2025 | Watchdog-ping
Fri Jul 18 17:00:00 CEST 2025 | Watchdog-ping
Fri Jul 18 17:20:00 CEST 2025 | Watchdog-ping
Fri Jul 18 17:40:00 CEST 2025 | Watchdog-ping
Fri Jul 18 18:00:00 CEST 2025 | Watchdog-ping
Fri Jul 18 18:20:00 CEST 2025 | Watchdog-ping
Fri Jul 18 18:40:00 CEST 2025 | Watchdog-ping
Fri Jul 18 19:00:00 CEST 2025 | Watchdog-ping
Fri Jul 18 19:20:00 CEST 2025 | Watchdog-ping
Fri Jul 18 19:40:00 CEST 2025 | Watchdog-ping
Fri Jul 18 20:00:00 CEST 2025 | Watchdog-ping
Fri Jul 18 20:20:00 CEST 2025 | Watchdog-ping
Fri Jul 18 20:40:00 CEST 2025 | Watchdog-ping
Fri Jul 18 21:00:00 CEST 2025 | Watchdog-ping
Fri Jul 18 21:20:00 CEST 2025 | Watchdog-ping
Fri Jul 18 21:40:00 CEST 2025 | Watchdog-ping
Fri Jul 18 22:00:00 CEST 2025 | Watchdog-ping
Fri Jul 18 22:20:00 CEST 2025 | Watchdog-ping
Fri Jul 18 22:40:01 CEST 2025 | Watchdog-ping
Fri Jul 18 23:00:01 CEST 2025 | Watchdog-ping
Fri Jul 18 23:20:01 CEST 2025 | Watchdog-ping
Fri Jul 18 23:40:00 CEST 2025 | Watchdog-ping
Sat Jul 19 00:00:00 CEST 2025 | Watchdog-ping
Sat Jul 19 00:20:00 CEST 2025 | Watchdog-ping
Sat Jul 19 00:40:00 CEST 2025 | Watchdog-ping
Sat Jul 19 01:00:00 CEST 2025 | Watchdog-ping
Sat Jul 19 01:20:00 CEST 2025 | Watchdog-ping
Sat Jul 19 01:40:00 CEST 2025 | Watchdog-ping
Sat Jul 19 02:00:00 CEST 2025 | Watchdog-ping
Sat Jul 19 02:20:00 CEST 2025 | Watchdog-ping
Sat Jul 19 02:40:00 CEST 2025 | Watchdog-ping
Sat Jul 19 03:00:00 CEST 2025 | Watchdog-ping
Sat Jul 19 03:20:00 CEST 2025 | Watchdog-ping
Sat Jul 19 03:40:01 CEST 2025 | Watchdog-ping
Sat Jul 19 04:00:01 CEST 2025 | Watchdog-ping
Sat Jul 19 04:20:01 CEST 2025 | Watchdog-ping
Sat Jul 19 04:40:00 CEST 2025 | Watchdog-ping
Sat Jul 19 05:00:00 CEST 2025 | Watchdog-ping
Sat Jul 19 05:20:01 CEST 2025 | Watchdog-ping
Sat Jul 19 05:40:00 CEST 2025 | Watchdog-ping
Sat Jul 19 06:00:00 CEST 2025 | Watchdog-ping
Sat Jul 19 06:20:00 CEST 2025 | Watchdog-ping
Sat Jul 19 06:40:00 CEST 2025 | Watchdog-ping
Sat Jul 19 07:00:01 CEST 2025 | Watchdog-ping
Sat Jul 19 07:20:00 CEST 2025 | Watchdog-ping
Sat Jul 19 07:40:00 CEST 2025 | Watchdog-ping
Sat Jul 19 08:00:01 CEST 2025 | Watchdog-ping
Sat Jul 19 08:20:00 CEST 2025 | Watchdog-ping
Sat Jul 19 08:40:00 CEST 2025 | Watchdog-ping
Sat Jul 19 09:00:00 CEST 2025 | Watchdog-ping
Sat Jul 19 09:20:01 CEST 2025 | Watchdog-ping
Sat Jul 19 09:40:01 CEST 2025 | Watchdog-ping
Sat Jul 19 10:00:00 CEST 2025 | Watchdog-ping
Sat Jul 19 10:20:00 CEST 2025 | Watchdog-ping
Sat Jul 19 10:40:01 CEST 2025 | Watchdog-ping
Sat Jul 19 11:00:01 CEST 2025 | Watchdog-ping
Sat Jul 19 11:20:00 CEST 2025 | Watchdog-ping
Sat Jul 19 11:40:00 CEST 2025 | Watchdog-ping
Sat Jul 19 12:00:00 CEST 2025 | Watchdog-ping
Sat Jul 19 12:20:00 CEST 2025 | Watchdog-ping
Sat Jul 19 12:40:00 CEST 2025 | Watchdog-ping
Sat Jul 19 13:00:00 CEST 2025 | Watchdog-ping
Sat Jul 19 13:20:00 CEST 2025 | Watchdog-ping
Sat Jul 19 13:40:01 CEST 2025 | Watchdog-ping
Sat Jul 19 14:00:01 CEST 2025 | Watchdog-ping
Sat Jul 19 14:20:00 CEST 2025 | Watchdog-ping
Sat Jul 19 14:40:00 CEST 2025 | Watchdog-ping
Sat Jul 19 15:00:00 CEST 2025 | Watchdog-ping
Sat Jul 19 15:20:00 CEST 2025 | Watchdog-ping
Sat Jul 19 15:40:00 CEST 2025 | Watchdog-ping
Sat Jul 19 16:00:00 CEST 2025 | Watchdog-ping
Sat Jul 19 16:20:00 CEST 2025 | Watchdog-ping
Sat Jul 19 16:40:01 CEST 2025 | Watchdog-ping
Sat Jul 19 17:00:00 CEST 2025 | Watchdog-ping
Sat Jul 19 17:20:00 CEST 2025 | Watchdog-ping
Sat Jul 19 17:40:00 CEST 2025 | Watchdog-ping
Sat Jul 19 18:00:00 CEST 2025 | Watchdog-ping
Sat Jul 19 18:20:00 CEST 2025 | Watchdog-ping
Sat Jul 19 18:40:00 CEST 2025 | Watchdog-ping
Sat Jul 19 19:00:00 CEST 2025 | Watchdog-ping
Sat Jul 19 19:20:00 CEST 2025 | Watchdog-ping
Sat Jul 19 19:40:00 CEST 2025 | Watchdog-ping
Sat Jul 19 20:00:01 CEST 2025 | Watchdog-ping
Sat Jul 19 20:20:01 CEST 2025 | Watchdog-ping
Sat Jul 19 20:40:00 CEST 2025 | Watchdog-ping
Sat Jul 19 21:00:00 CEST 2025 | Watchdog-ping
Sat Jul 19 21:20:00 CEST 2025 | Watchdog-ping
Sat Jul 19 21:40:00 CEST 2025 | Watchdog-ping
Sat Jul 19 22:00:00 CEST 2025 | Watchdog-ping
Sat Jul 19 22:20:01 CEST 2025 | Watchdog-ping
Sat Jul 19 22:40:00 CEST 2025 | Watchdog-ping
Sat Jul 19 23:00:00 CEST 2025 | Watchdog-ping
Sat Jul 19 23:20:00 CEST 2025 | Watchdog-ping
Sat Jul 19 23:40:00 CEST 2025 | Watchdog-ping
Sun Jul 20 00:00:01 CEST 2025 | Watchdog-ping
Sun Jul 20 00:20:00 CEST 2025 | Watchdog-ping
Sun Jul 20 00:40:00 CEST 2025 | Watchdog-ping
Sun Jul 20 01:00:00 CEST 2025 | Watchdog-ping
Sun Jul 20 01:20:01 CEST 2025 | Watchdog-ping
Sun Jul 20 01:40:00 CEST 2025 | Watchdog-ping
Sun Jul 20 02:00:00 CEST 2025 | Watchdog-ping
Sun Jul 20 02:20:01 CEST 2025 | Watchdog-ping
Sun Jul 20 02:40:00 CEST 2025 | Watchdog-ping
Sun Jul 20 03:00:00 CEST 2025 | Watchdog-ping
Sun Jul 20 03:20:00 CEST 2025 | Watchdog-ping
Sun Jul 20 03:40:01 CEST 2025 | Watchdog-ping
Sun Jul 20 04:00:01 CEST 2025 | Watchdog-ping
Sun Jul 20 04:20:00 CEST 2025 | Watchdog-ping
Sun Jul 20 04:40:00 CEST 2025 | Watchdog-ping
Sun Jul 20 05:00:01 CEST 2025 | Watchdog-ping
Sun Jul 20 05:20:00 CEST 2025 | Watchdog-ping
Sun Jul 20 05:40:00 CEST 2025 | Watchdog-ping
Sun Jul 20 06:00:01 CEST 2025 | Watchdog-ping
Sun Jul 20 06:20:01 CEST 2025 | Watchdog-ping
Sun Jul 20 06:40:00 CEST 2025 | Watchdog-ping
Sun Jul 20 07:00:00 CEST 2025 | Watchdog-ping
Sun Jul 20 07:20:00 CEST 2025 | Watchdog-ping
Sun Jul 20 07:40:00 CEST 2025 | Watchdog-ping
Sun Jul 20 08:00:00 CEST 2025 | Watchdog-ping
Sun Jul 20 08:20:01 CEST 2025 | Watchdog-ping
Sun Jul 20 08:40:00 CEST 2025 | Watchdog-ping
Sun Jul 20 09:00:00 CEST 2025 | Watchdog-ping
Sun Jul 20 09:20:00 CEST 2025 | Watchdog-ping
Sun Jul 20 09:40:01 CEST 2025 | Watchdog-ping
Sun Jul 20 10:00:00 CEST 2025 | Watchdog-ping
Sun Jul 20 10:20:01 CEST 2025 | Watchdog-ping
Sun Jul 20 10:40:01 CEST 2025 | Watchdog-ping
Sun Jul 20 11:00:00 CEST 2025 | Watchdog-ping
Sun Jul 20 11:20:00 CEST 2025 | Watchdog-ping
Sun Jul 20 11:40:00 CEST 2025 | Watchdog-ping
Sun Jul 20 12:00:00 CEST 2025 | Watchdog-ping
Sun Jul 20 12:20:01 CEST 2025 | Watchdog-ping
Sun Jul 20 12:40:00 CEST 2025 | Watchdog-ping
Sun Jul 20 13:00:00 CEST 2025 | Watchdog-ping
Sun Jul 20 13:20:00 CEST 2025 | Watchdog-ping
Sun Jul 20 13:40:01 CEST 2025 | Watchdog-ping
Sun Jul 20 14:00:00 CEST 2025 | Watchdog-ping
Sun Jul 20 14:20:00 CEST 2025 | Watchdog-ping
Sun Jul 20 14:40:01 CEST 2025 | Watchdog-ping
Sun Jul 20 15:00:00 CEST 2025 | Watchdog-ping
Sun Jul 20 15:20:00 CEST 2025 | Watchdog-ping
Sun Jul 20 15:40:00 CEST 2025 | Watchdog-ping
Sun Jul 20 16:00:00 CEST 2025 | Watchdog-ping
Sun Jul 20 16:20:00 CEST 2025 | Watchdog-ping
Sun Jul 20 16:40:00 CEST 2025 | Watchdog-ping
Sun Jul 20 17:00:00 CEST 2025 | Watchdog-ping
Sun Jul 20 17:20:00 CEST 2025 | Watchdog-ping
Sun Jul 20 17:40:00 CEST 2025 | Watchdog-ping
Sun Jul 20 18:00:00 CEST 2025 | Watchdog-ping
Sun Jul 20 18:20:00 CEST 2025 | Watchdog-ping
Sun Jul 20 18:40:01 CEST 2025 | Watchdog-ping
Sun Jul 20 19:00:01 CEST 2025 | Watchdog-ping
Sun Jul 20 19:20:00 CEST 2025 | Watchdog-ping
Sun Jul 20 19:40:00 CEST 2025 | Watchdog-ping
Sun Jul 20 20:00:00 CEST 2025 | Watchdog-ping
Sun Jul 20 20:20:01 CEST 2025 | Watchdog-ping
Sun Jul 20 20:40:01 CEST 2025 | Watchdog-ping
Sun Jul 20 21:00:00 CEST 2025 | Watchdog-ping
Sun Jul 20 21:20:00 CEST 2025 | Watchdog-ping
Sun Jul 20 21:40:00 CEST 2025 | Watchdog-ping
Sun Jul 20 22:00:01 CEST 2025 | Watchdog-ping
Sun Jul 20 22:20:00 CEST 2025 | Watchdog-ping
Sun Jul 20 22:40:00 CEST 2025 | Watchdog-ping
Sun Jul 20 23:00:01 CEST 2025 | Watchdog-ping
Sun Jul 20 23:20:00 CEST 2025 | Watchdog-ping
Sun Jul 20 23:40:00 CEST 2025 | Watchdog-ping
Mon Jul 21 00:00:00 CEST 2025 | Watchdog-ping
Mon Jul 21 00:20:00 CEST 2025 | Watchdog-ping
Mon Jul 21 00:40:00 CEST 2025 | Watchdog-ping
Mon Jul 21 01:00:00 CEST 2025 | Watchdog-ping
Mon Jul 21 01:20:00 CEST 2025 | Watchdog-ping
Mon Jul 21 01:40:00 CEST 2025 | Watchdog-ping
Mon Jul 21 02:00:00 CEST 2025 | Watchdog-ping
Mon Jul 21 02:20:00 CEST 2025 | Watchdog-ping
Mon Jul 21 02:40:00 CEST 2025 | Watchdog-ping
Mon Jul 21 03:00:01 CEST 2025 | Watchdog-ping
Mon Jul 21 03:20:00 CEST 2025 | Watchdog-ping
Mon Jul 21 03:40:01 CEST 2025 | Watchdog-ping
Mon Jul 21 04:00:01 CEST 2025 | Watchdog-ping
Mon Jul 21 04:20:01 CEST 2025 | Watchdog-ping
Mon Jul 21 04:40:00 CEST 2025 | Watchdog-ping
Mon Jul 21 05:00:00 CEST 2025 | Watchdog-ping
Mon Jul 21 05:20:00 CEST 2025 | Watchdog-ping
Mon Jul 21 05:40:00 CEST 2025 | Watchdog-ping
Mon Jul 21 06:00:00 CEST 2025 | Watchdog-ping
Mon Jul 21 06:20:00 CEST 2025 | Watchdog-ping
Mon Jul 21 06:40:01 CEST 2025 | Watchdog-ping
Mon Jul 21 07:00:00 CEST 2025 | Watchdog-ping
Mon Jul 21 07:20:00 CEST 2025 | Watchdog-ping
Mon Jul 21 07:40:00 CEST 2025 | Watchdog-ping
Mon Jul 21 08:00:00 CEST 2025 | Watchdog-ping
Mon Jul 21 08:20:00 CEST 2025 | Watchdog-ping
Mon Jul 21 08:40:01 CEST 2025 | Watchdog-ping
Mon Jul 21 09:00:00 CEST 2025 | Watchdog-ping
Mon Jul 21 09:20:00 CEST 2025 | Watchdog-ping
Mon Jul 21 09:40:00 CEST 2025 | Watchdog-ping
Mon Jul 21 10:00:00 CEST 2025 | Watchdog-ping
Mon Jul 21 10:20:00 CEST 2025 | Watchdog-ping
Mon Jul 21 10:40:00 CEST 2025 | Watchdog-ping
Mon Jul 21 11:00:00 CEST 2025 | Watchdog-ping
Mon Jul 21 11:20:00 CEST 2025 | Watchdog-ping
Mon Jul 21 11:40:00 CEST 2025 | Watchdog-ping
Mon Jul 21 12:00:00 CEST 2025 | Watchdog-ping
Mon Jul 21 12:20:00 CEST 2025 | Watchdog-ping
Mon Jul 21 12:40:00 CEST 2025 | Watchdog-ping
Mon Jul 21 13:00:00 CEST 2025 | Watchdog-ping
Mon Jul 21 13:20:00 CEST 2025 | Watchdog-ping
Mon Jul 21 13:40:00 CEST 2025 | Watchdog-ping
Mon Jul 21 14:00:01 CEST 2025 | Watchdog-ping
Mon Jul 21 14:20:00 CEST 2025 | Watchdog-ping
Mon Jul 21 14:40:00 CEST 2025 | Watchdog-ping
Mon Jul 21 15:00:01 CEST 2025 | Watchdog-ping
Mon Jul 21 15:20:00 CEST 2025 | Watchdog-ping
Mon Jul 21 15:40:00 CEST 2025 | Watchdog-ping
Mon Jul 21 16:00:00 CEST 2025 | Watchdog-ping
Mon Jul 21 16:20:00 CEST 2025 | Watchdog-ping
Mon Jul 21 16:40:00 CEST 2025 | Watchdog-ping
Mon Jul 21 17:00:00 CEST 2025 | Watchdog-ping
Mon Jul 21 17:20:00 CEST 2025 | Watchdog-ping
Mon Jul 21 17:40:00 CEST 2025 | Watchdog-ping
Mon Jul 21 18:00:00 CEST 2025 | Watchdog-ping
Mon Jul 21 18:20:00 CEST 2025 | Watchdog-ping
Mon Jul 21 18:40:00 CEST 2025 | Watchdog-ping
Mon Jul 21 19:00:00 CEST 2025 | Watchdog-ping
Mon Jul 21 19:20:00 CEST 2025 | Watchdog-ping
Mon Jul 21 19:40:00 CEST 2025 | Watchdog-ping
Mon Jul 21 20:00:00 CEST 2025 | Watchdog-ping
Mon Jul 21 20:20:00 CEST 2025 | Watchdog-ping
Mon Jul 21 20:40:00 CEST 2025 | Watchdog-ping
Mon Jul 21 21:00:00 CEST 2025 | Watchdog-ping
Mon Jul 21 21:20:00 CEST 2025 | Watchdog-ping
Mon Jul 21 21:40:00 CEST 2025 | Watchdog-ping
Mon Jul 21 22:00:00 CEST 2025 | Watchdog-ping
Mon Jul 21 22:20:00 CEST 2025 | Watchdog-ping
Mon Jul 21 22:40:00 CEST 2025 | Watchdog-ping
Mon Jul 21 23:00:00 CEST 2025 | Watchdog-ping
Mon Jul 21 23:20:00 CEST 2025 | Watchdog-ping
Mon Jul 21 23:40:00 CEST 2025 | Watchdog-ping
Tue Jul 22 00:00:00 CEST 2025 | Watchdog-ping
Tue Jul 22 00:20:00 CEST 2025 | Watchdog-ping
Tue Jul 22 00:40:00 CEST 2025 | Watchdog-ping
Tue Jul 22 01:00:00 CEST 2025 | Watchdog-ping
Tue Jul 22 01:20:00 CEST 2025 | Watchdog-ping
Tue Jul 22 01:40:00 CEST 2025 | Watchdog-ping
Tue Jul 22 02:00:00 CEST 2025 | Watchdog-ping
Tue Jul 22 02:20:00 CEST 2025 | Watchdog-ping
Tue Jul 22 02:40:01 CEST 2025 | Watchdog-ping
Tue Jul 22 03:00:00 CEST 2025 | Watchdog-ping
Tue Jul 22 03:20:00 CEST 2025 | Watchdog-ping
Tue Jul 22 03:40:00 CEST 2025 | Watchdog-ping
Tue Jul 22 04:00:00 CEST 2025 | Watchdog-ping
Tue Jul 22 04:20:01 CEST 2025 | Watchdog-ping
Tue Jul 22 04:40:00 CEST 2025 | Watchdog-ping
Tue Jul 22 05:00:00 CEST 2025 | Watchdog-ping
Tue Jul 22 05:20:00 CEST 2025 | Watchdog-ping
Tue Jul 22 05:40:00 CEST 2025 | Watchdog-ping
Tue Jul 22 06:00:01 CEST 2025 | Watchdog-ping
Tue Jul 22 06:20:00 CEST 2025 | Watchdog-ping
Tue Jul 22 06:40:00 CEST 2025 | Watchdog-ping
Tue Jul 22 07:00:00 CEST 2025 | Watchdog-ping
Tue Jul 22 07:20:00 CEST 2025 | Watchdog-ping
Tue Jul 22 07:40:00 CEST 2025 | Watchdog-ping
Tue Jul 22 08:00:00 CEST 2025 | Watchdog-ping
Tue Jul 22 08:20:00 CEST 2025 | Watchdog-ping
Tue Jul 22 08:40:00 CEST 2025 | Watchdog-ping
Tue Jul 22 09:00:00 CEST 2025 | Watchdog-ping
Tue Jul 22 09:20:00 CEST 2025 | Watchdog-ping
Tue Jul 22 09:40:00 CEST 2025 | Watchdog-ping
Tue Jul 22 10:00:01 CEST 2025 | Watchdog-ping
Tue Jul 22 10:20:00 CEST 2025 | Watchdog-ping
Tue Jul 22 10:40:00 CEST 2025 | Watchdog-ping
Tue Jul 22 11:00:00 CEST 2025 | Watchdog-ping
Tue Jul 22 11:20:00 CEST 2025 | Watchdog-ping
Tue Jul 22 11:40:00 CEST 2025 | Watchdog-ping
Tue Jul 22 12:00:00 CEST 2025 | Watchdog-ping
Tue Jul 22 12:20:00 CEST 2025 | Watchdog-ping
Tue Jul 22 12:40:00 CEST 2025 | Watchdog-ping
Tue Jul 22 13:00:01 CEST 2025 | Watchdog-ping
Tue Jul 22 13:20:00 CEST 2025 | Watchdog-ping
Tue Jul 22 13:40:00 CEST 2025 | Watchdog-ping
Tue Jul 22 14:00:00 CEST 2025 | Watchdog-ping
Tue Jul 22 14:20:00 CEST 2025 | Watchdog-ping
Tue Jul 22 14:40:00 CEST 2025 | Watchdog-ping
Tue Jul 22 15:00:00 CEST 2025 | Watchdog-ping
Tue Jul 22 15:20:00 CEST 2025 | Watchdog-ping
Tue Jul 22 15:40:00 CEST 2025 | Watchdog-ping
Tue Jul 22 16:00:00 CEST 2025 | Watchdog-ping
Tue Jul 22 16:20:00 CEST 2025 | Watchdog-ping
Tue Jul 22 16:40:00 CEST 2025 | Watchdog-ping
Tue Jul 22 17:00:00 CEST 2025 | Watchdog-ping
Tue Jul 22 17:20:00 CEST 2025 | Watchdog-ping
Tue Jul 22 17:40:00 CEST 2025 | Watchdog-ping
Tue Jul 22 18:00:00 CEST 2025 | Watchdog-ping
Tue Jul 22 18:20:00 CEST 2025 | Watchdog-ping
Tue Jul 22 18:40:00 CEST 2025 | Watchdog-ping
Tue Jul 22 19:00:00 CEST 2025 | Watchdog-ping
Tue Jul 22 19:20:00 CEST 2025 | Watchdog-ping
Tue Jul 22 19:40:00 CEST 2025 | Watchdog-ping
Tue Jul 22 20:00:00 CEST 2025 | Watchdog-ping
Tue Jul 22 20:20:00 CEST 2025 | Watchdog-ping
Tue Jul 22 20:40:00 CEST 2025 | Watchdog-ping
Tue Jul 22 21:00:00 CEST 2025 | Watchdog-ping
Tue Jul 22 21:20:00 CEST 2025 | Watchdog-ping
Tue Jul 22 21:40:00 CEST 2025 | Watchdog-ping
Tue Jul 22 22:00:00 CEST 2025 | Watchdog-ping
Tue Jul 22 22:20:00 CEST 2025 | Watchdog-ping
Tue Jul 22 22:40:00 CEST 2025 | Watchdog-ping
Tue Jul 22 23:00:00 CEST 2025 | Watchdog-ping
Tue Jul 22 23:20:00 CEST 2025 | Watchdog-ping
Tue Jul 22 23:40:00 CEST 2025 | Watchdog-ping
Wed Jul 23 00:00:00 CEST 2025 | Watchdog-ping
Wed Jul 23 00:20:00 CEST 2025 | Watchdog-ping
Wed Jul 23 00:40:00 CEST 2025 | Watchdog-ping
Wed Jul 23 01:00:00 CEST 2025 | Watchdog-ping
Wed Jul 23 01:20:00 CEST 2025 | Watchdog-ping
Wed Jul 23 01:40:00 CEST 2025 | Watchdog-ping
Wed Jul 23 02:00:00 CEST 2025 | Watchdog-ping
Wed Jul 23 02:20:00 CEST 2025 | Watchdog-ping
Wed Jul 23 02:40:00 CEST 2025 | Watchdog-ping
Wed Jul 23 03:00:00 CEST 2025 | Watchdog-ping
Wed Jul 23 03:20:00 CEST 2025 | Watchdog-ping
Wed Jul 23 03:40:00 CEST 2025 | Watchdog-ping
Wed Jul 23 04:00:01 CEST 2025 | Watchdog-ping
Wed Jul 23 04:20:00 CEST 2025 | Watchdog-ping
Wed Jul 23 04:40:00 CEST 2025 | Watchdog-ping
Wed Jul 23 05:00:01 CEST 2025 | Watchdog-ping
Wed Jul 23 05:20:00 CEST 2025 | Watchdog-ping
Wed Jul 23 05:40:00 CEST 2025 | Watchdog-ping
Wed Jul 23 06:00:00 CEST 2025 | Watchdog-ping
Wed Jul 23 06:20:00 CEST 2025 | Watchdog-ping
Wed Jul 23 06:40:00 CEST 2025 | Watchdog-ping
Wed Jul 23 07:00:00 CEST 2025 | Watchdog-ping
Wed Jul 23 07:20:00 CEST 2025 | Watchdog-ping
Wed Jul 23 07:40:00 CEST 2025 | Watchdog-ping
Wed Jul 23 08:00:00 CEST 2025 | Watchdog-ping
Wed Jul 23 08:20:00 CEST 2025 | Watchdog-ping
Wed Jul 23 08:40:00 CEST 2025 | Watchdog-ping
Wed Jul 23 09:00:01 CEST 2025 | Watchdog-ping
Wed Jul 23 09:20:01 CEST 2025 | Watchdog-ping
Wed Jul 23 09:40:00 CEST 2025 | Watchdog-ping
Wed Jul 23 10:00:00 CEST 2025 | Watchdog-ping
Wed Jul 23 10:20:01 CEST 2025 | Watchdog-ping
Wed Jul 23 10:40:00 CEST 2025 | Watchdog-ping
Wed Jul 23 11:00:00 CEST 2025 | Watchdog-ping
Wed Jul 23 11:20:01 CEST 2025 | Watchdog-ping
Wed Jul 23 11:40:00 CEST 2025 | Watchdog-ping
Wed Jul 23 12:00:00 CEST 2025 | Watchdog-ping
Wed Jul 23 12:20:00 CEST 2025 | Watchdog-ping
Wed Jul 23 12:40:00 CEST 2025 | Watchdog-ping
Wed Jul 23 13:00:00 CEST 2025 | Watchdog-ping
Wed Jul 23 13:20:00 CEST 2025 | Watchdog-ping
Wed Jul 23 13:40:00 CEST 2025 | Watchdog-ping
Wed Jul 23 14:00:00 CEST 2025 | Watchdog-ping
Wed Jul 23 14:20:00 CEST 2025 | Watchdog-ping
Wed Jul 23 14:40:00 CEST 2025 | Watchdog-ping
Wed Jul 23 15:00:00 CEST 2025 | Watchdog-ping
Wed Jul 23 15:20:00 CEST 2025 | Watchdog-ping
Wed Jul 23 15:40:00 CEST 2025 | Watchdog-ping
Wed Jul 23 16:00:01 CEST 2025 | Watchdog-ping
Wed Jul 23 16:20:00 CEST 2025 | Watchdog-ping
Wed Jul 23 16:40:00 CEST 2025 | Watchdog-ping
Wed Jul 23 17:00:00 CEST 2025 | Watchdog-ping
Wed Jul 23 17:20:00 CEST 2025 | Watchdog-ping
Wed Jul 23 17:40:01 CEST 2025 | Watchdog-ping
Wed Jul 23 18:00:00 CEST 2025 | Watchdog-ping
Wed Jul 23 18:20:00 CEST 2025 | Watchdog-ping
Wed Jul 23 18:40:00 CEST 2025 | Watchdog-ping
Wed Jul 23 19:00:00 CEST 2025 | Watchdog-ping
Wed Jul 23 19:20:01 CEST 2025 | Watchdog-ping
Wed Jul 23 19:40:00 CEST 2025 | Watchdog-ping
Wed Jul 23 20:00:00 CEST 2025 | Watchdog-ping
Wed Jul 23 20:20:01 CEST 2025 | Watchdog-ping
Wed Jul 23 20:40:00 CEST 2025 | Watchdog-ping
Wed Jul 23 21:00:00 CEST 2025 | Watchdog-ping
Wed Jul 23 21:20:00 CEST 2025 | Watchdog-ping
Wed Jul 23 21:40:00 CEST 2025 | Watchdog-ping
Wed Jul 23 22:00:00 CEST 2025 | Watchdog-ping
Wed Jul 23 22:20:00 CEST 2025 | Watchdog-ping
Wed Jul 23 22:40:00 CEST 2025 | Watchdog-ping
Wed Jul 23 23:00:00 CEST 2025 | Watchdog-ping
Wed Jul 23 23:20:00 CEST 2025 | Watchdog-ping
Wed Jul 23 23:40:00 CEST 2025 | Watchdog-ping
Thu Jul 24 00:00:00 CEST 2025 | Watchdog-ping
Thu Jul 24 00:20:00 CEST 2025 | Watchdog-ping
Thu Jul 24 00:40:00 CEST 2025 | Watchdog-ping
Thu Jul 24 01:00:00 CEST 2025 | Watchdog-ping
Thu Jul 24 01:20:00 CEST 2025 | Watchdog-ping
Thu Jul 24 01:40:00 CEST 2025 | Watchdog-ping
Thu Jul 24 02:00:00 CEST 2025 | Watchdog-ping
Thu Jul 24 02:20:00 CEST 2025 | Watchdog-ping
Thu Jul 24 02:40:00 CEST 2025 | Watchdog-ping
Thu Jul 24 03:00:00 CEST 2025 | Watchdog-ping
Thu Jul 24 03:20:00 CEST 2025 | Watchdog-ping
Thu Jul 24 03:40:00 CEST 2025 | Watchdog-ping
Thu Jul 24 04:00:00 CEST 2025 | Watchdog-ping
Thu Jul 24 04:20:00 CEST 2025 | Watchdog-ping
Thu Jul 24 04:40:00 CEST 2025 | Watchdog-ping
Thu Jul 24 05:00:00 CEST 2025 | Watchdog-ping
Thu Jul 24 05:20:00 CEST 2025 | Watchdog-ping
Thu Jul 24 05:40:00 CEST 2025 | Watchdog-ping
Thu Jul 24 06:00:00 CEST 2025 | Watchdog-ping
Thu Jul 24 06:20:00 CEST 2025 | Watchdog-ping
Thu Jul 24 06:40:00 CEST 2025 | Watchdog-ping
Thu Jul 24 07:00:01 CEST 2025 | Watchdog-ping
Thu Jul 24 07:20:00 CEST 2025 | Watchdog-ping
Thu Jul 24 07:40:00 CEST 2025 | Watchdog-ping
Thu Jul 24 08:00:00 CEST 2025 | Watchdog-ping
Thu Jul 24 08:20:00 CEST 2025 | Watchdog-ping
Thu Jul 24 08:40:00 CEST 2025 | Watchdog-ping
Thu Jul 24 09:00:00 CEST 2025 | Watchdog-ping
Thu Jul 24 09:20:00 CEST 2025 | Watchdog-ping
Thu Jul 24 09:40:00 CEST 2025 | Watchdog-ping
Thu Jul 24 10:00:00 CEST 2025 | Watchdog-ping
Thu Jul 24 10:20:00 CEST 2025 | Watchdog-ping
Thu Jul 24 10:40:00 CEST 2025 | Watchdog-ping
Thu Jul 24 11:00:00 CEST 2025 | Watchdog-ping
Thu Jul 24 11:20:00 CEST 2025 | Watchdog-ping
Thu Jul 24 11:40:00 CEST 2025 | Watchdog-ping
Thu Jul 24 12:00:00 CEST 2025 | Watchdog-ping
Thu Jul 24 12:20:00 CEST 2025 | Watchdog-ping
Thu Jul 24 12:40:00 CEST 2025 | Watchdog-ping
Thu Jul 24 13:00:00 CEST 2025 | Watchdog-ping
Thu Jul 24 13:20:00 CEST 2025 | Watchdog-ping
Thu Jul 24 13:40:00 CEST 2025 | Watchdog-ping
Thu Jul 24 14:00:00 CEST 2025 | Watchdog-ping
Thu Jul 24 14:20:00 CEST 2025 | Watchdog-ping
Thu Jul 24 14:40:00 CEST 2025 | Watchdog-ping
Thu Jul 24 15:00:01 CEST 2025 | Watchdog-ping
Thu Jul 24 15:20:00 CEST 2025 | Watchdog-ping
Thu Jul 24 15:40:00 CEST 2025 | Watchdog-ping
Thu Jul 24 16:00:00 CEST 2025 | Watchdog-ping
Thu Jul 24 16:20:00 CEST 2025 | Watchdog-ping
Thu Jul 24 16:40:00 CEST 2025 | Watchdog-ping
Thu Jul 24 17:00:00 CEST 2025 | Watchdog-ping
Thu Jul 24 17:20:01 CEST 2025 | Watchdog-ping
Thu Jul 24 17:40:00 CEST 2025 | Watchdog-ping
Thu Jul 24 18:00:00 CEST 2025 | Watchdog-ping
Thu Jul 24 18:20:00 CEST 2025 | Watchdog-ping
Thu Jul 24 18:40:00 CEST 2025 | Watchdog-ping
Thu Jul 24 19:00:00 CEST 2025 | Watchdog-ping
Thu Jul 24 19:20:00 CEST 2025 | Watchdog-ping
Thu Jul 24 19:40:00 CEST 2025 | Watchdog-ping
Thu Jul 24 20:00:00 CEST 2025 | Watchdog-ping
Thu Jul 24 20:20:00 CEST 2025 | Watchdog-ping
Thu Jul 24 20:40:01 CEST 2025 | Watchdog-ping
Thu Jul 24 21:00:00 CEST 2025 | Watchdog-ping
Thu Jul 24 21:20:00 CEST 2025 | Watchdog-ping
Thu Jul 24 21:40:00 CEST 2025 | Watchdog-ping
Thu Jul 24 22:00:01 CEST 2025 | Watchdog-ping
Thu Jul 24 22:20:00 CEST 2025 | Watchdog-ping
Thu Jul 24 22:40:01 CEST 2025 | Watchdog-ping
Thu Jul 24 23:00:00 CEST 2025 | Watchdog-ping
Thu Jul 24 23:20:01 CEST 2025 | Watchdog-ping
Thu Jul 24 23:40:00 CEST 2025 | Watchdog-ping
Fri Jul 25 00:00:00 CEST 2025 | Watchdog-ping
Fri Jul 25 00:20:00 CEST 2025 | Watchdog-ping
Fri Jul 25 00:40:00 CEST 2025 | Watchdog-ping
Fri Jul 25 01:00:00 CEST 2025 | Watchdog-ping
Fri Jul 25 01:20:00 CEST 2025 | Watchdog-ping
Fri Jul 25 01:40:00 CEST 2025 | Watchdog-ping
Fri Jul 25 02:00:00 CEST 2025 | Watchdog-ping
Fri Jul 25 02:20:00 CEST 2025 | Watchdog-ping
Fri Jul 25 02:40:00 CEST 2025 | Watchdog-ping
Fri Jul 25 03:00:00 CEST 2025 | Watchdog-ping
Fri Jul 25 03:20:00 CEST 2025 | Watchdog-ping
Fri Jul 25 07:20:00 CEST 2025 | Watchdog-ping
Fri Jul 25 07:40:00 CEST 2025 | Watchdog-ping
Fri Jul 25 08:00:00 CEST 2025 | Watchdog-ping
Fri Jul 25 08:20:00 CEST 2025 | Watchdog-ping
Fri Jul 25 08:40:00 CEST 2025 | Watchdog-ping
Fri Jul 25 09:00:00 CEST 2025 | Watchdog-ping
Fri Jul 25 09:20:01 CEST 2025 | Watchdog-ping
Fri Jul 25 09:40:00 CEST 2025 | Watchdog-ping
Fri Jul 25 10:00:00 CEST 2025 | Watchdog-ping
Fri Jul 25 10:20:00 CEST 2025 | Watchdog-ping
Fri Jul 25 10:40:01 CEST 2025 | Watchdog-ping
Fri Jul 25 11:00:01 CEST 2025 | Watchdog-ping
Fri Jul 25 11:20:00 CEST 2025 | Watchdog-ping
Fri Jul 25 11:40:00 CEST 2025 | Watchdog-ping
Fri Jul 25 12:00:01 CEST 2025 | Watchdog-ping
Fri Jul 25 12:20:00 CEST 2025 | Watchdog-ping
Fri Jul 25 12:40:00 CEST 2025 | Watchdog-ping
Fri Jul 25 13:00:00 CEST 2025 | Watchdog-ping
Fri Jul 25 13:20:00 CEST 2025 | Watchdog-ping
Fri Jul 25 13:40:00 CEST 2025 | Watchdog-ping
Fri Jul 25 14:00:00 CEST 2025 | Watchdog-ping
Fri Jul 25 14:20:00 CEST 2025 | Watchdog-ping
Fri Jul 25 14:40:01 CEST 2025 | Watchdog-ping
Fri Jul 25 15:00:00 CEST 2025 | Watchdog-ping
Fri Jul 25 15:20:00 CEST 2025 | Watchdog-ping
Fri Jul 25 15:40:00 CEST 2025 | Watchdog-ping
Fri Jul 25 16:00:00 CEST 2025 | Watchdog-ping
Fri Jul 25 16:20:00 CEST 2025 | Watchdog-ping
Fri Jul 25 16:40:00 CEST 2025 | Watchdog-ping
Fri Jul 25 17:00:00 CEST 2025 | Watchdog-ping
Fri Jul 25 17:20:00 CEST 2025 | Watchdog-ping
Fri Jul 25 17:40:00 CEST 2025 | Watchdog-ping
Fri Jul 25 18:00:00 CEST 2025 | Watchdog-ping
Fri Jul 25 18:20:00 CEST 2025 | Watchdog-ping
Fri Jul 25 18:40:01 CEST 2025 | Watchdog-ping
Fri Jul 25 19:00:00 CEST 2025 | Watchdog-ping
Fri Jul 25 19:20:00 CEST 2025 | Watchdog-ping
Fri Jul 25 19:40:00 CEST 2025 | Watchdog-ping
Fri Jul 25 20:00:00 CEST 2025 | Watchdog-ping
Fri Jul 25 20:20:00 CEST 2025 | Watchdog-ping
Fri Jul 25 20:40:00 CEST 2025 | Watchdog-ping
Fri Jul 25 21:00:01 CEST 2025 | Watchdog-ping
Fri Jul 25 21:20:00 CEST 2025 | Watchdog-ping
Fri Jul 25 21:40:00 CEST 2025 | Watchdog-ping
Fri Jul 25 22:00:00 CEST 2025 | Watchdog-ping
Fri Jul 25 22:20:00 CEST 2025 | Watchdog-ping
Fri Jul 25 22:40:01 CEST 2025 | Watchdog-ping
Fri Jul 25 23:00:00 CEST 2025 | Watchdog-ping
Fri Jul 25 23:20:00 CEST 2025 | Watchdog-ping
Fri Jul 25 23:40:00 CEST 2025 | Watchdog-ping
Sat Jul 26 00:00:00 CEST 2025 | Watchdog-ping
Sat Jul 26 00:20:00 CEST 2025 | Watchdog-ping
Sat Jul 26 00:40:00 CEST 2025 | Watchdog-ping
Sat Jul 26 01:00:00 CEST 2025 | Watchdog-ping
Sat Jul 26 01:20:00 CEST 2025 | Watchdog-ping
Sat Jul 26 01:40:00 CEST 2025 | Watchdog-ping
Sat Jul 26 02:00:00 CEST 2025 | Watchdog-ping
Sat Jul 26 02:20:00 CEST 2025 | Watchdog-ping
Sat Jul 26 02:40:00 CEST 2025 | Watchdog-ping
Sat Jul 26 03:00:00 CEST 2025 | Watchdog-ping
Sat Jul 26 03:20:00 CEST 2025 | Watchdog-ping
Sat Jul 26 03:40:00 CEST 2025 | Watchdog-ping
Sat Jul 26 04:00:00 CEST 2025 | Watchdog-ping
Sat Jul 26 04:20:01 CEST 2025 | Watchdog-ping
Sat Jul 26 04:40:00 CEST 2025 | Watchdog-ping
Sat Jul 26 05:00:00 CEST 2025 | Watchdog-ping
Sat Jul 26 05:20:00 CEST 2025 | Watchdog-ping
Sat Jul 26 05:40:00 CEST 2025 | Watchdog-ping
Sat Jul 26 06:00:00 CEST 2025 | Watchdog-ping
Sat Jul 26 06:20:00 CEST 2025 | Watchdog-ping
Sat Jul 26 06:40:00 CEST 2025 | Watchdog-ping
Sat Jul 26 07:00:00 CEST 2025 | Watchdog-ping
Sat Jul 26 07:20:00 CEST 2025 | Watchdog-ping
Sat Jul 26 07:40:00 CEST 2025 | Watchdog-ping
Sat Jul 26 08:00:00 CEST 2025 | Watchdog-ping
Sat Jul 26 08:20:00 CEST 2025 | Watchdog-ping
Sat Jul 26 08:40:00 CEST 2025 | Watchdog-ping
Sat Jul 26 09:00:00 CEST 2025 | Watchdog-ping
Sat Jul 26 09:20:01 CEST 2025 | Watchdog-ping
Sat Jul 26 09:40:00 CEST 2025 | Watchdog-ping
Sat Jul 26 10:00:00 CEST 2025 | Watchdog-ping
Sat Jul 26 10:20:00 CEST 2025 | Watchdog-ping
Sat Jul 26 10:40:00 CEST 2025 | Watchdog-ping
Sat Jul 26 11:00:00 CEST 2025 | Watchdog-ping
Sat Jul 26 11:20:00 CEST 2025 | Watchdog-ping
Sat Jul 26 11:40:00 CEST 2025 | Watchdog-ping
Sat Jul 26 12:00:00 CEST 2025 | Watchdog-ping
Sat Jul 26 12:20:00 CEST 2025 | Watchdog-ping
Sat Jul 26 12:40:00 CEST 2025 | Watchdog-ping
Sat Jul 26 13:00:00 CEST 2025 | Watchdog-ping
Sat Jul 26 13:20:00 CEST 2025 | Watchdog-ping
Sat Jul 26 13:40:00 CEST 2025 | Watchdog-ping
Sat Jul 26 14:00:00 CEST 2025 | Watchdog-ping
Sat Jul 26 14:20:00 CEST 2025 | Watchdog-ping
Sat Jul 26 14:40:00 CEST 2025 | Watchdog-ping
Sat Jul 26 15:00:00 CEST 2025 | Watchdog-ping
Sat Jul 26 15:20:00 CEST 2025 | Watchdog-ping
Sat Jul 26 15:40:00 CEST 2025 | Watchdog-ping
Sat Jul 26 16:00:00 CEST 2025 | Watchdog-ping
Sat Jul 26 16:20:00 CEST 2025 | Watchdog-ping
Sat Jul 26 16:40:00 CEST 2025 | Watchdog-ping
Sat Jul 26 17:00:00 CEST 2025 | Watchdog-ping
Sat Jul 26 17:20:00 CEST 2025 | Watchdog-ping
Sat Jul 26 17:40:00 CEST 2025 | Watchdog-ping
Sat Jul 26 18:00:00 CEST 2025 | Watchdog-ping
Sat Jul 26 18:20:01 CEST 2025 | Watchdog-ping
Sat Jul 26 18:40:00 CEST 2025 | Watchdog-ping
Sat Jul 26 19:00:00 CEST 2025 | Watchdog-ping
Sat Jul 26 19:20:00 CEST 2025 | Watchdog-ping
Sat Jul 26 19:40:00 CEST 2025 | Watchdog-ping
Sat Jul 26 20:00:00 CEST 2025 | Watchdog-ping
Sat Jul 26 20:20:00 CEST 2025 | Watchdog-ping
Sat Jul 26 20:40:00 CEST 2025 | Watchdog-ping
Sat Jul 26 21:00:00 CEST 2025 | Watchdog-ping
Sat Jul 26 21:20:00 CEST 2025 | Watchdog-ping
Sat Jul 26 21:40:00 CEST 2025 | Watchdog-ping
Sat Jul 26 22:00:00 CEST 2025 | Watchdog-ping
Sat Jul 26 22:20:00 CEST 2025 | Watchdog-ping
Sat Jul 26 22:40:00 CEST 2025 | Watchdog-ping
Sat Jul 26 23:00:00 CEST 2025 | Watchdog-ping
Sat Jul 26 23:20:00 CEST 2025 | Watchdog-ping
Sat Jul 26 23:40:00 CEST 2025 | Watchdog-ping
Sun Jul 27 00:00:00 CEST 2025 | Watchdog-ping
Sun Jul 27 00:20:00 CEST 2025 | Watchdog-ping
Sun Jul 27 00:40:00 CEST 2025 | Watchdog-ping
Sun Jul 27 01:00:00 CEST 2025 | Watchdog-ping
Sun Jul 27 01:20:00 CEST 2025 | Watchdog-ping
Sun Jul 27 01:40:00 CEST 2025 | Watchdog-ping
Sun Jul 27 02:00:00 CEST 2025 | Watchdog-ping
Sun Jul 27 02:20:00 CEST 2025 | Watchdog-ping
Sun Jul 27 02:40:00 CEST 2025 | Watchdog-ping
Sun Jul 27 03:00:00 CEST 2025 | Watchdog-ping
Sun Jul 27 03:20:00 CEST 2025 | Watchdog-ping
Sun Jul 27 03:40:00 CEST 2025 | Watchdog-ping
Sun Jul 27 04:00:01 CEST 2025 | Watchdog-ping
Sun Jul 27 04:20:00 CEST 2025 | Watchdog-ping
søn. 27 jul. 2025 04.38.45 CEST | Watchdog-ping
søn. 27 jul. 2025 04.39.01 CEST | Watchdog-ping
søn. 27 jul. 2025 04.39.17 CEST | Watchdog-ping
søn. 27 jul. 2025 04.39.32 CEST | Watchdog-ping
søn. 27 jul. 2025 04.39.47 CEST | Watchdog-ping
Sun Jul 27 04:40:00 CEST 2025 | Watchdog-ping
søn. 27 jul. 2025 04.40.03 CEST | Watchdog-ping
søn. 27 jul. 2025 04.40.19 CEST | Watchdog-ping
søn. 27 jul. 2025 04.40.34 CEST | Watchdog-ping
søn. 27 jul. 2025 04.40.50 CEST | Watchdog-ping
søn. 27 jul. 2025 04.41.05 CEST | Watchdog-ping
søn. 27 jul. 2025 04.41.20 CEST | Watchdog-ping
søn. 27 jul. 2025 04.41.36 CEST | Watchdog-ping
søn. 27 jul. 2025 04.41.51 CEST | Watchdog-ping
søn. 27 jul. 2025 04.42.06 CEST | Watchdog-ping
søn. 27 jul. 2025 04.42.22 CEST | Watchdog-ping
søn. 27 jul. 2025 04.42.37 CEST | Watchdog-ping
søn. 27 jul. 2025 04.42.52 CEST | Watchdog-ping
søn. 27 jul. 2025 04.43.08 CEST | Watchdog-ping
søn. 27 jul. 2025 04.43.23 CEST | Watchdog-ping
søn. 27 jul. 2025 04.43.39 CEST | Watchdog-ping
søn. 27 jul. 2025 04.43.54 CEST | Watchdog-ping
søn. 27 jul. 2025 04.44.09 CEST | Watchdog-ping
søn. 27 jul. 2025 04.44.25 CEST | Watchdog-ping
søn. 27 jul. 2025 04.44.40 CEST | Watchdog-ping
søn. 27 jul. 2025 04.44.55 CEST | Watchdog-ping
søn. 27 jul. 2025 04.45.11 CEST | Watchdog-ping
søn. 27 jul. 2025 04.45.26 CEST | Watchdog-ping
søn. 27 jul. 2025 04.45.42 CEST | Watchdog-ping
søn. 27 jul. 2025 04.45.57 CEST | Watchdog-ping
søn. 27 jul. 2025 04.46.12 CEST | Watchdog-ping
søn. 27 jul. 2025 04.46.28 CEST | Watchdog-ping
søn. 27 jul. 2025 04.46.43 CEST | Watchdog-ping
søn. 27 jul. 2025 04.46.58 CEST | Watchdog-ping
søn. 27 jul. 2025 04.47.14 CEST | Watchdog-ping
søn. 27 jul. 2025 04.47.29 CEST | Watchdog-ping
søn. 27 jul. 2025 04.47.44 CEST | Watchdog-ping
søn. 27 jul. 2025 04.48.00 CEST | Watchdog-ping
søn. 27 jul. 2025 04.48.15 CEST | Watchdog-ping
søn. 27 jul. 2025 04.48.30 CEST | Watchdog-ping
søn. 27 jul. 2025 04.48.46 CEST | Watchdog-ping
søn. 27 jul. 2025 04.49.01 CEST | Watchdog-ping
søn. 27 jul. 2025 04.49.16 CEST | Watchdog-ping
søn. 27 jul. 2025 04.49.32 CEST | Watchdog-ping
søn. 27 jul. 2025 04.49.47 CEST | Watchdog-ping
søn. 27 jul. 2025 04.50.02 CEST | Watchdog-ping
søn. 27 jul. 2025 04.50.18 CEST | Watchdog-ping
søn. 27 jul. 2025 04.50.33 CEST | Watchdog-ping
søn. 27 jul. 2025 04.50.48 CEST | Watchdog-ping
søn. 27 jul. 2025 04.51.04 CEST | Watchdog-ping
søn. 27 jul. 2025 04.51.19 CEST | Watchdog-ping
søn. 27 jul. 2025 04.51.35 CEST | Watchdog-ping
søn. 27 jul. 2025 04.51.50 CEST | Watchdog-ping
søn. 27 jul. 2025 04.52.06 CEST | Watchdog-ping
søn. 27 jul. 2025 04.52.21 CEST | Watchdog-ping
søn. 27 jul. 2025 04.52.37 CEST | Watchdog-ping
søn. 27 jul. 2025 04.52.52 CEST | Watchdog-ping
søn. 27 jul. 2025 04.53.07 CEST | Watchdog-ping
søn. 27 jul. 2025 04.53.23 CEST | Watchdog-ping
søn. 27 jul. 2025 04.53.38 CEST | Watchdog-ping
søn. 27 jul. 2025 04.53.53 CEST | Watchdog-ping
søn. 27 jul. 2025 04.54.10 CEST | Watchdog-ping
søn. 27 jul. 2025 04.54.26 CEST | Watchdog-ping
søn. 27 jul. 2025 04.54.41 CEST | Watchdog-ping
søn. 27 jul. 2025 04.54.56 CEST | Watchdog-ping
søn. 27 jul. 2025 04.55.12 CEST | Watchdog-ping
søn. 27 jul. 2025 04.55.28 CEST | Watchdog-ping
søn. 27 jul. 2025 04.55.43 CEST | Watchdog-ping
søn. 27 jul. 2025 04.56.04 CEST | Watchdog-ping
søn. 27 jul. 2025 04.56.32 CEST | Watchdog-ping
søn. 27 jul. 2025 04.56.57 CEST | Watchdog-ping
søn. 27 jul. 2025 04.57.16 CEST | Watchdog-ping
søn. 27 jul. 2025 04.57.31 CEST | Watchdog-ping
søn. 27 jul. 2025 04.57.47 CEST | Watchdog-ping
søn. 27 jul. 2025 04.58.02 CEST | Watchdog-ping
søn. 27 jul. 2025 04.58.18 CEST | Watchdog-ping
søn. 27 jul. 2025 04.58.35 CEST | Watchdog-ping
søn. 27 jul. 2025 04.58.51 CEST | Watchdog-ping
søn. 27 jul. 2025 04.59.11 CEST | Watchdog-ping
søn. 27 jul. 2025 04.59.26 CEST | Watchdog-ping
søn. 27 jul. 2025 04.59.42 CEST | Watchdog-ping
søn. 27 jul. 2025 04.59.57 CEST | Watchdog-ping
Sun Jul 27 05:00:00 CEST 2025 | Watchdog-ping
søn. 27 jul. 2025 05.00.13 CEST | Watchdog-ping
søn. 27 jul. 2025 05.00.29 CEST | Watchdog-ping
søn. 27 jul. 2025 05.00.44 CEST | Watchdog-ping
søn. 27 jul. 2025 05.00.59 CEST | Watchdog-ping
søn. 27 jul. 2025 05.01.16 CEST | Watchdog-ping
søn. 27 jul. 2025 05.01.40 CEST | Watchdog-ping
søn. 27 jul. 2025 05.01.58 CEST | Watchdog-ping
søn. 27 jul. 2025 05.02.15 CEST | Watchdog-ping
søn. 27 jul. 2025 05.02.33 CEST | Watchdog-ping
søn. 27 jul. 2025 05.02.51 CEST | Watchdog-ping
søn. 27 jul. 2025 05.03.09 CEST | Watchdog-ping
søn. 27 jul. 2025 05.03.27 CEST | Watchdog-ping
søn. 27 jul. 2025 05.03.47 CEST | Watchdog-ping
søn. 27 jul. 2025 05.04.06 CEST | Watchdog-ping
søn. 27 jul. 2025 05.04.44 CEST | Watchdog-ping
søn. 27 jul. 2025 05.05.56 CEST | Watchdog-ping
søn. 27 jul. 2025 05.08.17 CEST | Watchdog-ping
søn. 27 jul. 2025 05.09.06 CEST | Watchdog-ping
søn. 27 jul. 2025 05.10.21 CEST | Watchdog-ping
søn. 27 jul. 2025 05.10.38 CEST | Watchdog-ping
søn. 27 jul. 2025 05.10.58 CEST | Watchdog-ping
søn. 27 jul. 2025 05.11.18 CEST | Watchdog-ping
søn. 27 jul. 2025 05.11.37 CEST | Watchdog-ping
søn. 27 jul. 2025 05.11.56 CEST | Watchdog-ping
søn. 27 jul. 2025 05.12.16 CEST | Watchdog-ping
søn. 27 jul. 2025 05.12.35 CEST | Watchdog-ping
søn. 27 jul. 2025 05.12.54 CEST | Watchdog-ping
søn. 27 jul. 2025 05.13.13 CEST | Watchdog-ping
søn. 27 jul. 2025 05.13.32 CEST | Watchdog-ping
søn. 27 jul. 2025 05.13.52 CEST | Watchdog-ping
søn. 27 jul. 2025 05.14.11 CEST | Watchdog-ping
søn. 27 jul. 2025 05.14.30 CEST | Watchdog-ping
søn. 27 jul. 2025 05.14.49 CEST | Watchdog-ping
søn. 27 jul. 2025 05.15.08 CEST | Watchdog-ping
søn. 27 jul. 2025 05.15.27 CEST | Watchdog-ping
søn. 27 jul. 2025 05.15.47 CEST | Watchdog-ping
søn. 27 jul. 2025 05.16.06 CEST | Watchdog-ping
søn. 27 jul. 2025 05.16.25 CEST | Watchdog-ping
søn. 27 jul. 2025 05.16.44 CEST | Watchdog-ping
søn. 27 jul. 2025 05.17.03 CEST | Watchdog-ping
søn. 27 jul. 2025 05.17.22 CEST | Watchdog-ping
søn. 27 jul. 2025 05.17.42 CEST | Watchdog-ping
søn. 27 jul. 2025 05.18.01 CEST | Watchdog-ping
søn. 27 jul. 2025 05.18.20 CEST | Watchdog-ping
søn. 27 jul. 2025 05.18.39 CEST | Watchdog-ping
søn. 27 jul. 2025 05.18.58 CEST | Watchdog-ping
søn. 27 jul. 2025 05.19.17 CEST | Watchdog-ping
søn. 27 jul. 2025 05.19.37 CEST | Watchdog-ping
søn. 27 jul. 2025 05.19.56 CEST | Watchdog-ping
Sun Jul 27 05:20:01 CEST 2025 | Watchdog-ping
søn. 27 jul. 2025 05.20.15 CEST | Watchdog-ping
søn. 27 jul. 2025 05.20.34 CEST | Watchdog-ping
søn. 27 jul. 2025 05.20.53 CEST | Watchdog-ping
søn. 27 jul. 2025 05.21.12 CEST | Watchdog-ping
søn. 27 jul. 2025 05.21.31 CEST | Watchdog-ping
søn. 27 jul. 2025 05.21.51 CEST | Watchdog-ping
søn. 27 jul. 2025 05.22.10 CEST | Watchdog-ping
søn. 27 jul. 2025 05.22.29 CEST | Watchdog-ping
søn. 27 jul. 2025 05.22.48 CEST | Watchdog-ping
søn. 27 jul. 2025 05.23.07 CEST | Watchdog-ping
søn. 27 jul. 2025 05.23.26 CEST | Watchdog-ping
søn. 27 jul. 2025 05.23.46 CEST | Watchdog-ping
søn. 27 jul. 2025 05.24.05 CEST | Watchdog-ping
søn. 27 jul. 2025 05.24.24 CEST | Watchdog-ping
søn. 27 jul. 2025 05.24.43 CEST | Watchdog-ping
søn. 27 jul. 2025 05.25.02 CEST | Watchdog-ping
søn. 27 jul. 2025 05.25.21 CEST | Watchdog-ping
søn. 27 jul. 2025 05.25.40 CEST | Watchdog-ping
søn. 27 jul. 2025 05.26.00 CEST | Watchdog-ping
søn. 27 jul. 2025 05.26.19 CEST | Watchdog-ping
søn. 27 jul. 2025 05.26.38 CEST | Watchdog-ping
søn. 27 jul. 2025 05.26.57 CEST | Watchdog-ping
søn. 27 jul. 2025 05.27.16 CEST | Watchdog-ping
søn. 27 jul. 2025 05.27.35 CEST | Watchdog-ping
søn. 27 jul. 2025 05.27.55 CEST | Watchdog-ping
søn. 27 jul. 2025 05.28.14 CEST | Watchdog-ping
søn. 27 jul. 2025 05.28.33 CEST | Watchdog-ping
søn. 27 jul. 2025 05.28.52 CEST | Watchdog-ping
søn. 27 jul. 2025 05.29.11 CEST | Watchdog-ping
søn. 27 jul. 2025 05.29.30 CEST | Watchdog-ping
søn. 27 jul. 2025 05.29.50 CEST | Watchdog-ping
søn. 27 jul. 2025 05.30.09 CEST | Watchdog-ping
søn. 27 jul. 2025 05.30.28 CEST | Watchdog-ping
søn. 27 jul. 2025 05.30.47 CEST | Watchdog-ping
søn. 27 jul. 2025 05.31.06 CEST | Watchdog-ping
søn. 27 jul. 2025 05.31.25 CEST | Watchdog-ping
søn. 27 jul. 2025 05.31.44 CEST | Watchdog-ping
søn. 27 jul. 2025 05.32.04 CEST | Watchdog-ping
søn. 27 jul. 2025 05.32.23 CEST | Watchdog-ping
søn. 27 jul. 2025 05.32.42 CEST | Watchdog-ping
søn. 27 jul. 2025 05.33.01 CEST | Watchdog-ping
søn. 27 jul. 2025 05.33.20 CEST | Watchdog-ping
søn. 27 jul. 2025 05.33.39 CEST | Watchdog-ping
søn. 27 jul. 2025 05.33.59 CEST | Watchdog-ping
søn. 27 jul. 2025 05.34.18 CEST | Watchdog-ping
søn. 27 jul. 2025 05.34.37 CEST | Watchdog-ping
søn. 27 jul. 2025 05.34.56 CEST | Watchdog-ping
søn. 27 jul. 2025 05.35.15 CEST | Watchdog-ping
søn. 27 jul. 2025 05.35.34 CEST | Watchdog-ping
søn. 27 jul. 2025 05.35.53 CEST | Watchdog-ping
søn. 27 jul. 2025 05.36.13 CEST | Watchdog-ping
søn. 27 jul. 2025 05.36.32 CEST | Watchdog-ping
søn. 27 jul. 2025 05.36.51 CEST | Watchdog-ping
søn. 27 jul. 2025 05.37.10 CEST | Watchdog-ping
søn. 27 jul. 2025 05.37.29 CEST | Watchdog-ping
søn. 27 jul. 2025 05.37.48 CEST | Watchdog-ping
søn. 27 jul. 2025 05.38.07 CEST | Watchdog-ping
søn. 27 jul. 2025 05.38.27 CEST | Watchdog-ping
søn. 27 jul. 2025 05.38.46 CEST | Watchdog-ping
søn. 27 jul. 2025 05.39.05 CEST | Watchdog-ping
søn. 27 jul. 2025 05.39.24 CEST | Watchdog-ping
søn. 27 jul. 2025 05.39.43 CEST | Watchdog-ping
Sun Jul 27 05:40:01 CEST 2025 | Watchdog-ping
søn. 27 jul. 2025 05.40.02 CEST | Watchdog-ping
søn. 27 jul. 2025 05.40.22 CEST | Watchdog-ping
søn. 27 jul. 2025 05.40.41 CEST | Watchdog-ping
søn. 27 jul. 2025 05.41.00 CEST | Watchdog-ping
søn. 27 jul. 2025 05.41.19 CEST | Watchdog-ping
søn. 27 jul. 2025 05.41.38 CEST | Watchdog-ping
søn. 27 jul. 2025 05.41.57 CEST | Watchdog-ping
søn. 27 jul. 2025 05.42.16 CEST | Watchdog-ping
søn. 27 jul. 2025 05.42.36 CEST | Watchdog-ping
søn. 27 jul. 2025 05.42.55 CEST | Watchdog-ping
søn. 27 jul. 2025 05.43.14 CEST | Watchdog-ping
søn. 27 jul. 2025 05.43.33 CEST | Watchdog-ping
søn. 27 jul. 2025 05.43.52 CEST | Watchdog-ping
søn. 27 jul. 2025 05.44.11 CEST | Watchdog-ping
søn. 27 jul. 2025 05.44.31 CEST | Watchdog-ping
søn. 27 jul. 2025 05.44.50 CEST | Watchdog-ping
søn. 27 jul. 2025 05.45.09 CEST | Watchdog-ping
søn. 27 jul. 2025 05.45.28 CEST | Watchdog-ping
søn. 27 jul. 2025 05.45.47 CEST | Watchdog-ping
søn. 27 jul. 2025 05.46.06 CEST | Watchdog-ping
søn. 27 jul. 2025 05.46.25 CEST | Watchdog-ping
søn. 27 jul. 2025 05.46.45 CEST | Watchdog-ping
søn. 27 jul. 2025 05.47.04 CEST | Watchdog-ping
søn. 27 jul. 2025 05.47.23 CEST | Watchdog-ping
søn. 27 jul. 2025 05.47.42 CEST | Watchdog-ping
søn. 27 jul. 2025 05.48.01 CEST | Watchdog-ping
søn. 27 jul. 2025 05.48.20 CEST | Watchdog-ping
søn. 27 jul. 2025 05.48.39 CEST | Watchdog-ping
søn. 27 jul. 2025 05.48.59 CEST | Watchdog-ping
søn. 27 jul. 2025 05.49.18 CEST | Watchdog-ping
søn. 27 jul. 2025 05.49.37 CEST | Watchdog-ping
søn. 27 jul. 2025 05.49.56 CEST | Watchdog-ping
søn. 27 jul. 2025 05.50.15 CEST | Watchdog-ping
søn. 27 jul. 2025 05.50.34 CEST | Watchdog-ping
søn. 27 jul. 2025 05.50.54 CEST | Watchdog-ping
søn. 27 jul. 2025 05.51.13 CEST | Watchdog-ping
søn. 27 jul. 2025 05.51.32 CEST | Watchdog-ping
søn. 27 jul. 2025 05.51.51 CEST | Watchdog-ping
søn. 27 jul. 2025 05.52.10 CEST | Watchdog-ping
søn. 27 jul. 2025 05.52.29 CEST | Watchdog-ping
søn. 27 jul. 2025 05.52.49 CEST | Watchdog-ping
søn. 27 jul. 2025 05.53.08 CEST | Watchdog-ping
søn. 27 jul. 2025 05.53.27 CEST | Watchdog-ping
søn. 27 jul. 2025 05.53.46 CEST | Watchdog-ping
søn. 27 jul. 2025 05.54.05 CEST | Watchdog-ping
søn. 27 jul. 2025 05.54.24 CEST | Watchdog-ping
søn. 27 jul. 2025 05.54.43 CEST | Watchdog-ping
søn. 27 jul. 2025 05.55.03 CEST | Watchdog-ping
søn. 27 jul. 2025 05.55.22 CEST | Watchdog-ping
søn. 27 jul. 2025 05.55.41 CEST | Watchdog-ping
søn. 27 jul. 2025 05.56.00 CEST | Watchdog-ping
søn. 27 jul. 2025 05.56.19 CEST | Watchdog-ping
søn. 27 jul. 2025 05.56.38 CEST | Watchdog-ping
søn. 27 jul. 2025 05.56.58 CEST | Watchdog-ping
søn. 27 jul. 2025 05.57.17 CEST | Watchdog-ping
søn. 27 jul. 2025 05.57.36 CEST | Watchdog-ping
søn. 27 jul. 2025 05.57.55 CEST | Watchdog-ping
søn. 27 jul. 2025 05.58.14 CEST | Watchdog-ping
søn. 27 jul. 2025 05.58.33 CEST | Watchdog-ping
søn. 27 jul. 2025 05.58.52 CEST | Watchdog-ping
søn. 27 jul. 2025 05.59.12 CEST | Watchdog-ping
søn. 27 jul. 2025 05.59.31 CEST | Watchdog-ping
søn. 27 jul. 2025 05.59.50 CEST | Watchdog-ping
Sun Jul 27 06:00:00 CEST 2025 | Watchdog-ping
søn. 27 jul. 2025 06.00.09 CEST | Watchdog-ping
søn. 27 jul. 2025 06.00.28 CEST | Watchdog-ping
søn. 27 jul. 2025 06.00.47 CEST | Watchdog-ping
søn. 27 jul. 2025 06.01.07 CEST | Watchdog-ping
søn. 27 jul. 2025 06.01.26 CEST | Watchdog-ping
søn. 27 jul. 2025 06.01.45 CEST | Watchdog-ping
søn. 27 jul. 2025 06.02.04 CEST | Watchdog-ping
søn. 27 jul. 2025 06.02.23 CEST | Watchdog-ping
søn. 27 jul. 2025 06.02.42 CEST | Watchdog-ping
søn. 27 jul. 2025 06.03.01 CEST | Watchdog-ping
søn. 27 jul. 2025 06.03.21 CEST | Watchdog-ping
søn. 27 jul. 2025 06.03.40 CEST | Watchdog-ping
søn. 27 jul. 2025 06.03.59 CEST | Watchdog-ping
søn. 27 jul. 2025 06.04.18 CEST | Watchdog-ping
søn. 27 jul. 2025 06.04.37 CEST | Watchdog-ping
søn. 27 jul. 2025 06.04.56 CEST | Watchdog-ping
søn. 27 jul. 2025 06.05.16 CEST | Watchdog-ping
søn. 27 jul. 2025 06.05.35 CEST | Watchdog-ping
søn. 27 jul. 2025 06.05.54 CEST | Watchdog-ping
søn. 27 jul. 2025 06.06.13 CEST | Watchdog-ping
søn. 27 jul. 2025 06.06.32 CEST | Watchdog-ping
søn. 27 jul. 2025 06.06.51 CEST | Watchdog-ping
søn. 27 jul. 2025 06.07.10 CEST | Watchdog-ping
søn. 27 jul. 2025 06.07.30 CEST | Watchdog-ping
søn. 27 jul. 2025 06.07.49 CEST | Watchdog-ping
søn. 27 jul. 2025 06.08.08 CEST | Watchdog-ping
søn. 27 jul. 2025 06.08.27 CEST | Watchdog-ping
søn. 27 jul. 2025 06.08.46 CEST | Watchdog-ping
søn. 27 jul. 2025 06.09.05 CEST | Watchdog-ping
søn. 27 jul. 2025 06.09.24 CEST | Watchdog-ping
søn. 27 jul. 2025 06.09.44 CEST | Watchdog-ping
søn. 27 jul. 2025 06.10.03 CEST | Watchdog-ping
søn. 27 jul. 2025 06.10.22 CEST | Watchdog-ping
søn. 27 jul. 2025 06.10.41 CEST | Watchdog-ping
søn. 27 jul. 2025 06.11.00 CEST | Watchdog-ping
søn. 27 jul. 2025 06.11.19 CEST | Watchdog-ping
søn. 27 jul. 2025 06.11.38 CEST | Watchdog-ping
søn. 27 jul. 2025 06.11.58 CEST | Watchdog-ping
søn. 27 jul. 2025 06.12.17 CEST | Watchdog-ping
søn. 27 jul. 2025 06.12.36 CEST | Watchdog-ping
søn. 27 jul. 2025 06.12.55 CEST | Watchdog-ping
søn. 27 jul. 2025 06.13.14 CEST | Watchdog-ping
søn. 27 jul. 2025 06.13.33 CEST | Watchdog-ping
søn. 27 jul. 2025 06.13.53 CEST | Watchdog-ping
søn. 27 jul. 2025 06.14.12 CEST | Watchdog-ping
søn. 27 jul. 2025 06.14.31 CEST | Watchdog-ping
søn. 27 jul. 2025 06.14.50 CEST | Watchdog-ping
søn. 27 jul. 2025 06.15.09 CEST | Watchdog-ping
søn. 27 jul. 2025 06.15.28 CEST | Watchdog-ping
søn. 27 jul. 2025 06.15.48 CEST | Watchdog-ping
søn. 27 jul. 2025 06.16.07 CEST | Watchdog-ping
søn. 27 jul. 2025 06.16.26 CEST | Watchdog-ping
søn. 27 jul. 2025 06.16.45 CEST | Watchdog-ping
søn. 27 jul. 2025 06.17.04 CEST | Watchdog-ping
søn. 27 jul. 2025 06.17.23 CEST | Watchdog-ping
søn. 27 jul. 2025 06.17.42 CEST | Watchdog-ping
søn. 27 jul. 2025 06.18.02 CEST | Watchdog-ping
søn. 27 jul. 2025 06.18.21 CEST | Watchdog-ping
søn. 27 jul. 2025 06.18.40 CEST | Watchdog-ping
søn. 27 jul. 2025 06.18.59 CEST | Watchdog-ping
søn. 27 jul. 2025 06.19.18 CEST | Watchdog-ping
søn. 27 jul. 2025 06.19.37 CEST | Watchdog-ping
søn. 27 jul. 2025 06.19.56 CEST | Watchdog-ping
Sun Jul 27 06:20:00 CEST 2025 | Watchdog-ping
søn. 27 jul. 2025 06.20.16 CEST | Watchdog-ping
søn. 27 jul. 2025 06.20.35 CEST | Watchdog-ping
søn. 27 jul. 2025 06.20.54 CEST | Watchdog-ping
søn. 27 jul. 2025 06.21.13 CEST | Watchdog-ping
søn. 27 jul. 2025 06.21.32 CEST | Watchdog-ping
søn. 27 jul. 2025 06.21.51 CEST | Watchdog-ping
søn. 27 jul. 2025 06.22.10 CEST | Watchdog-ping
søn. 27 jul. 2025 06.22.30 CEST | Watchdog-ping
søn. 27 jul. 2025 06.22.49 CEST | Watchdog-ping
søn. 27 jul. 2025 06.23.08 CEST | Watchdog-ping
søn. 27 jul. 2025 06.23.27 CEST | Watchdog-ping
søn. 27 jul. 2025 06.23.46 CEST | Watchdog-ping
søn. 27 jul. 2025 06.24.05 CEST | Watchdog-ping
søn. 27 jul. 2025 06.24.24 CEST | Watchdog-ping
søn. 27 jul. 2025 06.24.44 CEST | Watchdog-ping
søn. 27 jul. 2025 06.25.03 CEST | Watchdog-ping
søn. 27 jul. 2025 06.25.22 CEST | Watchdog-ping
søn. 27 jul. 2025 06.25.41 CEST | Watchdog-ping
søn. 27 jul. 2025 06.26.00 CEST | Watchdog-ping
søn. 27 jul. 2025 06.26.19 CEST | Watchdog-ping
søn. 27 jul. 2025 06.26.38 CEST | Watchdog-ping
søn. 27 jul. 2025 06.26.58 CEST | Watchdog-ping
søn. 27 jul. 2025 06.27.17 CEST | Watchdog-ping
søn. 27 jul. 2025 06.27.36 CEST | Watchdog-ping
søn. 27 jul. 2025 06.27.55 CEST | Watchdog-ping
søn. 27 jul. 2025 06.28.14 CEST | Watchdog-ping
søn. 27 jul. 2025 06.28.33 CEST | Watchdog-ping
søn. 27 jul. 2025 06.28.52 CEST | Watchdog-ping
søn. 27 jul. 2025 06.29.12 CEST | Watchdog-ping
søn. 27 jul. 2025 06.29.31 CEST | Watchdog-ping
søn. 27 jul. 2025 06.29.50 CEST | Watchdog-ping
søn. 27 jul. 2025 06.30.09 CEST | Watchdog-ping
søn. 27 jul. 2025 06.30.28 CEST | Watchdog-ping
søn. 27 jul. 2025 06.30.47 CEST | Watchdog-ping
søn. 27 jul. 2025 06.31.07 CEST | Watchdog-ping
søn. 27 jul. 2025 06.31.26 CEST | Watchdog-ping
søn. 27 jul. 2025 06.31.45 CEST | Watchdog-ping
søn. 27 jul. 2025 06.32.04 CEST | Watchdog-ping
søn. 27 jul. 2025 06.32.23 CEST | Watchdog-ping
søn. 27 jul. 2025 06.32.42 CEST | Watchdog-ping
søn. 27 jul. 2025 06.33.01 CEST | Watchdog-ping
søn. 27 jul. 2025 06.33.21 CEST | Watchdog-ping
søn. 27 jul. 2025 06.33.40 CEST | Watchdog-ping
søn. 27 jul. 2025 06.33.59 CEST | Watchdog-ping
søn. 27 jul. 2025 06.34.18 CEST | Watchdog-ping
søn. 27 jul. 2025 06.34.37 CEST | Watchdog-ping
søn. 27 jul. 2025 06.34.56 CEST | Watchdog-ping
søn. 27 jul. 2025 06.35.16 CEST | Watchdog-ping
søn. 27 jul. 2025 06.35.35 CEST | Watchdog-ping
søn. 27 jul. 2025 06.35.54 CEST | Watchdog-ping
søn. 27 jul. 2025 06.36.13 CEST | Watchdog-ping
søn. 27 jul. 2025 06.36.32 CEST | Watchdog-ping
søn. 27 jul. 2025 06.36.51 CEST | Watchdog-ping
søn. 27 jul. 2025 06.37.10 CEST | Watchdog-ping
søn. 27 jul. 2025 06.37.30 CEST | Watchdog-ping
søn. 27 jul. 2025 06.37.49 CEST | Watchdog-ping
søn. 27 jul. 2025 06.38.08 CEST | Watchdog-ping
søn. 27 jul. 2025 06.38.27 CEST | Watchdog-ping
søn. 27 jul. 2025 06.38.46 CEST | Watchdog-ping
søn. 27 jul. 2025 06.39.05 CEST | Watchdog-ping
søn. 27 jul. 2025 06.39.24 CEST | Watchdog-ping
søn. 27 jul. 2025 06.39.44 CEST | Watchdog-ping
Sun Jul 27 06:40:00 CEST 2025 | Watchdog-ping
søn. 27 jul. 2025 06.40.03 CEST | Watchdog-ping
søn. 27 jul. 2025 06.40.22 CEST | Watchdog-ping
søn. 27 jul. 2025 06.40.41 CEST | Watchdog-ping
søn. 27 jul. 2025 06.41.00 CEST | Watchdog-ping
søn. 27 jul. 2025 06.41.19 CEST | Watchdog-ping
søn. 27 jul. 2025 06.41.38 CEST | Watchdog-ping
søn. 27 jul. 2025 06.41.58 CEST | Watchdog-ping
søn. 27 jul. 2025 06.42.17 CEST | Watchdog-ping
søn. 27 jul. 2025 06.42.36 CEST | Watchdog-ping
søn. 27 jul. 2025 06.42.55 CEST | Watchdog-ping
søn. 27 jul. 2025 06.43.14 CEST | Watchdog-ping
søn. 27 jul. 2025 06.43.33 CEST | Watchdog-ping
søn. 27 jul. 2025 06.43.53 CEST | Watchdog-ping
søn. 27 jul. 2025 06.44.12 CEST | Watchdog-ping
søn. 27 jul. 2025 06.44.31 CEST | Watchdog-ping
søn. 27 jul. 2025 06.44.50 CEST | Watchdog-ping
søn. 27 jul. 2025 06.45.09 CEST | Watchdog-ping
søn. 27 jul. 2025 06.45.28 CEST | Watchdog-ping
søn. 27 jul. 2025 06.45.47 CEST | Watchdog-ping
søn. 27 jul. 2025 06.46.07 CEST | Watchdog-ping
søn. 27 jul. 2025 06.46.26 CEST | Watchdog-ping
søn. 27 jul. 2025 06.46.45 CEST | Watchdog-ping
søn. 27 jul. 2025 06.47.04 CEST | Watchdog-ping
søn. 27 jul. 2025 06.47.23 CEST | Watchdog-ping
søn. 27 jul. 2025 06.47.42 CEST | Watchdog-ping
søn. 27 jul. 2025 06.48.02 CEST | Watchdog-ping
søn. 27 jul. 2025 06.48.21 CEST | Watchdog-ping
søn. 27 jul. 2025 06.48.40 CEST | Watchdog-ping
søn. 27 jul. 2025 06.48.59 CEST | Watchdog-ping
søn. 27 jul. 2025 06.49.18 CEST | Watchdog-ping
søn. 27 jul. 2025 06.49.37 CEST | Watchdog-ping
søn. 27 jul. 2025 06.49.56 CEST | Watchdog-ping
søn. 27 jul. 2025 06.50.16 CEST | Watchdog-ping
søn. 27 jul. 2025 06.50.35 CEST | Watchdog-ping
søn. 27 jul. 2025 06.50.54 CEST | Watchdog-ping
søn. 27 jul. 2025 06.51.13 CEST | Watchdog-ping
søn. 27 jul. 2025 06.51.32 CEST | Watchdog-ping
søn. 27 jul. 2025 06.51.51 CEST | Watchdog-ping
søn. 27 jul. 2025 06.52.11 CEST | Watchdog-ping
søn. 27 jul. 2025 06.52.30 CEST | Watchdog-ping
søn. 27 jul. 2025 06.52.49 CEST | Watchdog-ping
søn. 27 jul. 2025 06.53.08 CEST | Watchdog-ping
søn. 27 jul. 2025 06.53.27 CEST | Watchdog-ping
søn. 27 jul. 2025 06.53.46 CEST | Watchdog-ping
søn. 27 jul. 2025 06.54.05 CEST | Watchdog-ping
søn. 27 jul. 2025 06.54.25 CEST | Watchdog-ping
søn. 27 jul. 2025 06.54.44 CEST | Watchdog-ping
søn. 27 jul. 2025 06.55.03 CEST | Watchdog-ping
søn. 27 jul. 2025 06.55.22 CEST | Watchdog-ping
søn. 27 jul. 2025 06.55.41 CEST | Watchdog-ping
søn. 27 jul. 2025 06.56.00 CEST | Watchdog-ping
søn. 27 jul. 2025 06.56.20 CEST | Watchdog-ping
søn. 27 jul. 2025 06.56.39 CEST | Watchdog-ping
søn. 27 jul. 2025 06.56.58 CEST | Watchdog-ping
søn. 27 jul. 2025 06.57.17 CEST | Watchdog-ping
søn. 27 jul. 2025 06.57.36 CEST | Watchdog-ping
søn. 27 jul. 2025 06.57.55 CEST | Watchdog-ping
søn. 27 jul. 2025 06.58.14 CEST | Watchdog-ping
søn. 27 jul. 2025 06.58.34 CEST | Watchdog-ping
søn. 27 jul. 2025 06.58.53 CEST | Watchdog-ping
søn. 27 jul. 2025 06.59.12 CEST | Watchdog-ping
søn. 27 jul. 2025 06.59.31 CEST | Watchdog-ping
søn. 27 jul. 2025 06.59.50 CEST | Watchdog-ping
Sun Jul 27 07:00:00 CEST 2025 | Watchdog-ping
