Internett nede Thu Jul 17 06:00:03 CEST 2025
Internett nede Thu Jul 17 06:00:03 CEST 2025
Internett nede Thu Jul 17 06:00:04 CEST 2025
Internett nede Thu Jul 17 06:30:09 CEST 2025
Internett nede Thu Jul 17 06:30:09 CEST 2025
Internett nede Thu Jul 17 06:30:09 CEST 2025
Internett nede Thu Jul 17 07:00:05 CEST 2025
Internett nede Thu Jul 17 07:00:05 CEST 2025
Internett nede Thu Jul 17 07:00:05 CEST 2025
Internett nede Thu Jul 17 07:30:02 CEST 2025
Internett nede Thu Jul 17 07:30:02 CEST 2025
Internett nede Thu Jul 17 07:30:02 CEST 2025
Internett nede Thu Jul 17 08:00:02 CEST 2025
Internett nede Thu Jul 17 08:00:02 CEST 2025
Internett nede Thu Jul 17 08:00:02 CEST 2025
Internett nede Thu Jul 17 08:30:03 CEST 2025
Internett nede Thu Jul 17 08:30:03 CEST 2025
Internett nede Thu Jul 17 08:30:03 CEST 2025
Internett nede Thu Jul 17 09:00:03 CEST 2025
Internett nede Thu Jul 17 09:00:03 CEST 2025
Internett nede Thu Jul 17 09:00:03 CEST 2025
Internett nede Thu Jul 17 09:30:03 CEST 2025
Internett nede Thu Jul 17 09:30:03 CEST 2025
Internett nede Thu Jul 17 09:30:03 CEST 2025
Internett nede Thu Jul 17 10:00:02 CEST 2025
Internett nede Thu Jul 17 10:00:02 CEST 2025
Internett nede Thu Jul 17 10:00:02 CEST 2025
Internett nede Thu Jul 17 10:30:03 CEST 2025
Internett nede Thu Jul 17 10:30:03 CEST 2025
Internett nede Thu Jul 17 10:30:03 CEST 2025
Internett nede Thu Jul 17 11:00:03 CEST 2025
Internett nede Thu Jul 17 11:00:03 CEST 2025
Internett nede Thu Jul 17 11:00:03 CEST 2025
Internett nede Thu Jul 17 11:30:02 CEST 2025
Internett nede Thu Jul 17 11:30:02 CEST 2025
Internett nede Thu Jul 17 11:30:02 CEST 2025
Internett nede Thu Jul 17 12:00:03 CEST 2025
Internett nede Thu Jul 17 12:00:03 CEST 2025
Internett nede Thu Jul 17 12:00:03 CEST 2025
Internett nede Thu Jul 17 12:30:02 CEST 2025
Internett nede Thu Jul 17 12:30:02 CEST 2025
Internett nede Thu Jul 17 12:30:02 CEST 2025
Internett nede Thu Jul 17 13:00:02 CEST 2025
Internett nede Thu Jul 17 13:00:02 CEST 2025
Internett nede Thu Jul 17 13:00:02 CEST 2025
Internett nede Thu Jul 17 13:30:03 CEST 2025
Internett nede Thu Jul 17 13:30:03 CEST 2025
Internett nede Thu Jul 17 13:30:03 CEST 2025
Internett nede Thu Jul 17 14:00:02 CEST 2025
Internett nede Thu Jul 17 14:00:02 CEST 2025
Internett nede Thu Jul 17 14:00:02 CEST 2025
Internett nede Thu Jul 17 14:30:03 CEST 2025
Internett nede Thu Jul 17 14:30:03 CEST 2025
Internett nede Thu Jul 17 14:30:03 CEST 2025
Internett nede Thu Jul 17 15:00:02 CEST 2025
Internett nede Thu Jul 17 15:00:02 CEST 2025
Internett nede Thu Jul 17 15:00:02 CEST 2025
Internett nede Thu Jul 17 15:30:02 CEST 2025
Internett nede Thu Jul 17 15:30:02 CEST 2025
Internett nede Thu Jul 17 15:30:02 CEST 2025
Internett nede Thu Jul 17 16:00:02 CEST 2025
Internett nede Thu Jul 17 16:00:02 CEST 2025
Internett nede Thu Jul 17 16:00:02 CEST 2025
Internett nede Thu Jul 17 16:30:02 CEST 2025
Internett nede Thu Jul 17 16:30:02 CEST 2025
Internett nede Thu Jul 17 16:30:02 CEST 2025
Internett nede Thu Jul 17 17:00:03 CEST 2025
Internett nede Thu Jul 17 17:00:03 CEST 2025
Internett nede Thu Jul 17 17:00:03 CEST 2025
Internett nede Thu Jul 17 17:30:02 CEST 2025
Internett nede Thu Jul 17 17:30:02 CEST 2025
Internett nede Thu Jul 17 17:30:02 CEST 2025
Internett nede Thu Jul 17 18:00:05 CEST 2025
Internett nede Thu Jul 17 18:00:05 CEST 2025
Internett nede Thu Jul 17 18:00:05 CEST 2025
Internett nede Thu Jul 17 18:30:03 CEST 2025
Internett nede Thu Jul 17 18:30:03 CEST 2025
Internett nede Thu Jul 17 18:30:03 CEST 2025
Internett nede Thu Jul 17 19:00:02 CEST 2025
Internett nede Thu Jul 17 19:00:02 CEST 2025
Internett nede Thu Jul 17 19:00:02 CEST 2025
Internett nede Thu Jul 17 19:30:02 CEST 2025
Internett nede Thu Jul 17 19:30:02 CEST 2025
Internett nede Thu Jul 17 19:30:02 CEST 2025
Internett nede Thu Jul 17 20:00:02 CEST 2025
Internett nede Thu Jul 17 20:00:02 CEST 2025
Internett nede Thu Jul 17 20:00:02 CEST 2025
Internett nede Thu Jul 17 20:30:02 CEST 2025
Internett nede Thu Jul 17 20:30:02 CEST 2025
Internett nede Thu Jul 17 20:30:02 CEST 2025
Internett nede Thu Jul 17 21:00:02 CEST 2025
Internett nede Thu Jul 17 21:00:02 CEST 2025
Internett nede Thu Jul 17 21:00:02 CEST 2025
Internett nede Thu Jul 17 21:30:02 CEST 2025
Internett nede Thu Jul 17 21:30:02 CEST 2025
Internett nede Thu Jul 17 21:30:02 CEST 2025
Internett nede Thu Jul 17 22:00:02 CEST 2025
Internett nede Thu Jul 17 22:00:02 CEST 2025
Internett nede Thu Jul 17 22:00:02 CEST 2025
Internett nede Thu Jul 17 22:30:02 CEST 2025
Internett nede Thu Jul 17 22:30:02 CEST 2025
Internett nede Thu Jul 17 22:30:02 CEST 2025
Internett nede Thu Jul 17 23:00:04 CEST 2025
Internett nede Thu Jul 17 23:00:04 CEST 2025
Internett nede Thu Jul 17 23:00:04 CEST 2025
Internett nede Fri Jul 18 04:30:02 CEST 2025
Internett nede Fri Jul 18 04:30:02 CEST 2025
Internett nede Fri Jul 18 04:30:02 CEST 2025
Internett nede Fri Jul 18 05:00:05 CEST 2025
Internett nede Fri Jul 18 05:00:05 CEST 2025
Internett nede Fri Jul 18 05:00:05 CEST 2025
Internett nede Fri Jul 18 05:30:02 CEST 2025
Internett nede Fri Jul 18 05:30:02 CEST 2025
Internett nede Fri Jul 18 05:30:02 CEST 2025
Internett nede Fri Jul 18 06:00:03 CEST 2025
Internett nede Fri Jul 18 06:00:03 CEST 2025
Internett nede Fri Jul 18 06:00:03 CEST 2025
Internett nede Fri Jul 18 06:30:02 CEST 2025
Internett nede Fri Jul 18 06:30:02 CEST 2025
Internett nede Fri Jul 18 06:30:02 CEST 2025
Internett nede Fri Jul 18 07:00:04 CEST 2025
Internett nede Fri Jul 18 07:00:04 CEST 2025
Internett nede Fri Jul 18 07:00:04 CEST 2025
Internett nede Fri Jul 18 07:30:03 CEST 2025
Internett nede Fri Jul 18 07:30:03 CEST 2025
Internett nede Fri Jul 18 07:30:03 CEST 2025
Internett nede Fri Jul 18 08:00:02 CEST 2025
Internett nede Fri Jul 18 08:00:02 CEST 2025
Internett nede Fri Jul 18 08:00:02 CEST 2025
Internett nede Fri Jul 18 08:30:03 CEST 2025
Internett nede Fri Jul 18 08:30:03 CEST 2025
Internett nede Fri Jul 18 08:30:03 CEST 2025
Internett nede Fri Jul 18 09:00:02 CEST 2025
Internett nede Fri Jul 18 09:00:02 CEST 2025
Internett nede Fri Jul 18 09:00:02 CEST 2025
Internett nede Fri Jul 18 09:30:02 CEST 2025
Internett nede Fri Jul 18 09:30:02 CEST 2025
Internett nede Fri Jul 18 09:30:02 CEST 2025
Internett nede Fri Jul 18 10:00:03 CEST 2025
Internett nede Fri Jul 18 10:00:03 CEST 2025
Internett nede Fri Jul 18 10:00:03 CEST 2025
Internett nede Fri Jul 18 10:30:03 CEST 2025
Internett nede Fri Jul 18 10:30:03 CEST 2025
Internett nede Fri Jul 18 10:30:03 CEST 2025
Internett nede Fri Jul 18 11:00:02 CEST 2025
Internett nede Fri Jul 18 11:00:02 CEST 2025
Internett nede Fri Jul 18 11:00:02 CEST 2025
Internett nede Fri Jul 18 11:30:02 CEST 2025
Internett nede Fri Jul 18 11:30:02 CEST 2025
Internett nede Fri Jul 18 11:30:02 CEST 2025
Internett nede Fri Jul 18 12:00:02 CEST 2025
Internett nede Fri Jul 18 12:00:02 CEST 2025
Internett nede Fri Jul 18 12:00:02 CEST 2025
Internett nede Fri Jul 18 12:30:03 CEST 2025
Internett nede Fri Jul 18 12:30:03 CEST 2025
Internett nede Fri Jul 18 12:30:03 CEST 2025
Internett nede Fri Jul 18 13:00:03 CEST 2025
Internett nede Fri Jul 18 13:00:03 CEST 2025
Internett nede Fri Jul 18 13:00:03 CEST 2025
Internett nede Fri Jul 18 13:30:02 CEST 2025
Internett nede Fri Jul 18 13:30:02 CEST 2025
Internett nede Fri Jul 18 13:30:02 CEST 2025
Internett nede Fri Jul 18 14:00:02 CEST 2025
Internett nede Fri Jul 18 14:00:02 CEST 2025
Internett nede Fri Jul 18 14:00:02 CEST 2025
Internett nede Fri Jul 18 14:30:02 CEST 2025
Internett nede Fri Jul 18 14:30:02 CEST 2025
Internett nede Fri Jul 18 14:30:02 CEST 2025
Internett nede Fri Jul 18 15:00:02 CEST 2025
Internett nede Fri Jul 18 15:00:02 CEST 2025
Internett nede Fri Jul 18 15:00:02 CEST 2025
Internett nede Fri Jul 18 15:30:02 CEST 2025
Internett nede Fri Jul 18 15:30:02 CEST 2025
Internett nede Fri Jul 18 15:30:02 CEST 2025
Internett nede Fri Jul 18 16:00:02 CEST 2025
Internett nede Fri Jul 18 16:00:02 CEST 2025
Internett nede Fri Jul 18 16:00:02 CEST 2025
Internett nede Fri Jul 18 16:30:02 CEST 2025
Internett nede Fri Jul 18 16:30:02 CEST 2025
Internett nede Fri Jul 18 16:30:02 CEST 2025
Internett nede Fri Jul 18 17:00:02 CEST 2025
Internett nede Fri Jul 18 17:00:02 CEST 2025
Internett nede Fri Jul 18 17:00:02 CEST 2025
Internett nede Fri Jul 18 17:30:02 CEST 2025
Internett nede Fri Jul 18 17:30:02 CEST 2025
Internett nede Fri Jul 18 17:30:02 CEST 2025
Internett nede Fri Jul 18 18:00:03 CEST 2025
Internett nede Fri Jul 18 18:00:03 CEST 2025
Internett nede Fri Jul 18 18:00:03 CEST 2025
Internett nede Fri Jul 18 18:30:02 CEST 2025
Internett nede Fri Jul 18 18:30:02 CEST 2025
Internett nede Fri Jul 18 18:30:02 CEST 2025
Internett nede Fri Jul 18 19:00:02 CEST 2025
Internett nede Fri Jul 18 19:00:02 CEST 2025
Internett nede Fri Jul 18 19:00:02 CEST 2025
Internett nede Fri Jul 18 19:30:02 CEST 2025
Internett nede Fri Jul 18 19:30:02 CEST 2025
Internett nede Fri Jul 18 19:30:02 CEST 2025
Internett nede Fri Jul 18 20:00:02 CEST 2025
Internett nede Fri Jul 18 20:00:02 CEST 2025
Internett nede Fri Jul 18 20:00:02 CEST 2025
Internett nede Fri Jul 18 20:30:03 CEST 2025
Internett nede Fri Jul 18 20:30:03 CEST 2025
Internett nede Fri Jul 18 20:30:03 CEST 2025
Internett nede Fri Jul 18 21:00:02 CEST 2025
Internett nede Fri Jul 18 21:00:02 CEST 2025
Internett nede Fri Jul 18 21:00:02 CEST 2025
Internett nede Fri Jul 18 21:30:05 CEST 2025
Internett nede Fri Jul 18 21:30:05 CEST 2025
Internett nede Fri Jul 18 21:30:05 CEST 2025
Internett nede Fri Jul 18 22:00:02 CEST 2025
Internett nede Fri Jul 18 22:00:02 CEST 2025
Internett nede Fri Jul 18 22:00:02 CEST 2025
Internett nede Fri Jul 18 22:30:03 CEST 2025
Internett nede Fri Jul 18 22:30:03 CEST 2025
Internett nede Fri Jul 18 22:30:03 CEST 2025
Internett nede Fri Jul 18 23:00:03 CEST 2025
Internett nede Fri Jul 18 23:00:03 CEST 2025
Internett nede Fri Jul 18 23:00:03 CEST 2025
Internett nede Fri Jul 18 23:30:03 CEST 2025
Internett nede Fri Jul 18 23:30:03 CEST 2025
Internett nede Fri Jul 18 23:30:03 CEST 2025
Internett nede Sat Jul 19 00:00:02 CEST 2025
Internett nede Sat Jul 19 00:00:02 CEST 2025
Internett nede Sat Jul 19 00:00:02 CEST 2025
Internett nede Sat Jul 19 00:30:02 CEST 2025
Internett nede Sat Jul 19 00:30:02 CEST 2025
Internett nede Sat Jul 19 00:30:02 CEST 2025
Internett nede Sat Jul 19 01:00:02 CEST 2025
Internett nede Sat Jul 19 01:00:02 CEST 2025
Internett nede Sat Jul 19 01:00:02 CEST 2025
Internett nede Sat Jul 19 01:30:02 CEST 2025
Internett nede Sat Jul 19 01:30:02 CEST 2025
Internett nede Sat Jul 19 01:30:02 CEST 2025
Internett nede Sat Jul 19 02:00:02 CEST 2025
Internett nede Sat Jul 19 02:00:02 CEST 2025
Internett nede Sat Jul 19 02:00:02 CEST 2025
Internett nede Sat Jul 19 02:30:03 CEST 2025
Internett nede Sat Jul 19 02:30:03 CEST 2025
Internett nede Sat Jul 19 02:30:03 CEST 2025
Internett nede Sat Jul 19 03:00:02 CEST 2025
Internett nede Sat Jul 19 03:00:02 CEST 2025
Internett nede Sat Jul 19 03:00:02 CEST 2025
Internett nede Sat Jul 19 03:30:03 CEST 2025
Internett nede Sat Jul 19 03:30:03 CEST 2025
Internett nede Sat Jul 19 03:30:03 CEST 2025
Internett nede Sat Jul 19 04:00:03 CEST 2025
Internett nede Sat Jul 19 04:00:03 CEST 2025
Internett nede Sat Jul 19 04:00:03 CEST 2025
Internett nede Sat Jul 19 04:30:03 CEST 2025
Internett nede Sat Jul 19 04:30:03 CEST 2025
Internett nede Sat Jul 19 04:30:03 CEST 2025
Internett nede Sat Jul 19 05:00:04 CEST 2025
Internett nede Sat Jul 19 05:00:04 CEST 2025
Internett nede Sat Jul 19 05:00:04 CEST 2025
Internett nede Sat Jul 19 05:30:02 CEST 2025
Internett nede Sat Jul 19 05:30:02 CEST 2025
Internett nede Sat Jul 19 05:30:02 CEST 2025
Internett nede Sat Jul 19 06:00:04 CEST 2025
Internett nede Sat Jul 19 06:00:04 CEST 2025
Internett nede Sat Jul 19 06:00:04 CEST 2025
Internett nede Sat Jul 19 06:30:03 CEST 2025
Internett nede Sat Jul 19 06:30:03 CEST 2025
Internett nede Sat Jul 19 06:30:03 CEST 2025
Internett nede Sat Jul 19 07:00:04 CEST 2025
Internett nede Sat Jul 19 07:00:04 CEST 2025
Internett nede Sat Jul 19 07:00:04 CEST 2025
Internett nede Sat Jul 19 07:30:03 CEST 2025
Internett nede Sat Jul 19 07:30:03 CEST 2025
Internett nede Sat Jul 19 07:30:03 CEST 2025
Internett nede Sat Jul 19 08:00:03 CEST 2025
Internett nede Sat Jul 19 08:00:03 CEST 2025
Internett nede Sat Jul 19 08:00:03 CEST 2025
Internett nede Sat Jul 19 08:30:02 CEST 2025
Internett nede Sat Jul 19 08:30:02 CEST 2025
Internett nede Sat Jul 19 08:30:02 CEST 2025
Internett nede Sat Jul 19 09:00:02 CEST 2025
Internett nede Sat Jul 19 09:00:02 CEST 2025
Internett nede Sat Jul 19 09:00:02 CEST 2025
Internett nede Sat Jul 19 09:30:03 CEST 2025
Internett nede Sat Jul 19 09:30:03 CEST 2025
Internett nede Sat Jul 19 09:30:03 CEST 2025
Internett nede Sat Jul 19 10:00:02 CEST 2025
Internett nede Sat Jul 19 10:00:02 CEST 2025
Internett nede Sat Jul 19 10:00:02 CEST 2025
Internett nede Sat Jul 19 10:30:02 CEST 2025
Internett nede Sat Jul 19 10:30:02 CEST 2025
Internett nede Sat Jul 19 10:30:02 CEST 2025
Internett nede Sat Jul 19 11:00:03 CEST 2025
Internett nede Sat Jul 19 11:00:03 CEST 2025
Internett nede Sat Jul 19 11:00:03 CEST 2025
Internett nede Sat Jul 19 11:30:02 CEST 2025
Internett nede Sat Jul 19 11:30:02 CEST 2025
Internett nede Sat Jul 19 11:30:02 CEST 2025
Internett nede Sat Jul 19 12:00:03 CEST 2025
Internett nede Sat Jul 19 12:00:03 CEST 2025
Internett nede Sat Jul 19 12:00:03 CEST 2025
Internett nede Sat Jul 19 12:30:03 CEST 2025
Internett nede Sat Jul 19 12:30:03 CEST 2025
Internett nede Sat Jul 19 12:30:03 CEST 2025
Internett nede Sat Jul 19 13:00:03 CEST 2025
Internett nede Sat Jul 19 13:00:03 CEST 2025
Internett nede Sat Jul 19 13:00:03 CEST 2025
Internett nede Sat Jul 19 13:30:02 CEST 2025
Internett nede Sat Jul 19 13:30:02 CEST 2025
Internett nede Sat Jul 19 13:30:02 CEST 2025
Internett nede Sat Jul 19 14:00:03 CEST 2025
Internett nede Sat Jul 19 14:00:03 CEST 2025
Internett nede Sat Jul 19 14:00:03 CEST 2025
Internett nede Sat Jul 19 14:30:02 CEST 2025
Internett nede Sat Jul 19 14:30:02 CEST 2025
Internett nede Sat Jul 19 14:30:02 CEST 2025
Internett nede Sat Jul 19 15:00:02 CEST 2025
Internett nede Sat Jul 19 15:00:02 CEST 2025
Internett nede Sat Jul 19 15:00:02 CEST 2025
Internett nede Sat Jul 19 15:30:02 CEST 2025
Internett nede Sat Jul 19 15:30:02 CEST 2025
Internett nede Sat Jul 19 15:30:02 CEST 2025
Internett nede Sat Jul 19 16:00:02 CEST 2025
Internett nede Sat Jul 19 16:00:02 CEST 2025
Internett nede Sat Jul 19 16:00:02 CEST 2025
Internett nede Sat Jul 19 16:30:03 CEST 2025
Internett nede Sat Jul 19 16:30:03 CEST 2025
Internett nede Sat Jul 19 16:30:03 CEST 2025
Internett nede Sat Jul 19 17:00:02 CEST 2025
Internett nede Sat Jul 19 17:00:02 CEST 2025
Internett nede Sat Jul 19 17:00:02 CEST 2025
Internett nede Sat Jul 19 17:30:03 CEST 2025
Internett nede Sat Jul 19 17:30:03 CEST 2025
Internett nede Sat Jul 19 17:30:03 CEST 2025
Internett nede Sat Jul 19 18:00:04 CEST 2025
Internett nede Sat Jul 19 18:00:04 CEST 2025
Internett nede Sat Jul 19 18:00:04 CEST 2025
Internett nede Sat Jul 19 18:30:02 CEST 2025
Internett nede Sat Jul 19 18:30:02 CEST 2025
Internett nede Sat Jul 19 18:30:02 CEST 2025
Internett nede Sat Jul 19 19:00:02 CEST 2025
Internett nede Sat Jul 19 19:00:03 CEST 2025
Internett nede Sat Jul 19 19:00:03 CEST 2025
Internett nede Sat Jul 19 19:30:02 CEST 2025
Internett nede Sat Jul 19 19:30:02 CEST 2025
Internett nede Sat Jul 19 19:30:02 CEST 2025
Internett nede Sat Jul 19 20:00:03 CEST 2025
Internett nede Sat Jul 19 20:00:03 CEST 2025
Internett nede Sat Jul 19 20:00:03 CEST 2025
Internett nede Sat Jul 19 20:30:03 CEST 2025
Internett nede Sat Jul 19 20:30:03 CEST 2025
Internett nede Sat Jul 19 20:30:03 CEST 2025
Internett nede Sat Jul 19 21:00:03 CEST 2025
Internett nede Sat Jul 19 21:00:03 CEST 2025
Internett nede Sat Jul 19 21:00:03 CEST 2025
Internett nede Sat Jul 19 21:30:03 CEST 2025
Internett nede Sat Jul 19 21:30:03 CEST 2025
Internett nede Sat Jul 19 21:30:03 CEST 2025
Internett nede Sat Jul 19 22:00:02 CEST 2025
Internett nede Sat Jul 19 22:00:02 CEST 2025
Internett nede Sat Jul 19 22:00:02 CEST 2025
Internett nede Sat Jul 19 22:30:02 CEST 2025
Internett nede Sat Jul 19 22:30:02 CEST 2025
Internett nede Sat Jul 19 22:30:02 CEST 2025
Internett nede Sat Jul 19 23:00:02 CEST 2025
Internett nede Sat Jul 19 23:00:02 CEST 2025
Internett nede Sat Jul 19 23:00:02 CEST 2025
Internett nede Sat Jul 19 23:30:02 CEST 2025
Internett nede Sat Jul 19 23:30:02 CEST 2025
Internett nede Sat Jul 19 23:30:02 CEST 2025
Internett nede Sun Jul 20 00:00:03 CEST 2025
Internett nede Sun Jul 20 00:00:03 CEST 2025
Internett nede Sun Jul 20 00:00:03 CEST 2025
Internett nede Sun Jul 20 00:30:03 CEST 2025
Internett nede Sun Jul 20 00:30:03 CEST 2025
Internett nede Sun Jul 20 00:30:03 CEST 2025
Internett nede Sun Jul 20 01:00:02 CEST 2025
Internett nede Sun Jul 20 01:00:02 CEST 2025
Internett nede Sun Jul 20 01:00:02 CEST 2025
Internett nede Sun Jul 20 01:30:03 CEST 2025
Internett nede Sun Jul 20 01:30:03 CEST 2025
Internett nede Sun Jul 20 01:30:03 CEST 2025
Internett nede Sun Jul 20 02:00:02 CEST 2025
Internett nede Sun Jul 20 02:00:02 CEST 2025
Internett nede Sun Jul 20 02:00:02 CEST 2025
Internett nede Sun Jul 20 02:30:02 CEST 2025
Internett nede Sun Jul 20 02:30:02 CEST 2025
Internett nede Sun Jul 20 02:30:02 CEST 2025
Internett nede Sun Jul 20 03:00:02 CEST 2025
Internett nede Sun Jul 20 03:00:02 CEST 2025
Internett nede Sun Jul 20 03:00:02 CEST 2025
Internett nede Sun Jul 20 03:30:03 CEST 2025
Internett nede Sun Jul 20 03:30:03 CEST 2025
Internett nede Sun Jul 20 03:30:03 CEST 2025
Internett nede Sun Jul 20 04:00:03 CEST 2025
Internett nede Sun Jul 20 04:00:03 CEST 2025
Internett nede Sun Jul 20 04:00:03 CEST 2025
Internett nede Sun Jul 20 04:30:02 CEST 2025
Internett nede Sun Jul 20 04:30:02 CEST 2025
Internett nede Sun Jul 20 04:30:02 CEST 2025
Internett nede Sun Jul 20 05:00:05 CEST 2025
Internett nede Sun Jul 20 05:00:05 CEST 2025
Internett nede Sun Jul 20 05:00:05 CEST 2025
Internett nede Sun Jul 20 05:30:03 CEST 2025
Internett nede Sun Jul 20 05:30:03 CEST 2025
Internett nede Sun Jul 20 05:30:03 CEST 2025
Internett nede Sun Jul 20 06:00:06 CEST 2025
Internett nede Sun Jul 20 06:00:06 CEST 2025
Internett nede Sun Jul 20 06:00:06 CEST 2025
Internett nede Sun Jul 20 06:30:03 CEST 2025
Internett nede Sun Jul 20 06:30:03 CEST 2025
Internett nede Sun Jul 20 06:30:03 CEST 2025
Internett nede Sun Jul 20 07:00:04 CEST 2025
Internett nede Sun Jul 20 07:00:04 CEST 2025
Internett nede Sun Jul 20 07:00:04 CEST 2025
Internett nede Sun Jul 20 07:30:02 CEST 2025
Internett nede Sun Jul 20 07:30:02 CEST 2025
Internett nede Sun Jul 20 07:30:02 CEST 2025
Internett nede Sun Jul 20 08:00:02 CEST 2025
Internett nede Sun Jul 20 08:00:02 CEST 2025
Internett nede Sun Jul 20 08:00:02 CEST 2025
Internett nede Sun Jul 20 08:30:03 CEST 2025
Internett nede Sun Jul 20 08:30:03 CEST 2025
Internett nede Sun Jul 20 08:30:03 CEST 2025
Internett nede Sun Jul 20 09:00:03 CEST 2025
Internett nede Sun Jul 20 09:00:03 CEST 2025
Internett nede Sun Jul 20 09:00:03 CEST 2025
Internett nede Sun Jul 20 09:30:02 CEST 2025
Internett nede Sun Jul 20 09:30:02 CEST 2025
Internett nede Sun Jul 20 09:30:02 CEST 2025
Internett nede Sun Jul 20 10:00:03 CEST 2025
Internett nede Sun Jul 20 10:00:03 CEST 2025
Internett nede Sun Jul 20 10:00:03 CEST 2025
Internett nede Sun Jul 20 10:30:03 CEST 2025
Internett nede Sun Jul 20 10:30:03 CEST 2025
Internett nede Sun Jul 20 10:30:03 CEST 2025
Internett nede Sun Jul 20 11:00:02 CEST 2025
Internett nede Sun Jul 20 11:00:02 CEST 2025
Internett nede Sun Jul 20 11:00:02 CEST 2025
Internett nede Sun Jul 20 11:30:02 CEST 2025
Internett nede Sun Jul 20 11:30:02 CEST 2025
Internett nede Sun Jul 20 11:30:02 CEST 2025
Internett nede Sun Jul 20 12:00:02 CEST 2025
Internett nede Sun Jul 20 12:00:02 CEST 2025
Internett nede Sun Jul 20 12:00:02 CEST 2025
Internett nede Sun Jul 20 12:30:03 CEST 2025
Internett nede Sun Jul 20 12:30:03 CEST 2025
Internett nede Sun Jul 20 12:30:03 CEST 2025
Internett nede Sun Jul 20 13:00:02 CEST 2025
Internett nede Sun Jul 20 13:00:02 CEST 2025
Internett nede Sun Jul 20 13:00:02 CEST 2025
Internett nede Sun Jul 20 13:30:03 CEST 2025
Internett nede Sun Jul 20 13:30:03 CEST 2025
Internett nede Sun Jul 20 13:30:03 CEST 2025
Internett nede Sun Jul 20 14:00:02 CEST 2025
Internett nede Sun Jul 20 14:00:02 CEST 2025
Internett nede Sun Jul 20 14:00:02 CEST 2025
Internett nede Sun Jul 20 14:30:02 CEST 2025
Internett nede Sun Jul 20 14:30:02 CEST 2025
Internett nede Sun Jul 20 14:30:02 CEST 2025
Internett nede Sun Jul 20 15:00:02 CEST 2025
Internett nede Sun Jul 20 15:00:02 CEST 2025
Internett nede Sun Jul 20 15:00:02 CEST 2025
Internett nede Sun Jul 20 15:30:02 CEST 2025
Internett nede Sun Jul 20 15:30:02 CEST 2025
Internett nede Sun Jul 20 15:30:02 CEST 2025
Internett nede Sun Jul 20 16:00:02 CEST 2025
Internett nede Sun Jul 20 16:00:02 CEST 2025
Internett nede Sun Jul 20 16:00:02 CEST 2025
Internett nede Sun Jul 20 16:30:02 CEST 2025
Internett nede Sun Jul 20 16:30:02 CEST 2025
Internett nede Sun Jul 20 16:30:02 CEST 2025
Internett nede Sun Jul 20 17:00:03 CEST 2025
Internett nede Sun Jul 20 17:00:03 CEST 2025
Internett nede Sun Jul 20 17:00:03 CEST 2025
Internett nede Sun Jul 20 17:30:03 CEST 2025
Internett nede Sun Jul 20 17:30:03 CEST 2025
Internett nede Sun Jul 20 17:30:03 CEST 2025
Internett nede Sun Jul 20 18:00:03 CEST 2025
Internett nede Sun Jul 20 18:00:03 CEST 2025
Internett nede Sun Jul 20 18:00:03 CEST 2025
Internett nede Sun Jul 20 18:30:03 CEST 2025
Internett nede Sun Jul 20 18:30:03 CEST 2025
Internett nede Sun Jul 20 18:30:03 CEST 2025
Internett nede Sun Jul 20 19:00:03 CEST 2025
Internett nede Sun Jul 20 19:00:03 CEST 2025
Internett nede Sun Jul 20 19:00:03 CEST 2025
Internett nede Sun Jul 20 19:30:02 CEST 2025
Internett nede Sun Jul 20 19:30:02 CEST 2025
Internett nede Sun Jul 20 19:30:02 CEST 2025
Internett nede Sun Jul 20 20:00:03 CEST 2025
Internett nede Sun Jul 20 20:00:03 CEST 2025
Internett nede Sun Jul 20 20:00:03 CEST 2025
Internett nede Sun Jul 20 20:30:02 CEST 2025
Internett nede Sun Jul 20 20:30:02 CEST 2025
Internett nede Sun Jul 20 20:30:02 CEST 2025
Internett nede Sun Jul 20 21:00:03 CEST 2025
Internett nede Sun Jul 20 21:00:03 CEST 2025
Internett nede Sun Jul 20 21:00:03 CEST 2025
Internett nede Sun Jul 20 21:30:05 CEST 2025
Internett nede Sun Jul 20 22:00:07 CEST 2025
Internett nede Sun Jul 20 22:30:06 CEST 2025
Internett nede Sun Jul 20 23:00:07 CEST 2025
Internett nede Sun Jul 20 23:30:07 CEST 2025
Internett nede Mon Jul 21 00:00:07 CEST 2025
Internett nede Mon Jul 21 00:30:06 CEST 2025
Internett nede Mon Jul 21 01:00:06 CEST 2025
Internett nede Mon Jul 21 01:30:05 CEST 2025
Internett nede Mon Jul 21 02:00:06 CEST 2025
Internett nede Mon Jul 21 02:30:05 CEST 2025
Internett nede Mon Jul 21 03:00:06 CEST 2025
Internett nede Mon Jul 21 03:30:06 CEST 2025
Internett nede Mon Jul 21 04:00:07 CEST 2025
Internett nede Mon Jul 21 04:30:06 CEST 2025
Internett nede Mon Jul 21 05:00:09 CEST 2025
Internett nede Mon Jul 21 05:30:05 CEST 2025
Internett nede Mon Jul 21 06:00:08 CEST 2025
Internett nede Mon Jul 21 06:30:06 CEST 2025
Internett nede Mon Jul 21 07:00:10 CEST 2025
Internett nede Mon Jul 21 07:30:07 CEST 2025
Internett nede Mon Jul 21 08:00:20 CEST 2025
Internett nede Mon Jul 21 08:30:05 CEST 2025
Internett nede Mon Jul 21 09:00:06 CEST 2025
Internett nede Mon Jul 21 09:30:05 CEST 2025
Internett nede Mon Jul 21 10:00:05 CEST 2025
Internett nede Mon Jul 21 10:30:05 CEST 2025
Internett nede Mon Jul 21 11:00:07 CEST 2025
Internett nede Mon Jul 21 11:30:06 CEST 2025
Internett nede Mon Jul 21 12:00:06 CEST 2025
Internett nede Mon Jul 21 12:30:07 CEST 2025
Internett nede Mon Jul 21 13:00:08 CEST 2025
Internett nede Mon Jul 21 13:30:05 CEST 2025
Internett nede Mon Jul 21 14:00:06 CEST 2025
Internett nede Mon Jul 21 14:30:05 CEST 2025
Internett nede Mon Jul 21 15:00:07 CEST 2025
Internett nede Mon Jul 21 15:30:05 CEST 2025
Internett nede Mon Jul 21 16:00:07 CEST 2025
Internett nede Mon Jul 21 16:30:06 CEST 2025
Internett nede Mon Jul 21 17:00:05 CEST 2025
Internett nede Mon Jul 21 17:30:06 CEST 2025
Internett nede Mon Jul 21 18:00:07 CEST 2025
Internett nede Mon Jul 21 18:30:06 CEST 2025
Internett nede Mon Jul 21 19:00:06 CEST 2025
Internett nede Mon Jul 21 19:30:07 CEST 2025
Internett nede Mon Jul 21 20:00:07 CEST 2025
Internett nede Mon Jul 21 20:30:06 CEST 2025
Internett nede Mon Jul 21 21:00:06 CEST 2025
Internett nede Mon Jul 21 21:30:05 CEST 2025
Internett nede Mon Jul 21 22:00:07 CEST 2025
Internett nede Mon Jul 21 22:30:07 CEST 2025
Internett nede Mon Jul 21 23:00:06 CEST 2025
Internett nede Mon Jul 21 23:30:07 CEST 2025
Internett nede Tue Jul 22 00:00:08 CEST 2025
Internett nede Tue Jul 22 00:30:05 CEST 2025
Internett nede Tue Jul 22 01:00:06 CEST 2025
Internett nede Tue Jul 22 01:30:06 CEST 2025
Internett nede Tue Jul 22 02:00:06 CEST 2025
Internett nede Tue Jul 22 02:30:06 CEST 2025
Internett nede Tue Jul 22 03:00:07 CEST 2025
Internett nede Tue Jul 22 03:30:05 CEST 2025
Internett nede Tue Jul 22 04:00:10 CEST 2025
Internett nede Tue Jul 22 04:30:08 CEST 2025
Internett nede Tue Jul 22 05:00:11 CEST 2025
Internett nede Tue Jul 22 05:30:06 CEST 2025
Internett nede Tue Jul 22 06:00:10 CEST 2025
Internett nede Tue Jul 22 06:30:07 CEST 2025
Internett nede Tue Jul 22 07:00:11 CEST 2025
Internett nede Tue Jul 22 07:30:07 CEST 2025
Internett nede Tue Jul 22 08:00:06 CEST 2025
Internett nede Tue Jul 22 08:30:06 CEST 2025
Internett nede Tue Jul 22 09:00:06 CEST 2025
Internett nede Tue Jul 22 09:30:06 CEST 2025
Internett nede Tue Jul 22 10:00:08 CEST 2025
Internett nede Tue Jul 22 10:30:08 CEST 2025
Internett nede Tue Jul 22 11:00:06 CEST 2025
Internett nede Tue Jul 22 11:30:06 CEST 2025
Internett nede Tue Jul 22 12:00:06 CEST 2025
Internett nede Tue Jul 22 12:30:07 CEST 2025
Internett nede Tue Jul 22 13:00:08 CEST 2025
Internett nede Tue Jul 22 13:30:08 CEST 2025
Internett nede Tue Jul 22 14:00:06 CEST 2025
Internett nede Tue Jul 22 14:30:06 CEST 2025
Internett nede Tue Jul 22 15:00:07 CEST 2025
Internett nede Tue Jul 22 15:30:07 CEST 2025
Internett nede Tue Jul 22 16:00:09 CEST 2025
Internett nede Tue Jul 22 16:30:08 CEST 2025
Internett nede Tue Jul 22 17:00:06 CEST 2025
Internett nede Tue Jul 22 17:30:07 CEST 2025
Internett nede Tue Jul 22 18:00:10 CEST 2025
Internett nede Tue Jul 22 18:30:07 CEST 2025
Internett nede Tue Jul 22 19:00:06 CEST 2025
Internett nede Tue Jul 22 19:30:07 CEST 2025
Internett nede Tue Jul 22 20:00:10 CEST 2025
Internett nede Tue Jul 22 20:30:09 CEST 2025
Internett nede Tue Jul 22 21:00:07 CEST 2025
Internett nede Tue Jul 22 21:30:08 CEST 2025
Internett nede Tue Jul 22 22:00:06 CEST 2025
Internett nede Tue Jul 22 22:30:07 CEST 2025
Internett nede Tue Jul 22 23:00:06 CEST 2025
Internett nede Tue Jul 22 23:30:07 CEST 2025
Internett nede Wed Jul 23 00:00:10 CEST 2025
Internett nede Wed Jul 23 00:30:07 CEST 2025
Internett nede Wed Jul 23 01:00:06 CEST 2025
Internett nede Wed Jul 23 01:30:07 CEST 2025
Internett nede Wed Jul 23 02:00:06 CEST 2025
Internett nede Wed Jul 23 02:30:08 CEST 2025
Internett nede Wed Jul 23 03:00:07 CEST 2025
Internett nede Wed Jul 23 03:30:07 CEST 2025
Internett nede Wed Jul 23 04:00:09 CEST 2025
Internett nede Wed Jul 23 04:30:08 CEST 2025
Internett nede Wed Jul 23 05:00:12 CEST 2025
Internett nede Wed Jul 23 05:30:09 CEST 2025
Internett nede Wed Jul 23 06:00:11 CEST 2025
Internett nede Wed Jul 23 06:30:10 CEST 2025
Internett nede Wed Jul 23 07:00:09 CEST 2025
Internett nede Wed Jul 23 07:30:08 CEST 2025
Internett nede Wed Jul 23 08:00:06 CEST 2025
Internett nede Wed Jul 23 08:30:07 CEST 2025
Internett nede Wed Jul 23 09:00:07 CEST 2025
Internett nede Wed Jul 23 09:30:06 CEST 2025
Internett nede Wed Jul 23 10:00:08 CEST 2025
Internett nede Wed Jul 23 10:30:07 CEST 2025
Internett nede Wed Jul 23 11:00:07 CEST 2025
Internett nede Wed Jul 23 11:30:07 CEST 2025
Internett nede Wed Jul 23 12:00:07 CEST 2025
Internett nede Wed Jul 23 12:30:07 CEST 2025
Internett nede Wed Jul 23 13:00:09 CEST 2025
Internett nede Wed Jul 23 13:30:07 CEST 2025
Internett nede Wed Jul 23 14:00:07 CEST 2025
Internett nede Wed Jul 23 14:30:07 CEST 2025
Internett nede Wed Jul 23 15:00:07 CEST 2025
Internett nede Wed Jul 23 15:30:10 CEST 2025
Internett nede Wed Jul 23 16:00:08 CEST 2025
Internett nede Wed Jul 23 16:30:09 CEST 2025
Internett nede Wed Jul 23 17:00:08 CEST 2025
Internett nede Wed Jul 23 17:30:06 CEST 2025
Internett nede Wed Jul 23 18:00:08 CEST 2025
Internett nede Wed Jul 23 18:30:06 CEST 2025
Internett nede Wed Jul 23 19:00:08 CEST 2025
Internett nede Wed Jul 23 19:30:07 CEST 2025
Internett nede Wed Jul 23 20:00:08 CEST 2025
Internett nede Wed Jul 23 20:30:08 CEST 2025
Internett nede Wed Jul 23 21:00:08 CEST 2025
Internett nede Wed Jul 23 21:30:08 CEST 2025
Internett nede Wed Jul 23 22:00:08 CEST 2025
Internett nede Wed Jul 23 22:30:09 CEST 2025
Internett nede Wed Jul 23 23:00:09 CEST 2025
Internett nede Wed Jul 23 23:30:09 CEST 2025
Internett nede Thu Jul 24 00:00:13 CEST 2025
Internett nede Thu Jul 24 00:30:11 CEST 2025
Internett nede Thu Jul 24 01:00:11 CEST 2025
Internett nede Thu Jul 24 01:30:17 CEST 2025
Internett nede Thu Jul 24 02:00:16 CEST 2025
Internett nede Thu Jul 24 02:30:15 CEST 2025
Internett nede Thu Jul 24 03:00:17 CEST 2025
Internett nede Thu Jul 24 03:30:16 CEST 2025
Internett nede Thu Jul 24 04:00:18 CEST 2025
Internett nede Thu Jul 24 04:30:18 CEST 2025
Internett nede Thu Jul 24 05:00:19 CEST 2025
Internett nede Thu Jul 24 05:30:16 CEST 2025
Internett nede Thu Jul 24 06:00:20 CEST 2025
Internett nede Thu Jul 24 06:30:16 CEST 2025
Internett nede Thu Jul 24 07:00:21 CEST 2025
Internett nede Thu Jul 24 07:30:18 CEST 2025
Internett nede Thu Jul 24 08:00:17 CEST 2025
Internett nede Thu Jul 24 08:30:15 CEST 2025
Internett nede Thu Jul 24 09:00:15 CEST 2025
Internett nede Thu Jul 24 09:30:15 CEST 2025
Internett nede Thu Jul 24 10:00:14 CEST 2025
Internett nede Thu Jul 24 10:30:15 CEST 2025
Internett nede Thu Jul 24 11:00:13 CEST 2025
Internett nede Thu Jul 24 11:30:16 CEST 2025
Internett nede Thu Jul 24 12:00:16 CEST 2025
Internett nede Thu Jul 24 12:30:15 CEST 2025
Internett nede Thu Jul 24 13:00:15 CEST 2025
Internett nede Thu Jul 24 13:30:16 CEST 2025
Internett nede Thu Jul 24 14:00:16 CEST 2025
Internett nede Thu Jul 24 14:30:14 CEST 2025
Internett nede Thu Jul 24 15:00:15 CEST 2025
Internett nede Thu Jul 24 15:30:18 CEST 2025
Internett nede Thu Jul 24 16:00:21 CEST 2025
Internett nede Thu Jul 24 16:30:17 CEST 2025
Internett nede Thu Jul 24 17:00:15 CEST 2025
Internett nede Thu Jul 24 17:30:17 CEST 2025
Internett nede Thu Jul 24 18:00:24 CEST 2025
Internett nede Thu Jul 24 18:30:16 CEST 2025
Internett nede Thu Jul 24 19:00:18 CEST 2025
Internett nede Thu Jul 24 19:30:16 CEST 2025
Internett nede Thu Jul 24 20:00:15 CEST 2025
Internett nede Thu Jul 24 20:30:16 CEST 2025
Internett nede Thu Jul 24 21:00:15 CEST 2025
Internett nede Thu Jul 24 21:30:15 CEST 2025
Internett nede Thu Jul 24 22:00:16 CEST 2025
Internett nede Thu Jul 24 22:30:15 CEST 2025
Internett nede Thu Jul 24 23:00:15 CEST 2025
Internett nede Thu Jul 24 23:30:15 CEST 2025
Internett nede Fri Jul 25 00:00:34 CEST 2025
Internett nede Fri Jul 25 00:30:16 CEST 2025
Internett nede Fri Jul 25 01:00:20 CEST 2025
Internett nede Fri Jul 25 01:30:16 CEST 2025
Internett nede Fri Jul 25 02:00:18 CEST 2025
Internett nede Fri Jul 25 02:30:15 CEST 2025
Internett nede Fri Jul 25 03:00:25 CEST 2025
Internett nede Fri Jul 25 07:30:18 CEST 2025
Internett nede Fri Jul 25 08:00:16 CEST 2025
Internett nede Fri Jul 25 08:30:17 CEST 2025
Internett nede Fri Jul 25 09:00:16 CEST 2025
Internett nede Fri Jul 25 09:30:15 CEST 2025
Internett nede Fri Jul 25 10:00:15 CEST 2025
Internett nede Fri Jul 25 10:30:17 CEST 2025
Internett nede Fri Jul 25 11:00:17 CEST 2025
Internett nede Fri Jul 25 11:30:15 CEST 2025
Internett nede Fri Jul 25 12:00:15 CEST 2025
Internett nede Fri Jul 25 12:30:14 CEST 2025
Internett nede Fri Jul 25 13:00:17 CEST 2025
Internett nede Fri Jul 25 13:30:15 CEST 2025
Internett nede Fri Jul 25 14:00:14 CEST 2025
Internett nede Fri Jul 25 14:30:16 CEST 2025
Internett nede Fri Jul 25 15:00:18 CEST 2025
Internett nede Fri Jul 25 15:30:15 CEST 2025
Internett nede Fri Jul 25 16:00:16 CEST 2025
Internett nede Fri Jul 25 16:30:17 CEST 2025
Internett nede Fri Jul 25 17:00:15 CEST 2025
Internett nede Fri Jul 25 17:30:16 CEST 2025
Internett nede Fri Jul 25 18:00:24 CEST 2025
Internett nede Fri Jul 25 18:30:18 CEST 2025
Internett nede Fri Jul 25 19:00:17 CEST 2025
Internett nede Fri Jul 25 19:30:17 CEST 2025
Internett nede Fri Jul 25 20:00:16 CEST 2025
Internett nede Fri Jul 25 20:30:16 CEST 2025
Internett nede Fri Jul 25 21:00:17 CEST 2025
Internett nede Fri Jul 25 21:30:17 CEST 2025
Internett nede Fri Jul 25 22:00:16 CEST 2025
Internett nede Fri Jul 25 22:30:14 CEST 2025
Internett nede Fri Jul 25 23:00:16 CEST 2025
Internett nede Fri Jul 25 23:30:15 CEST 2025
Internett nede Sat Jul 26 00:00:17 CEST 2025
Internett nede Sat Jul 26 00:30:19 CEST 2025
Internett nede Sat Jul 26 01:00:20 CEST 2025
Internett nede Sat Jul 26 01:30:17 CEST 2025
Internett nede Sat Jul 26 02:00:15 CEST 2025
Internett nede Sat Jul 26 02:30:16 CEST 2025
Internett nede Sat Jul 26 03:00:16 CEST 2025
Internett nede Sat Jul 26 03:30:16 CEST 2025
Internett nede Sat Jul 26 04:00:16 CEST 2025
Internett nede Sat Jul 26 04:30:17 CEST 2025
Internett nede Sat Jul 26 05:00:25 CEST 2025
Internett nede Sat Jul 26 05:30:15 CEST 2025
Internett nede Sat Jul 26 06:00:19 CEST 2025
Internett nede Sat Jul 26 06:30:14 CEST 2025
Internett nede Sat Jul 26 07:00:21 CEST 2025
