ðŸ“¦ Oppdatering startet: 2025-07-18 06:55:14
ðŸº Oppdaterer brew...
==> Updating Homebrew...
Already up-to-date.
ðŸ“¦ Oppdaterer npm...
npm warn cli npm v11.4.2 does not support Node.js v18.20.8. This version of npm supports the following node versions: `^20.17.0 || >=22.9.0`. You can find the latest version at https://nodejs.org/.
ðŸ“¦ Oppdatering startet: 2025-07-18 06:55:26
ðŸº Oppdaterer brew...
==> Updating Homebrew...
Already up-to-date.
ðŸ“¦ Oppdaterer npm...
npm warn cli npm v11.4.2 does not support Node.js v18.20.8. This version of npm supports the following node versions: `^20.17.0 || >=22.9.0`. You can find the latest version at https://nodejs.org/.
npm error code ENOTEMPTY
npm error syscall rename
npm error path /usr/local/lib/node_modules/npm
npm error dest /usr/local/lib/node_modules/.npm-i9nnxROI
npm error errno -66
npm error ENOTEMPTY: directory not empty, rename '/usr/local/lib/node_modules/npm' -> '/usr/local/lib/node_modules/.npm-i9nnxROI'
npm error A complete log of this run can be found in: /Users/christerolsen/.npm/_logs/2025-07-18T04_55_36_987Z-debug-0.log
ðŸ“¦ Oppdaterer pip...
error: externally-managed-environment

Ã— This environment is externally managed
â•°â”€> To install Python packages system-wide, try brew install
    xyz, where xyz is the package you are trying to
    install.
    
    If you wish to install a Python library that isn't in Homebrew,
    use a virtual environment:
    
    python3 -m venv path/to/venv
    source path/to/venv/bin/activate
    python3 -m pip install xyz
    
    If you wish to install a Python application that isn't in Homebrew,
    it may be easiest to use 'pipx install xyz', which will manage a
    virtual environment for you. You can install pipx with
    
    brew install pipx
    
    You may restore the old behavior of pip by passing
    the '--break-system-packages' flag to pip, or by adding
    'break-system-packages = true' to your pip.conf file. The latter
    will permanently disable this error.
    
    If you disable this error, we STRONGLY recommend that you additionally
    pass the '--user' flag to pip, or set 'user = true' in your pip.conf
    file. Failure to do this can result in a broken Homebrew installation.
    
    Read more about this behavior here: <https://peps.python.org/pep-0668/>

note: If you believe this is a mistake, please contact your Python installation or OS distribution provider. You can override this, at the risk of breaking your Python installation or OS, by passing --break-system-packages.
hint: See PEP 668 for the detailed specification.
ðŸš€ Pusher alle kjente prosjekter...
[main 593c2e9] ðŸ”„ Auto-update 2025-07-18 06:56:00
 Committer: christer olsen <christerolsen@christers-MacBook-Pro-2.local>
Your name and email address were configured automatically based
on your username and hostname. Please check that they are accurate.
You can suppress this message by setting them explicitly:

    git config --global user.name "Your Name"
    git config --global user.email you@example.com

After doing this, you may fix the identity used for this commit with:

    git commit --amend --reset-author

 14 files changed, 481 insertions(+)
 create mode 100644 ChildApp/.init
 create mode 100644 Logs/update_all.log
 create mode 100755 Scripts/g.update_all.sh

removed 10 packages, and changed 34 packages in 46s

25 packages are looking for funding
  run `npm fund` for details
ðŸ“¦ Oppdaterer pip...
error: externally-managed-environment

Ã— This environment is externally managed
â•°â”€> To install Python packages system-wide, try brew install
    xyz, where xyz is the package you are trying to
    install.
    
    If you wish to install a Python library that isn't in Homebrew,
    use a virtual environment:
    
    python3 -m venv path/to/venv
    source path/to/venv/bin/activate
    python3 -m pip install xyz
    
    If you wish to install a Python application that isn't in Homebrew,
    it may be easiest to use 'pipx install xyz', which will manage a
    virtual environment for you. You can install pipx with
    
    brew install pipx
    
    You may restore the old behavior of pip by passing
    the '--break-system-packages' flag to pip, or by adding
    'break-system-packages = true' to your pip.conf file. The latter
    will permanently disable this error.
    
    If you disable this error, we STRONGLY recommend that you additionally
    pass the '--user' flag to pip, or set 'user = true' in your pip.conf
    file. Failure to do this can result in a broken Homebrew installation.
    
    Read more about this behavior here: <https://peps.python.org/pep-0668/>

note: If you believe this is a mistake, please contact your Python installation or OS distribution provider. You can override this, at the risk of breaking your Python installation or OS, by passing --break-system-packages.
hint: See PEP 668 for the detailed specification.
ðŸš€ Pusher alle kjente prosjekter...
[main 069fad8] ðŸ”„ Auto-update 2025-07-18 06:56:10
 Committer: christer olsen <christerolsen@christers-MacBook-Pro-2.local>
Your name and email address were configured automatically based
on your username and hostname. Please check that they are accurate.
You can suppress this message by setting them explicitly:

    git config --global user.name "Your Name"
    git config --global user.email you@example.com

After doing this, you may fix the identity used for this commit with:

    git commit --amend --reset-author

 3 files changed, 59 insertions(+)
remote: Support for password authentication was removed on August 13, 2021.
remote: Please see https://docs.github.com/get-started/getting-started-with-git/about-remote-repositories#cloning-with-https-urls for information on currently recommended modes of authentication.
fatal: Authentication failed for 'https://github.com/JarvisATeam/GinieSystem-Autobackup.git/'
âœ… Push: /Users/christerolsen/GinieSystem
{"ok":true,"result":{"message_id":122,"from":{"id":7934211714,"is_bot":true,"first_name":"GinieNotifier","username":"GinieAlarmBot"},"chat":{"id":5624725784,"first_name":"Christer","last_name":"Olsen","type":"private"},"date":1752868628,"text":"\u2705 Oppdatering fullf\u00f8rt: 2025-07-18 21:57:08"}}âœ… Ferdig: 2025-07-18 21:57:08
remote: Support for password authentication was removed on August 13, 2021.
remote: Please see https://docs.github.com/get-started/getting-started-with-git/about-remote-repositories#cloning-with-https-urls for information on currently recommended modes of authentication.
fatal: Authentication failed for 'https://github.com/JarvisATeam/GinieSystem-Autobackup.git/'
âœ… Push: /Users/christerolsen/GinieSystem
{"ok":true,"result":{"message_id":123,"from":{"id":7934211714,"is_bot":true,"first_name":"GinieNotifier","username":"GinieAlarmBot"},"chat":{"id":5624725784,"first_name":"Christer","last_name":"Olsen","type":"private"},"date":1752868661,"text":"\u2705 Oppdatering fullf\u00f8rt: 2025-07-18 21:57:40"}}âœ… Ferdig: 2025-07-18 21:57:41
