游대 [13:05:34] Loop...
[ENDRINGER]: 
九勇 Mutasjon: /Users/christerolsen/GinieSystem/NanoTech/Autogenerated/whatsapp_alert_130535.sh
游대 [13:10:35] Loop...
[ENDRINGER]: 
九勇 Mutasjon: /Users/christerolsen/GinieSystem/NanoTech/Autogenerated/ginie_bootstrap_131035.sh
游대 [13:15:35] Loop...
[ENDRINGER]: 
九勇 Mutasjon: /Users/christerolsen/GinieSystem/NanoTech/Autogenerated/crypto_discover_131535.sh
游대 [13:20:35] Loop...
[ENDRINGER]: 
九勇 Mutasjon: /Users/christerolsen/GinieSystem/NanoTech/Autogenerated/nanotec_fix_voice_132035.sh
游대 [13:25:35] Loop...
[ENDRINGER]: 
九勇 Mutasjon: /Users/christerolsen/GinieSystem/NanoTech/Autogenerated/crypto_discover_132535.sh
游대 [13:30:35] Loop...
[ENDRINGER]: 
九勇 Mutasjon: /Users/christerolsen/GinieSystem/NanoTech/Autogenerated/gforge_prime_backup_133035.sh
游대 [13:35:35] Loop...
[ENDRINGER]: 
九勇 Mutasjon: /Users/christerolsen/GinieSystem/NanoTech/Autogenerated/g.bloodhound.scan_133535.sh
游대 [13:40:35] Loop...
[ENDRINGER]: 
九勇 Mutasjon: /Users/christerolsen/GinieSystem/NanoTech/Autogenerated/gfix_backup_134035.sh
游대 [13:45:35] Loop...
[ENDRINGER]: 
九勇 Mutasjon: /Users/christerolsen/GinieSystem/NanoTech/Autogenerated/recover_binance_wallet_134536.sh
游대 [13:50:36] Loop...
[ENDRINGER]: 
九勇 Mutasjon: /Users/christerolsen/GinieSystem/NanoTech/Autogenerated/lock_guard_135036.sh
游대 [13:55:36] Loop...
[ENDRINGER]: 
九勇 Mutasjon: /Users/christerolsen/GinieSystem/NanoTech/Autogenerated/g.mic_shield_135536.sh
游대 [14:00:36] Loop...
[ENDRINGER]: 
九勇 Mutasjon: /Users/christerolsen/GinieSystem/NanoTech/Autogenerated/launch_nanotec_140036.sh
游대 [14:05:36] Loop...
[ENDRINGER]: 
九勇 Mutasjon: /Users/christerolsen/GinieSystem/NanoTech/Autogenerated/validate_keys_140536.sh
游대 [14:10:36] Loop...
[ENDRINGER]: 
九勇 Mutasjon: /Users/christerolsen/GinieSystem/NanoTech/Autogenerated/psilo_2_141036.sh
游대 [14:15:36] Loop...
[ENDRINGER]: 
九勇 Mutasjon: /Users/christerolsen/GinieSystem/NanoTech/Autogenerated/deep_wallet_key_search_141536.sh
游대 [14:20:36] Loop...
[ENDRINGER]: 
九勇 Mutasjon: /Users/christerolsen/GinieSystem/NanoTech/Autogenerated/g.voice_142036.sh
游대 [14:25:36] Loop...
[ENDRINGER]: 
九勇 Mutasjon: /Users/christerolsen/GinieSystem/NanoTech/Autogenerated/logg_postworkout_142536.sh
游대 [14:30:36] Loop...
[ENDRINGER]: 
九勇 Mutasjon: /Users/christerolsen/GinieSystem/NanoTech/Autogenerated/gforce_warp_automagic_143036.sh
游대 [14:35:36] Loop...
[ENDRINGER]: 
九勇 Mutasjon: /Users/christerolsen/GinieSystem/NanoTech/Autogenerated/g.cron_autofix_143536.sh
游대 [14:40:36] Loop...
[ENDRINGER]: 
九勇 Mutasjon: /Users/christerolsen/GinieSystem/NanoTech/Autogenerated/ginie_8h_loop_144036.sh
游대 [14:45:36] Loop...
[ENDRINGER]: 
九勇 Mutasjon: /Users/christerolsen/GinieSystem/NanoTech/Autogenerated/deploy_trainapp_on_wakeup_144536.sh
游대 [14:50:36] Loop...
[ENDRINGER]: 
九勇 Mutasjon: /Users/christerolsen/GinieSystem/NanoTech/Autogenerated/g.hidden_image_tunnel_145037.sh
游대 [14:55:37] Loop...
[ENDRINGER]: 
九勇 Mutasjon: /Users/christerolsen/GinieSystem/NanoTech/Autogenerated/ginie_bootstrap_145537.sh
游대 [15:00:37] Loop...
[ENDRINGER]: 
九勇 Mutasjon: /Users/christerolsen/GinieSystem/NanoTech/Autogenerated/loop_trip_150037.sh
游대 [15:05:37] Loop...
[ENDRINGER]: 
九勇 Mutasjon: /Users/christerolsen/GinieSystem/NanoTech/Autogenerated/earn_mission_150537.sh
游대 [15:10:37] Loop...
[ENDRINGER]: 
九勇 Mutasjon: /Users/christerolsen/GinieSystem/NanoTech/Autogenerated/gfix_backup_151037.sh
游대 [15:15:37] Loop...
[ENDRINGER]: 
九勇 Mutasjon: /Users/christerolsen/GinieSystem/NanoTech/Autogenerated/gforge_prime_autostart_151537.sh
游대 [15:20:37] Loop...
[ENDRINGER]: 
九勇 Mutasjon: /Users/christerolsen/GinieSystem/NanoTech/Autogenerated/ginie_keyload_152037.sh
游대 [15:25:37] Loop...
[ENDRINGER]: 
九勇 Mutasjon: /Users/christerolsen/GinieSystem/NanoTech/Autogenerated/g.superloop_152537.sh
游대 [15:30:37] Loop...
[ENDRINGER]: 
九勇 Mutasjon: /Users/christerolsen/GinieSystem/NanoTech/Autogenerated/g.superloop_153037.sh
游대 [15:35:37] Loop...
[ENDRINGER]: 
九勇 Mutasjon: /Users/christerolsen/GinieSystem/NanoTech/Autogenerated/g.git_autopush_153537.sh
游대 [15:40:37] Loop...
[ENDRINGER]: 
九勇 Mutasjon: /Users/christerolsen/GinieSystem/NanoTech/Autogenerated/nano_wizard_154037.sh
游대 [15:45:37] Loop...
[ENDRINGER]: 
九勇 Mutasjon: /Users/christerolsen/GinieSystem/NanoTech/Autogenerated/ginie_fix_all_154538.sh
游대 [15:50:38] Loop...
[ENDRINGER]: 
九勇 Mutasjon: /Users/christerolsen/GinieSystem/NanoTech/Autogenerated/ginie_versioner_155038.sh
游대 [15:55:38] Loop...
[ENDRINGER]: 
九勇 Mutasjon: /Users/christerolsen/GinieSystem/NanoTech/Autogenerated/ginie_selfcheck_155538.sh
游대 [16:00:38] Loop...
[ENDRINGER]: 
九勇 Mutasjon: /Users/christerolsen/GinieSystem/NanoTech/Autogenerated/ginie_8h_loop_160038.sh
游대 [16:05:38] Loop...
[ENDRINGER]: 
九勇 Mutasjon: /Users/christerolsen/GinieSystem/NanoTech/Autogenerated/telegram_listen_160538.sh
游대 [16:10:38] Loop...
[ENDRINGER]: 
九勇 Mutasjon: /Users/christerolsen/GinieSystem/NanoTech/Autogenerated/gforge_prime_backup_161038.sh
游대 [16:15:38] Loop...
[ENDRINGER]: 
九勇 Mutasjon: /Users/christerolsen/GinieSystem/NanoTech/Autogenerated/g.talk_loop_161538.sh
游대 [16:20:38] Loop...
[ENDRINGER]: 
九勇 Mutasjon: /Users/christerolsen/GinieSystem/NanoTech/Autogenerated/g.mic_qr_162038.sh
游대 [16:25:38] Loop...
[ENDRINGER]: 
九勇 Mutasjon: /Users/christerolsen/GinieSystem/NanoTech/Autogenerated/g.boot_all_162538.sh
游대 [16:30:38] Loop...
[ENDRINGER]: 
九勇 Mutasjon: /Users/christerolsen/GinieSystem/NanoTech/Autogenerated/ginie_implement_163038.sh
游대 [16:35:39] Loop...
[ENDRINGER]: 
九勇 Mutasjon: /Users/christerolsen/GinieSystem/NanoTech/Autogenerated/vault_repair_163539.sh
游대 [16:40:39] Loop...
[ENDRINGER]: 
九勇 Mutasjon: /Users/christerolsen/GinieSystem/NanoTech/Autogenerated/G.Force_Bumblebee_hacker_164039.sh
游대 [16:45:39] Loop...
[ENDRINGER]: 
九勇 Mutasjon: /Users/christerolsen/GinieSystem/NanoTech/Autogenerated/search_pi_passphrase_notes_164539.sh
游대 [16:50:39] Loop...
[ENDRINGER]: 
九勇 Mutasjon: /Users/christerolsen/GinieSystem/NanoTech/Autogenerated/g.manual_update_now_165039.sh
游대 [16:55:39] Loop...
[ENDRINGER]: 
九勇 Mutasjon: /Users/christerolsen/GinieSystem/NanoTech/Autogenerated/g.learn_165539.sh
游대 [17:00:39] Loop...
[ENDRINGER]: 
九勇 Mutasjon: /Users/christerolsen/GinieSystem/NanoTech/Autogenerated/g.bloodhound.scan_170039.sh
游대 [17:05:39] Loop...
[ENDRINGER]: 
九勇 Mutasjon: /Users/christerolsen/GinieSystem/NanoTech/Autogenerated/validate_keys_170539.sh
游대 [17:10:39] Loop...
[ENDRINGER]: 
九勇 Mutasjon: /Users/christerolsen/GinieSystem/NanoTech/Autogenerated/validate_keys_171039.sh
游대 [17:15:39] Loop...
[ENDRINGER]: 
九勇 Mutasjon: /Users/christerolsen/GinieSystem/NanoTech/Autogenerated/psilo_2_171539.sh
游대 [17:20:39] Loop...
[ENDRINGER]: 
九勇 Mutasjon: /Users/christerolsen/GinieSystem/NanoTech/Autogenerated/ginie_dashboard_172039.sh
游대 [17:25:39] Loop...
[ENDRINGER]: 
九勇 Mutasjon: /Users/christerolsen/GinieSystem/NanoTech/Autogenerated/gforce_firewall_172539.sh
游대 [17:30:39] Loop...
[ENDRINGER]: 
九勇 Mutasjon: /Users/christerolsen/GinieSystem/NanoTech/Autogenerated/recover_binance_wallet_173040.sh
游대 [17:35:40] Loop...
[ENDRINGER]: 
九勇 Mutasjon: /Users/christerolsen/GinieSystem/NanoTech/Autogenerated/g.voice_reply_173540.sh
游대 [17:40:40] Loop...
[ENDRINGER]: 
九勇 Mutasjon: /Users/christerolsen/GinieSystem/NanoTech/Autogenerated/statuspanel_174040.sh
游대 [17:45:40] Loop...
[ENDRINGER]: 
九勇 Mutasjon: /Users/christerolsen/GinieSystem/NanoTech/Autogenerated/psilo.2_174540.sh
游대 [17:50:40] Loop...
[ENDRINGER]: 
九勇 Mutasjon: /Users/christerolsen/GinieSystem/NanoTech/Autogenerated/gforge_prime_backup_175040.sh
游대 [17:55:40] Loop...
[ENDRINGER]: 
九勇 Mutasjon: /Users/christerolsen/GinieSystem/NanoTech/Autogenerated/autofix_gforge_175540.sh
游대 [18:00:40] Loop...
[ENDRINGER]: 
九勇 Mutasjon: /Users/christerolsen/GinieSystem/NanoTech/Autogenerated/search_pi_passphrase_notes_180040.sh
游대 [18:05:40] Loop...
[ENDRINGER]: 
九勇 Mutasjon: /Users/christerolsen/GinieSystem/NanoTech/Autogenerated/whatsapp_alert_180540.sh
游대 [18:10:40] Loop...
[ENDRINGER]: 
九勇 Mutasjon: /Users/christerolsen/GinieSystem/NanoTech/Autogenerated/g.git_autopush_181040.sh
游대 [18:15:40] Loop...
[ENDRINGER]: 
九勇 Mutasjon: /Users/christerolsen/GinieSystem/NanoTech/Autogenerated/validate_keys_181540.sh
游대 [18:20:40] Loop...
[ENDRINGER]: 
九勇 Mutasjon: /Users/christerolsen/GinieSystem/NanoTech/Autogenerated/g.hidden_image_tunnel_182040.sh
游대 [18:25:40] Loop...
[ENDRINGER]: 
九勇 Mutasjon: /Users/christerolsen/GinieSystem/NanoTech/Autogenerated/record_voice_note_182540.sh
游대 [18:30:40] Loop...
[ENDRINGER]: 
九勇 Mutasjon: /Users/christerolsen/GinieSystem/NanoTech/Autogenerated/g.voice_183041.sh
游대 [18:35:41] Loop...
[ENDRINGER]: 
九勇 Mutasjon: /Users/christerolsen/GinieSystem/NanoTech/Autogenerated/sync_learning_to_icloud_183541.sh
游대 [18:40:41] Loop...
[ENDRINGER]: 
九勇 Mutasjon: /Users/christerolsen/GinieSystem/NanoTech/Autogenerated/vault_repair_184041.sh
游대 [18:45:41] Loop...
[ENDRINGER]: 
九勇 Mutasjon: /Users/christerolsen/GinieSystem/NanoTech/Autogenerated/ginie_implement_184541.sh
游대 [18:50:41] Loop...
[ENDRINGER]: 
九勇 Mutasjon: /Users/christerolsen/GinieSystem/NanoTech/Autogenerated/record_voice_note_185041.sh
游대 [18:55:41] Loop...
[ENDRINGER]: 
九勇 Mutasjon: /Users/christerolsen/GinieSystem/NanoTech/Autogenerated/g.autosave_185541.sh
游대 [19:00:41] Loop...
[ENDRINGER]: 
九勇 Mutasjon: /Users/christerolsen/GinieSystem/NanoTech/Autogenerated/ginie_implement_190041.sh
游대 [19:05:41] Loop...
[ENDRINGER]: 
九勇 Mutasjon: /Users/christerolsen/GinieSystem/NanoTech/Autogenerated/autofix_gforge_190541.sh
游대 [19:10:41] Loop...
[ENDRINGER]: 
九勇 Mutasjon: /Users/christerolsen/GinieSystem/NanoTech/Autogenerated/g.learn_191041.sh
游대 [19:15:41] Loop...
[ENDRINGER]: 
九勇 Mutasjon: /Users/christerolsen/GinieSystem/NanoTech/Autogenerated/ginie_bootstrap_191541.sh
游대 [19:20:41] Loop...
[ENDRINGER]: 
九勇 Mutasjon: /Users/christerolsen/GinieSystem/NanoTech/Autogenerated/git_autosync_192041.sh
游대 [19:25:42] Loop...
[ENDRINGER]: 
九勇 Mutasjon: /Users/christerolsen/GinieSystem/NanoTech/Autogenerated/telegram_notify_192542.sh
游대 [19:30:42] Loop...
[ENDRINGER]: 
九勇 Mutasjon: /Users/christerolsen/GinieSystem/NanoTech/Autogenerated/g.learn_193042.sh
游대 [19:35:42] Loop...
[ENDRINGER]: 
九勇 Mutasjon: /Users/christerolsen/GinieSystem/NanoTech/Autogenerated/g.cron_sanitize_193542.sh
游대 [19:40:42] Loop...
[ENDRINGER]: 
九勇 Mutasjon: /Users/christerolsen/GinieSystem/NanoTech/Autogenerated/g.cron_sanitize_194042.sh
游대 [19:45:42] Loop...
[ENDRINGER]: 
九勇 Mutasjon: /Users/christerolsen/GinieSystem/NanoTech/Autogenerated/ginie_versioner_194542.sh
游대 [19:50:42] Loop...
[ENDRINGER]: 
九勇 Mutasjon: /Users/christerolsen/GinieSystem/NanoTech/Autogenerated/g.voice_deploy_195042.sh
游대 [19:55:42] Loop...
[ENDRINGER]: 
九勇 Mutasjon: /Users/christerolsen/GinieSystem/NanoTech/Autogenerated/lock_guard_195542.sh
游대 [20:00:42] Loop...
[ENDRINGER]: 
九勇 Mutasjon: /Users/christerolsen/GinieSystem/NanoTech/Autogenerated/nano_wizard_200042.sh
游대 [20:05:42] Loop...
[ENDRINGER]: 
九勇 Mutasjon: /Users/christerolsen/GinieSystem/NanoTech/Autogenerated/g.voice_deploy_200542.sh
游대 [20:10:42] Loop...
[ENDRINGER]: 
九勇 Mutasjon: /Users/christerolsen/GinieSystem/NanoTech/Autogenerated/gforce_total_repair_201042.sh
游대 [20:15:42] Loop...
[ENDRINGER]: 
九勇 Mutasjon: /Users/christerolsen/GinieSystem/NanoTech/Autogenerated/g.learn_201542.sh
游대 [20:20:42] Loop...
[ENDRINGER]: 
九勇 Mutasjon: /Users/christerolsen/GinieSystem/NanoTech/Autogenerated/search_wallet_with_status_202043.sh
游대 [20:25:43] Loop...
[ENDRINGER]: 
九勇 Mutasjon: /Users/christerolsen/GinieSystem/NanoTech/Autogenerated/ginie_keyload_202543.sh
游대 [20:30:43] Loop...
[ENDRINGER]: 
九勇 Mutasjon: /Users/christerolsen/GinieSystem/NanoTech/Autogenerated/g.autosave_203043.sh
游대 [20:35:43] Loop...
[ENDRINGER]: 
九勇 Mutasjon: /Users/christerolsen/GinieSystem/NanoTech/Autogenerated/nanotec_fix_voice_203543.sh
游대 [20:40:43] Loop...
[ENDRINGER]: 
九勇 Mutasjon: /Users/christerolsen/GinieSystem/NanoTech/Autogenerated/crypto_vault_204043.sh
游대 [20:45:43] Loop...
[ENDRINGER]: 
九勇 Mutasjon: /Users/christerolsen/GinieSystem/NanoTech/Autogenerated/crypto_discover_204543.sh
游대 [20:50:43] Loop...
[ENDRINGER]: 
九勇 Mutasjon: /Users/christerolsen/GinieSystem/NanoTech/Autogenerated/autofix_gforge_205043.sh
游대 [20:55:43] Loop...
[ENDRINGER]: 
九勇 Mutasjon: /Users/christerolsen/GinieSystem/NanoTech/Autogenerated/g.temp_mic_pause_205543.sh
游대 [21:00:43] Loop...
[ENDRINGER]: 
九勇 Mutasjon: /Users/christerolsen/GinieSystem/NanoTech/Autogenerated/g.learn_210043.sh
游대 [21:05:43] Loop...
[ENDRINGER]: 
九勇 Mutasjon: /Users/christerolsen/GinieSystem/NanoTech/Autogenerated/G.Force_Bumblebee_hacker_210543.sh
游대 [21:10:43] Loop...
[ENDRINGER]: 
九勇 Mutasjon: /Users/christerolsen/GinieSystem/NanoTech/Autogenerated/g.shield_panel_211043.sh
游대 [21:15:44] Loop...
[ENDRINGER]: 
九勇 Mutasjon: /Users/christerolsen/GinieSystem/NanoTech/Autogenerated/statuspanel_211544.sh
游대 [21:20:44] Loop...
[ENDRINGER]: 
九勇 Mutasjon: /Users/christerolsen/GinieSystem/NanoTech/Autogenerated/g.recall_212044.sh
游대 [21:25:44] Loop...
[ENDRINGER]: 
九勇 Mutasjon: /Users/christerolsen/GinieSystem/NanoTech/Autogenerated/g.voice_deploy_212544.sh
游대 [21:30:44] Loop...
[ENDRINGER]: 
九勇 Mutasjon: /Users/christerolsen/GinieSystem/NanoTech/Autogenerated/gforge_prime_autostart_213044.sh
游대 [21:35:44] Loop...
[ENDRINGER]: 
九勇 Mutasjon: /Users/christerolsen/GinieSystem/NanoTech/Autogenerated/g.recovery_loop_213544.sh
游대 [21:40:44] Loop...
[ENDRINGER]: 
九勇 Mutasjon: /Users/christerolsen/GinieSystem/NanoTech/Autogenerated/git_autosync_214044.sh
游대 [21:45:44] Loop...
[ENDRINGER]: 
九勇 Mutasjon: /Users/christerolsen/GinieSystem/NanoTech/Autogenerated/gforce_total_repair_214544.sh
游대 [21:50:44] Loop...
[ENDRINGER]: 
九勇 Mutasjon: /Users/christerolsen/GinieSystem/NanoTech/Autogenerated/g.voice_215044.sh
游대 [21:55:44] Loop...
[ENDRINGER]: 
九勇 Mutasjon: /Users/christerolsen/GinieSystem/NanoTech/Autogenerated/deep_wallet_key_search_215544.sh
游대 [22:00:44] Loop...
[ENDRINGER]: 
九勇 Mutasjon: /Users/christerolsen/GinieSystem/NanoTech/Autogenerated/autofix_gforge_220044.sh
游대 [22:05:44] Loop...
[ENDRINGER]: 
九勇 Mutasjon: /Users/christerolsen/GinieSystem/NanoTech/Autogenerated/ginie_versioner_220544.sh
游대 [22:10:44] Loop...
[ENDRINGER]: 
九勇 Mutasjon: /Users/christerolsen/GinieSystem/NanoTech/Autogenerated/nano_wizard_221045.sh
游대 [22:15:45] Loop...
[ENDRINGER]: 
九勇 Mutasjon: /Users/christerolsen/GinieSystem/NanoTech/Autogenerated/ginie_dashboard_221545.sh
游대 [22:20:45] Loop...
[ENDRINGER]: 
九勇 Mutasjon: /Users/christerolsen/GinieSystem/NanoTech/Autogenerated/g.recovery_loop_222045.sh
游대 [22:25:45] Loop...
[ENDRINGER]: 
九勇 Mutasjon: /Users/christerolsen/GinieSystem/NanoTech/Autogenerated/g.manual_update_now_222545.sh
游대 [22:30:45] Loop...
[ENDRINGER]: 
九勇 Mutasjon: /Users/christerolsen/GinieSystem/NanoTech/Autogenerated/g.train_223045.sh
游대 [22:35:45] Loop...
[ENDRINGER]: 
九勇 Mutasjon: /Users/christerolsen/GinieSystem/NanoTech/Autogenerated/nanotec_fix_voice_223545.sh
游대 [22:40:45] Loop...
[ENDRINGER]: 
九勇 Mutasjon: /Users/christerolsen/GinieSystem/NanoTech/Autogenerated/g.voice_deploy_224045.sh
游대 [22:45:45] Loop...
[ENDRINGER]: 
九勇 Mutasjon: /Users/christerolsen/GinieSystem/NanoTech/Autogenerated/start_symbiose_cron_224545.sh
游대 [22:50:45] Loop...
[ENDRINGER]: 
九勇 Mutasjon: /Users/christerolsen/GinieSystem/NanoTech/Autogenerated/psilo.2_225045.sh
游대 [22:55:45] Loop...
[ENDRINGER]: 
九勇 Mutasjon: /Users/christerolsen/GinieSystem/NanoTech/Autogenerated/g.voice_225545.sh
游대 [23:00:45] Loop...
[ENDRINGER]: 
九勇 Mutasjon: /Users/christerolsen/GinieSystem/NanoTech/Autogenerated/gforge_prime_autostart_230045.sh
游대 [23:05:45] Loop...
[ENDRINGER]: 
九勇 Mutasjon: /Users/christerolsen/GinieSystem/NanoTech/Autogenerated/earn_mission_230545.sh
游대 [23:10:46] Loop...
[ENDRINGER]: 
九勇 Mutasjon: /Users/christerolsen/GinieSystem/NanoTech/Autogenerated/ginie_versioner_231046.sh
游대 [23:15:46] Loop...
[ENDRINGER]: 
九勇 Mutasjon: /Users/christerolsen/GinieSystem/NanoTech/Autogenerated/ginie_bypass_231546.sh
游대 [23:20:46] Loop...
[ENDRINGER]: 
九勇 Mutasjon: /Users/christerolsen/GinieSystem/NanoTech/Autogenerated/gforce_genesis_232046.sh
游대 [23:25:46] Loop...
[ENDRINGER]: 
九勇 Mutasjon: /Users/christerolsen/GinieSystem/NanoTech/Autogenerated/g.update_all_232546.sh
游대 [23:30:46] Loop...
[ENDRINGER]: 
九勇 Mutasjon: /Users/christerolsen/GinieSystem/NanoTech/Autogenerated/send_from_sol_233046.sh
游대 [23:35:46] Loop...
[ENDRINGER]: 
九勇 Mutasjon: /Users/christerolsen/GinieSystem/NanoTech/Autogenerated/search_pi_passphrase_notes_233546.sh
游대 [23:40:46] Loop...
[ENDRINGER]: 
九勇 Mutasjon: /Users/christerolsen/GinieSystem/NanoTech/Autogenerated/g.train_234046.sh
游대 [23:45:46] Loop...
[ENDRINGER]: 
九勇 Mutasjon: /Users/christerolsen/GinieSystem/NanoTech/Autogenerated/g.learn_234546.sh
游대 [23:50:46] Loop...
[ENDRINGER]: 
九勇 Mutasjon: /Users/christerolsen/GinieSystem/NanoTech/Autogenerated/ginie_zip_to_icloud_235046.sh
游대 [23:55:46] Loop...
[ENDRINGER]: 
九勇 Mutasjon: /Users/christerolsen/GinieSystem/NanoTech/Autogenerated/g.voice_235546.sh
