🔁 Recovery loop startet: 2025-07-22 06:47:24
✅ Loop ferdig: 2025-07-22 06:47:25
♻️ Recovery-loop: tir. 22 jul. 2025 06.56.16 CEST
✅ Recovery done: tir. 22 jul. 2025 06.56.16 CEST
♻️ Recovery-loop: tir. 22 jul. 2025 12.17.01 CEST
✅ Recovery done: tir. 22 jul. 2025 12.17.02 CEST
♻️ Recovery-loop: Wed Jul 23 03:05:00 CEST 2025
♻️ Recovery-loop: Wed Jul 23 03:05:00 CEST 2025
♻️ Recovery-loop: Wed Jul 23 03:05:00 CEST 2025
✅ Recovery done: Wed Jul 23 03:05:00 CEST 2025
✅ Recovery done: Wed Jul 23 03:05:00 CEST 2025
✅ Recovery done: Wed Jul 23 03:05:00 CEST 2025
♻️ Recovery-loop: Thu Jul 24 03:05:00 CEST 2025
♻️ Recovery-loop: Thu Jul 24 03:05:00 CEST 2025
♻️ Recovery-loop: Thu Jul 24 03:05:00 CEST 2025
✅ Recovery done: Thu Jul 24 03:05:01 CEST 2025
✅ Recovery done: Thu Jul 24 03:05:01 CEST 2025
✅ Recovery done: Thu Jul 24 03:05:01 CEST 2025
♻️ Recovery-loop: Fri Jul 25 03:05:00 CEST 2025
♻️ Recovery-loop: Fri Jul 25 03:05:00 CEST 2025
♻️ Recovery-loop: Fri Jul 25 03:05:00 CEST 2025
✅ Recovery done: Fri Jul 25 03:05:02 CEST 2025
✅ Recovery done: Fri Jul 25 03:05:02 CEST 2025
✅ Recovery done: Fri Jul 25 03:05:02 CEST 2025
♻️ Recovery-loop: Sat Jul 26 03:05:00 CEST 2025
✅ Recovery done: Sat Jul 26 03:05:01 CEST 2025
♻️ Recovery-loop: Sun Jul 27 03:05:00 CEST 2025
✅ Recovery done: Sun Jul 27 03:05:01 CEST 2025
