Mon Jul 14 03:40:29 CEST 2025: Restartet via autostart
Mon Jul 14 03:40:29 CEST 2025: Restartet via autostart
Mon Jul 14 03:41:35 CEST 2025: Restartet via autostart
Mon Jul 14 03:41:35 CEST 2025: Restartet via autostart
Mon Jul 14 03:44:43 CEST 2025: Restartet via autostart
Mon Jul 14 03:44:43 CEST 2025: Restartet via autostart
Mon Jul 14 03:58:52 CEST 2025: Restartet via autostart
Mon Jul 14 03:58:52 CEST 2025: Restartet via autostart
Mon Jul 14 04:12:13 CEST 2025: Restartet via autostart
Mon Jul 14 04:12:13 CEST 2025: Restartet via autostart
Mon Jul 14 04:17:25 CEST 2025: Restartet via autostart
Mon Jul 14 04:17:25 CEST 2025: Restartet via autostart
Mon Jul 14 06:19:29 CEST 2025: Restartet via autostart
Mon Jul 14 06:19:29 CEST 2025: Restartet via autostart
Mon Jul 14 12:27:52 CEST 2025: Restartet via autostart
Mon Jul 14 12:27:52 CEST 2025: Restartet via autostart
Tue Jul 15 02:06:06 CEST 2025: Restartet via autostart
Tue Jul 15 02:06:06 CEST 2025: Restartet via autostart
Tue Jul 15 04:02:57 CEST 2025: Restartet via autostart
Tue Jul 15 04:02:57 CEST 2025: Restartet via autostart
Tue Jul 15 04:08:14 CEST 2025: Restartet via autostart
Tue Jul 15 04:08:14 CEST 2025: Restartet via autostart
Tue Jul 15 04:16:32 CEST 2025: Restartet via autostart
Tue Jul 15 04:16:32 CEST 2025: Restartet via autostart
Tue Jul 15 05:16:43 CEST 2025: Restartet via autostart
Tue Jul 15 05:16:43 CEST 2025: Restartet via autostart
Tue Jul 15 06:44:45 CEST 2025: Restartet via autostart
Tue Jul 15 06:44:45 CEST 2025: Restartet via autostart
Tue Jul 15 06:45:42 CEST 2025: Restartet via autostart
Tue Jul 15 06:45:42 CEST 2025: Restartet via autostart
Tue Jul 15 06:46:00 CEST 2025: Restartet via autostart
Tue Jul 15 06:46:00 CEST 2025: Restartet via autostart
Tue Jul 15 06:49:52 CEST 2025: Restartet via autostart
Tue Jul 15 06:49:52 CEST 2025: Restartet via autostart
Tue Jul 15 06:51:16 CEST 2025: Restartet via autostart
Tue Jul 15 06:51:16 CEST 2025: Restartet via autostart
Tue Jul 15 07:25:44 CEST 2025: Restartet via autostart
Tue Jul 15 07:25:44 CEST 2025: Restartet via autostart
Tue Jul 15 07:42:26 CEST 2025: Restartet via autostart
Tue Jul 15 07:42:26 CEST 2025: Restartet via autostart
Tue Jul 15 07:45:47 CEST 2025: Restartet via autostart
Tue Jul 15 07:45:47 CEST 2025: Restartet via autostart
Tue Jul 15 08:14:34 CEST 2025: Restartet via autostart
Tue Jul 15 08:14:34 CEST 2025: Restartet via autostart
Tue Jul 15 14:52:30 CEST 2025: Restartet via autostart
Tue Jul 15 14:52:30 CEST 2025: Restartet via autostart
Tue Jul 15 15:05:38 CEST 2025: Restartet via autostart
Tue Jul 15 15:05:38 CEST 2025: Restartet via autostart
Tue Jul 15 15:09:25 CEST 2025: Restartet via autostart
Tue Jul 15 15:09:25 CEST 2025: Restartet via autostart
Tue Jul 15 16:02:59 CEST 2025: Restartet via autostart
Tue Jul 15 16:02:59 CEST 2025: Restartet via autostart
Tue Jul 15 16:23:06 CEST 2025: Restartet via autostart
Tue Jul 15 16:23:06 CEST 2025: Restartet via autostart
Tue Jul 15 16:46:20 CEST 2025: Restartet via autostart
Tue Jul 15 16:46:20 CEST 2025: Restartet via autostart
Tue Jul 15 17:09:53 CEST 2025: Restartet via autostart
Tue Jul 15 17:09:53 CEST 2025: Restartet via autostart
Tue Jul 15 17:25:33 CEST 2025: Restartet via autostart
Tue Jul 15 17:25:33 CEST 2025: Restartet via autostart
Tue Jul 15 18:00:24 CEST 2025: Restartet via autostart
Tue Jul 15 18:00:24 CEST 2025: Restartet via autostart
Tue Jul 15 18:00:43 CEST 2025: Restartet via autostart
Tue Jul 15 18:00:43 CEST 2025: Restartet via autostart
Tue Jul 15 18:21:44 CEST 2025: Restartet via autostart
Tue Jul 15 18:21:44 CEST 2025: Restartet via autostart
Tue Jul 15 18:27:02 CEST 2025: Restartet via autostart
Tue Jul 15 19:14:32 CEST 2025: Restartet via autostart
Tue Jul 15 19:14:32 CEST 2025: Restartet via autostart
Tue Jul 15 19:31:52 CEST 2025: Restartet via autostart
Tue Jul 15 19:31:52 CEST 2025: Restartet via autostart
Tue Jul 15 22:59:31 CEST 2025: Restartet via autostart
Tue Jul 15 22:59:31 CEST 2025: Restartet via autostart
Tue Jul 15 23:05:21 CEST 2025: Restartet via autostart
Tue Jul 15 23:05:21 CEST 2025: Restartet via autostart
Tue Jul 15 23:10:33 CEST 2025: Restartet via autostart
Tue Jul 15 23:10:33 CEST 2025: Restartet via autostart
Tue Jul 15 23:11:54 CEST 2025: Restartet via autostart
Tue Jul 15 23:11:54 CEST 2025: Restartet via autostart
Wed Jul 16 07:12:19 CEST 2025: Restartet via autostart
Wed Jul 16 07:12:19 CEST 2025: Restartet via autostart
Wed Jul 16 15:24:06 CEST 2025: Restartet via autostart
Wed Jul 16 15:24:06 CEST 2025: Restartet via autostart
Wed Jul 16 18:54:31 CEST 2025: Restartet via autostart
Wed Jul 16 18:54:31 CEST 2025: Restartet via autostart
Thu Jul 17 00:01:09 CEST 2025: Restartet via autostart
Thu Jul 17 00:01:09 CEST 2025: Restartet via autostart
Thu Jul 17 12:08:18 CEST 2025: Restartet via autostart
Thu Jul 17 12:08:18 CEST 2025: Restartet via autostart
Fri Jul 18 04:22:50 CEST 2025: Restartet via autostart
Fri Jul 18 04:22:50 CEST 2025: Restartet via autostart
Fri Jul 18 09:22:25 CEST 2025: Restartet via autostart
Fri Jul 18 09:22:25 CEST 2025: Restartet via autostart
Sat Jul 19 04:36:30 CEST 2025: Restartet via autostart
Sat Jul 19 04:36:30 CEST 2025: Restartet via autostart
Sat Jul 19 09:05:05 CEST 2025: Restartet via autostart
Sat Jul 19 09:05:05 CEST 2025: Restartet via autostart
Sat Jul 19 09:10:31 CEST 2025: Restartet via autostart
Sat Jul 19 09:10:31 CEST 2025: Restartet via autostart
Sat Jul 19 09:32:19 CEST 2025: Restartet via autostart
Sat Jul 19 09:32:19 CEST 2025: Restartet via autostart
Sat Jul 19 09:54:28 CEST 2025: Restartet via autostart
Sat Jul 19 09:54:28 CEST 2025: Restartet via autostart
Sat Jul 19 10:05:44 CEST 2025: Restartet via autostart
Sat Jul 19 10:05:44 CEST 2025: Restartet via autostart
Sat Jul 19 10:05:46 CEST 2025: Restartet via autostart
Sat Jul 19 10:05:46 CEST 2025: Restartet via autostart
Sat Jul 19 10:05:49 CEST 2025: Restartet via autostart
Sat Jul 19 10:05:49 CEST 2025: Restartet via autostart
Sat Jul 19 10:07:36 CEST 2025: Restartet via autostart
Sat Jul 19 10:07:36 CEST 2025: Restartet via autostart
Sat Jul 19 10:10:31 CEST 2025: Restartet via autostart
Sat Jul 19 10:10:31 CEST 2025: Restartet via autostart
Sat Jul 19 17:03:57 CEST 2025: Restartet via autostart
Sat Jul 19 17:03:57 CEST 2025: Restartet via autostart
Sat Jul 19 17:05:28 CEST 2025: Restartet via autostart
Sat Jul 19 17:05:28 CEST 2025: Restartet via autostart
Sat Jul 19 17:05:55 CEST 2025: Restartet via autostart
Sat Jul 19 17:05:55 CEST 2025: Restartet via autostart
Sat Jul 19 17:06:12 CEST 2025: Restartet via autostart
Sat Jul 19 17:06:12 CEST 2025: Restartet via autostart
Sun Jul 20 02:25:48 CEST 2025: Restartet via autostart
Sun Jul 20 02:25:48 CEST 2025: Restartet via autostart
Sun Jul 20 05:43:42 CEST 2025: Restartet via autostart
Sun Jul 20 05:43:42 CEST 2025: Restartet via autostart
Sun Jul 20 17:51:43 CEST 2025: Restartet via autostart
Sun Jul 20 17:51:43 CEST 2025: Restartet via autostart
Sun Jul 20 18:06:21 CEST 2025: Restartet via autostart
Sun Jul 20 18:06:21 CEST 2025: Restartet via autostart
søn. 20 jul. 2025 21.01.43 CEST: Restartet via autostart
søn. 20 jul. 2025 21.01.43 CEST: Restartet via autostart
Sun Jul 20 21:20:11 CEST 2025: Restartet via autostart
Sun Jul 20 21:20:11 CEST 2025: Restartet via autostart
man. 21 jul. 2025 07.04.40 CEST: Restartet via autostart
man. 21 jul. 2025 07.04.40 CEST: Restartet via autostart
tir. 22 jul. 2025 04.41.29 CEST: Restartet via autostart
tir. 22 jul. 2025 04.41.29 CEST: Restartet via autostart
Tue Jul 22 05:11:37 CEST 2025: Restartet via autostart
Tue Jul 22 05:11:37 CEST 2025: Restartet via autostart
Tue Jul 22 06:27:04 CEST 2025: Restartet via autostart
Tue Jul 22 06:27:04 CEST 2025: Restartet via autostart
tir. 22 jul. 2025 12.20.05 CEST: Restartet via autostart
tir. 22 jul. 2025 12.20.05 CEST: Restartet via autostart
Wed Jul 23 07:40:10 CEST 2025: Restartet via autostart
Wed Jul 23 07:40:10 CEST 2025: Restartet via autostart
Wed Jul 23 08:26:29 CEST 2025: Restartet via autostart
Wed Jul 23 08:26:29 CEST 2025: Restartet via autostart
Wed Jul 23 09:01:43 CEST 2025: Restartet via autostart
Wed Jul 23 09:01:43 CEST 2025: Restartet via autostart
tor. 24 jul. 2025 15.55.35 CEST: Restartet via autostart
tor. 24 jul. 2025 15.55.35 CEST: Restartet via autostart
tor. 24 jul. 2025 16.23.59 CEST: Restartet via autostart
tor. 24 jul. 2025 16.23.59 CEST: Restartet via autostart
Fri Jul 25 21:16:56 CEST 2025: Restartet via autostart
Fri Jul 25 21:16:56 CEST 2025: Restartet via autostart
Fri Jul 25 22:58:19 CEST 2025: Restartet via autostart
Fri Jul 25 22:58:19 CEST 2025: Restartet via autostart
