💠 [g.forge.prime] Starter sikkerhetskopi 2025-07-14T02:33:53
🛡️ Backup fullført kl 2025-07-14T02:33:53
💠 [2025-07-14T02:51:21] g.forge.prime starter...
💠 [g.forge.prime] Starter sikkerhetskopi 2025-07-14T02:51:21
🛡️ Backup fullført kl 2025-07-14T02:51:21
💠 [g.forge.prime] Starter sikkerhetskopi 2025-07-14T03:22:10
🛡️ Backup fullført kl 2025-07-14T03:22:10
💠 [g.forge.prime] Starter sikkerhetskopi 2025-07-14T03:23:04
💠 [g.forge.prime] Starter sikkerhetskopi 2025-07-14T03:23:04
🛡️ Backup fullført kl 2025-07-14T03:23:04
🛡️ Backup fullført kl 2025-07-14T03:23:04
💠 [g.forge.prime] Starter sikkerhetskopi 2025-07-14T03:33:23
💠 [g.forge.prime] Starter sikkerhetskopi 2025-07-14T03:33:23
🛡️ Backup fullført kl 2025-07-14T03:33:23
🛡️ Backup fullført kl 2025-07-14T03:33:23
💠 [g.forge.prime] Starter sikkerhetskopi 2025-07-14T03:34:28
🛡️ Backup fullført kl 2025-07-14T03:34:28
💠 [g.forge.prime] Starter sikkerhetskopi 2025-07-14T03:35:52
🛡️ Backup fullført kl 2025-07-14T03:35:52
💠 [g.forge.prime] Starter sikkerhetskopi 2025-07-14T03:39:34
🛡️ Backup fullført kl 2025-07-14T03:39:34
💠 [g.forge.prime] Starter sikkerhetskopi 2025-07-14T03:39:48
🛡️ Backup fullført kl 2025-07-14T03:39:48
💠 [g.forge.prime] Starter sikkerhetskopi 2025-07-14T03:40:29
💠 [g.forge.prime] Starter sikkerhetskopi 2025-07-14T03:40:29
🛡️ Backup fullført kl 2025-07-14T03:40:29
🛡️ Backup fullført kl 2025-07-14T03:40:29
💠 [g.forge.prime] Starter sikkerhetskopi 2025-07-14T03:41:35
💠 [g.forge.prime] Starter sikkerhetskopi 2025-07-14T03:41:35
🛡️ Backup fullført kl 2025-07-14T03:41:35
🛡️ Backup fullført kl 2025-07-14T03:41:35
💠 [g.forge.prime] Starter sikkerhetskopi 2025-07-14T03:41:35
🛡️ Backup fullført kl 2025-07-14T03:41:35
💠 [g.forge.prime] Starter sikkerhetskopi 2025-07-14T03:44:43
💠 [g.forge.prime] Starter sikkerhetskopi 2025-07-14T03:44:43
🛡️ Backup fullført kl 2025-07-14T03:44:43
🛡️ Backup fullført kl 2025-07-14T03:44:43
💠 [g.forge.prime] Starter sikkerhetskopi 2025-07-14T03:44:43
🛡️ Backup fullført kl 2025-07-14T03:44:43
💠 [g.forge.prime] Starter sikkerhetskopi 2025-07-14T03:44:43
🛡️ Backup fullført kl 2025-07-14T03:44:43
💠 [g.forge.prime] Starter sikkerhetskopi 2025-07-14T03:58:52
💠 [g.forge.prime] Starter sikkerhetskopi 2025-07-14T03:58:52
🛡️ Backup fullført kl 2025-07-14T03:58:52
🛡️ Backup fullført kl 2025-07-14T03:58:52
💠 [g.forge.prime] Starter sikkerhetskopi 2025-07-14T03:58:52
🛡️ Backup fullført kl 2025-07-14T03:58:52
💠 [g.forge.prime] Starter sikkerhetskopi 2025-07-14T03:58:52
🛡️ Backup fullført kl 2025-07-14T03:58:52
💠 [g.forge.prime] Starter sikkerhetskopi 2025-07-14T04:12:13
💠 [g.forge.prime] Starter sikkerhetskopi 2025-07-14T04:12:13
🛡️ Backup fullført kl 2025-07-14T04:12:13
🛡️ Backup fullført kl 2025-07-14T04:12:13
💠 [g.forge.prime] Starter sikkerhetskopi 2025-07-14T04:12:13
🛡️ Backup fullført kl 2025-07-14T04:12:13
💠 [g.forge.prime] Starter sikkerhetskopi 2025-07-14T04:12:13
🛡️ Backup fullført kl 2025-07-14T04:12:13
💠 [g.forge.prime] Starter sikkerhetskopi 2025-07-14T04:17:25
💠 [g.forge.prime] Starter sikkerhetskopi 2025-07-14T04:17:25
🛡️ Backup fullført kl 2025-07-14T04:17:25
🛡️ Backup fullført kl 2025-07-14T04:17:25
💠 [g.forge.prime] Starter sikkerhetskopi 2025-07-14T04:17:25
🛡️ Backup fullført kl 2025-07-14T04:17:25
💠 [g.forge.prime] Starter sikkerhetskopi 2025-07-14T04:17:25
🛡️ Backup fullført kl 2025-07-14T04:17:25
💠 [g.forge.prime] Starter sikkerhetskopi 2025-07-14T04:44:00
/Users/christerolsen/GinieSystem/Scripts/gforge_prime_backup.sh: line 15: /Users/christerolsen/GinieSystem/Vault/Security/pin_breach.json: syntax error: operand expected (error token is "/Users/christerolsen/GinieSystem/Vault/Security/pin_breach.json")
🛡️ Backup fullført kl 2025-07-14T04:44:00
💠 [g.forge.prime] Starter sikkerhetskopi 2025-07-14T06:19:30
💠 [g.forge.prime] Starter sikkerhetskopi 2025-07-14T06:19:30
🛡️ Backup fullført kl 2025-07-14T06:19:30
🛡️ Backup fullført kl 2025-07-14T06:19:30
💠 [g.forge.prime] Starter sikkerhetskopi 2025-07-14T06:19:30
💠 [g.forge.prime] Starter sikkerhetskopi 2025-07-14T06:19:30
🛡️ Backup fullført kl 2025-07-14T06:19:30
🛡️ Backup fullført kl 2025-07-14T06:19:30
💠 [g.forge.prime] Starter sikkerhetskopi 2025-07-14T12:27:52
💠 [g.forge.prime] Starter sikkerhetskopi 2025-07-14T12:27:52
🛡️ Backup fullført kl 2025-07-14T12:27:52
🛡️ Backup fullført kl 2025-07-14T12:27:52
💠 [g.forge.prime] Starter sikkerhetskopi 2025-07-14T12:27:52
🛡️ Backup fullført kl 2025-07-14T12:27:52
💠 [g.forge.prime] Starter sikkerhetskopi 2025-07-14T12:27:52
🛡️ Backup fullført kl 2025-07-14T12:27:52
💠 [g.forge.prime] Starter sikkerhetskopi 2025-07-15T02:06:06
💠 [g.forge.prime] Starter sikkerhetskopi 2025-07-15T02:06:06
🛡️ Backup fullført kl 2025-07-15T02:06:06
🛡️ Backup fullført kl 2025-07-15T02:06:06
💠 [g.forge.prime] Starter sikkerhetskopi 2025-07-15T02:06:06
🛡️ Backup fullført kl 2025-07-15T02:06:06
💠 [g.forge.prime] Starter sikkerhetskopi 2025-07-15T02:06:06
🛡️ Backup fullført kl 2025-07-15T02:06:06
???? [g.forge.prime] Starter sikkerhetskopi 2025-07-15T03:43:27
💠 [g.forge.prime] Starter sikkerhetskopi 2025-07-15T03:48:51
💠 [g.forge.prime] Starter sikkerhetskopi 2025-07-15T03:51:29
💠 [g.forge.prime] Starter sikkerhetskopi 2025-07-15T03:59:01
🛡️ Kryptert og lagret: /Users/christerolsen/Library/Mobile Documents/com~apple~CloudDocs/GinieBackups/pin_breach.json_2025-07-15T03:59:01.gpg
🛡️ Kryptert og lagret: /Users/christerolsen/Library/Mobile Documents/com~apple~CloudDocs/GinieBackups/cron_mailproof_2025-07-15T03:59:01.gpg
🛡️ Backup fullført kl 2025-07-15T03:59:01
💠 [g.forge.prime] Starter sikkerhetskopi 2025-07-15T04:02:57
💠 [g.forge.prime] Starter sikkerhetskopi 2025-07-15T04:02:57
🛡️ Kryptert og lagret: /Users/christerolsen/Library/Mobile Documents/com~apple~CloudDocs/GinieBackups/pin_breach.json_2025-07-15T04:02:57.gpg
🛡️ Kryptert og lagret: /Users/christerolsen/Library/Mobile Documents/com~apple~CloudDocs/GinieBackups/pin_breach.json_2025-07-15T04:02:57.gpg
💠 [g.forge.prime] Starter sikkerhetskopi 2025-07-15T04:02:57
💠 [g.forge.prime] Starter sikkerhetskopi 2025-07-15T04:02:57
🛡️ Kryptert og lagret: /Users/christerolsen/Library/Mobile Documents/com~apple~CloudDocs/GinieBackups/pin_breach.json_2025-07-15T04:02:57.gpg
🛡️ Kryptert og lagret: /Users/christerolsen/Library/Mobile Documents/com~apple~CloudDocs/GinieBackups/pin_breach.json_2025-07-15T04:02:57.gpg
🛡️ Kryptert og lagret: /Users/christerolsen/Library/Mobile Documents/com~apple~CloudDocs/GinieBackups/cron_mailproof_2025-07-15T04:02:57.gpg
🛡️ Kryptert og lagret: /Users/christerolsen/Library/Mobile Documents/com~apple~CloudDocs/GinieBackups/cron_mailproof_2025-07-15T04:02:57.gpg
🛡️ Backup fullført kl 2025-07-15T04:02:57
🛡️ Backup fullført kl 2025-07-15T04:02:57
🛡️ Kryptert og lagret: /Users/christerolsen/Library/Mobile Documents/com~apple~CloudDocs/GinieBackups/cron_mailproof_2025-07-15T04:02:57.gpg
🛡️ Backup fullført kl 2025-07-15T04:02:57
🛡️ Kryptert og lagret: /Users/christerolsen/Library/Mobile Documents/com~apple~CloudDocs/GinieBackups/cron_mailproof_2025-07-15T04:02:57.gpg
🛡️ Backup fullført kl 2025-07-15T04:02:57
???? [g.forge.prime] Starter sikkerhetskopi 2025-07-15T04:08:14
???? [g.forge.prime] Starter sikkerhetskopi 2025-07-15T04:08:14
??????? Kryptert og lagret: /Users/christerolsen/Library/Mobile Documents/com~apple~CloudDocs/GinieBackups/pin_breach.json_2025-07-15T04:08:14.gpg
???? [g.forge.prime] Starter sikkerhetskopi 2025-07-15T04:08:14
???? [g.forge.prime] Starter sikkerhetskopi 2025-07-15T04:08:14
??????? Kryptert og lagret: /Users/christerolsen/Library/Mobile Documents/com~apple~CloudDocs/GinieBackups/pin_breach.json_2025-07-15T04:08:14.gpg
??????? Kryptert og lagret: /Users/christerolsen/Library/Mobile Documents/com~apple~CloudDocs/GinieBackups/pin_breach.json_2025-07-15T04:08:14.gpg
??????? Kryptert og lagret: /Users/christerolsen/Library/Mobile Documents/com~apple~CloudDocs/GinieBackups/pin_breach.json_2025-07-15T04:08:14.gpg
??????? Kryptert og lagret: /Users/christerolsen/Library/Mobile Documents/com~apple~CloudDocs/GinieBackups/cron_mailproof_2025-07-15T04:08:14.gpg
??????? Kryptert og lagret: /Users/christerolsen/Library/Mobile Documents/com~apple~CloudDocs/GinieBackups/cron_mailproof_2025-07-15T04:08:14.gpg
??????? Kryptert og lagret: /Users/christerolsen/Library/Mobile Documents/com~apple~CloudDocs/GinieBackups/cron_mailproof_2025-07-15T04:08:14.gpg
??????? Kryptert og lagret: /Users/christerolsen/Library/Mobile Documents/com~apple~CloudDocs/GinieBackups/cron_mailproof_2025-07-15T04:08:14.gpg
??????? Backup fullf??rt kl 2025-07-15T04:08:14
??????? Backup fullf??rt kl 2025-07-15T04:08:14
??????? Backup fullf??rt kl 2025-07-15T04:08:14
??????? Backup fullf??rt kl 2025-07-15T04:08:14
???? [g.forge.prime] Starter sikkerhetskopi 2025-07-15T04:16:32
???? [g.forge.prime] Starter sikkerhetskopi 2025-07-15T04:16:32
??????? Kryptert og lagret: /Users/christerolsen/Library/Mobile Documents/com~apple~CloudDocs/GinieBackups/pin_breach.json_2025-07-15T04:16:32.gpg
???? [g.forge.prime] Starter sikkerhetskopi 2025-07-15T04:16:32
???? [g.forge.prime] Starter sikkerhetskopi 2025-07-15T04:16:32
??????? Kryptert og lagret: /Users/christerolsen/Library/Mobile Documents/com~apple~CloudDocs/GinieBackups/pin_breach.json_2025-07-15T04:16:32.gpg
??????? Kryptert og lagret: /Users/christerolsen/Library/Mobile Documents/com~apple~CloudDocs/GinieBackups/pin_breach.json_2025-07-15T04:16:32.gpg
??????? Kryptert og lagret: /Users/christerolsen/Library/Mobile Documents/com~apple~CloudDocs/GinieBackups/pin_breach.json_2025-07-15T04:16:32.gpg
??????? Kryptert og lagret: /Users/christerolsen/Library/Mobile Documents/com~apple~CloudDocs/GinieBackups/cron_mailproof_2025-07-15T04:16:32.gpg
??????? Kryptert og lagret: /Users/christerolsen/Library/Mobile Documents/com~apple~CloudDocs/GinieBackups/cron_mailproof_2025-07-15T04:16:32.gpg
??????? Kryptert og lagret: /Users/christerolsen/Library/Mobile Documents/com~apple~CloudDocs/GinieBackups/cron_mailproof_2025-07-15T04:16:32.gpg
??????? Backup fullf??rt kl 2025-07-15T04:16:32
??????? Kryptert og lagret: /Users/christerolsen/Library/Mobile Documents/com~apple~CloudDocs/GinieBackups/cron_mailproof_2025-07-15T04:16:32.gpg
??????? Backup fullf??rt kl 2025-07-15T04:16:32
??????? Backup fullf??rt kl 2025-07-15T04:16:32
??????? Backup fullf??rt kl 2025-07-15T04:16:32
???? [g.forge.prime] Starter sikkerhetskopi 2025-07-15T04:44:00
???? [g.forge.prime] Starter sikkerhetskopi 2025-07-15T04:44:00
/Users/christerolsen/GinieSystem/Scripts/gforge_prime_backup.sh: line 25: gpg: command not found
/Users/christerolsen/GinieSystem/Scripts/gforge_prime_backup.sh: line 25: gpg: command not found
??????? Backup fullf??rt kl 2025-07-15T04:44:00
??????? Backup fullf??rt kl 2025-07-15T04:44:00
???? [g.forge.prime] Starter sikkerhetskopi 2025-07-15T05:16:43
???? [g.forge.prime] Starter sikkerhetskopi 2025-07-15T05:16:43
??????? Kryptert og lagret: /Users/christerolsen/Library/Mobile Documents/com~apple~CloudDocs/GinieBackups/pin_breach.json_2025-07-15T05:16:43.gpg
???? [g.forge.prime] Starter sikkerhetskopi 2025-07-15T05:16:43
???? [g.forge.prime] Starter sikkerhetskopi 2025-07-15T05:16:43
??????? Kryptert og lagret: /Users/christerolsen/Library/Mobile Documents/com~apple~CloudDocs/GinieBackups/pin_breach.json_2025-07-15T05:16:43.gpg
??????? Kryptert og lagret: /Users/christerolsen/Library/Mobile Documents/com~apple~CloudDocs/GinieBackups/pin_breach.json_2025-07-15T05:16:43.gpg
??????? Kryptert og lagret: /Users/christerolsen/Library/Mobile Documents/com~apple~CloudDocs/GinieBackups/pin_breach.json_2025-07-15T05:16:43.gpg
??????? Kryptert og lagret: /Users/christerolsen/Library/Mobile Documents/com~apple~CloudDocs/GinieBackups/cron_mailproof_2025-07-15T05:16:43.gpg
??????? Kryptert og lagret: /Users/christerolsen/Library/Mobile Documents/com~apple~CloudDocs/GinieBackups/cron_mailproof_2025-07-15T05:16:43.gpg
??????? Kryptert og lagret: /Users/christerolsen/Library/Mobile Documents/com~apple~CloudDocs/GinieBackups/cron_mailproof_2025-07-15T05:16:43.gpg
??????? Backup fullf??rt kl 2025-07-15T05:16:43
??????? Kryptert og lagret: /Users/christerolsen/Library/Mobile Documents/com~apple~CloudDocs/GinieBackups/cron_mailproof_2025-07-15T05:16:43.gpg
??????? Backup fullf??rt kl 2025-07-15T05:16:43
??????? Backup fullf??rt kl 2025-07-15T05:16:43
??????? Backup fullf??rt kl 2025-07-15T05:16:43
???? [g.forge.prime] Starter sikkerhetskopi 2025-07-15T06:44:45
???? [g.forge.prime] Starter sikkerhetskopi 2025-07-15T06:44:45
??????? Kryptert og lagret: /Users/christerolsen/Library/Mobile Documents/com~apple~CloudDocs/GinieBackups/pin_breach.json_2025-07-15T06:44:45.gpg
??????? Kryptert og lagret: /Users/christerolsen/Library/Mobile Documents/com~apple~CloudDocs/GinieBackups/pin_breach.json_2025-07-15T06:44:45.gpg
???? [g.forge.prime] Starter sikkerhetskopi 2025-07-15T06:44:45
???? [g.forge.prime] Starter sikkerhetskopi 2025-07-15T06:44:45
??????? Kryptert og lagret: /Users/christerolsen/Library/Mobile Documents/com~apple~CloudDocs/GinieBackups/pin_breach.json_2025-07-15T06:44:45.gpg
??????? Kryptert og lagret: /Users/christerolsen/Library/Mobile Documents/com~apple~CloudDocs/GinieBackups/pin_breach.json_2025-07-15T06:44:45.gpg
??????? Kryptert og lagret: /Users/christerolsen/Library/Mobile Documents/com~apple~CloudDocs/GinieBackups/cron_mailproof_2025-07-15T06:44:45.gpg
??????? Kryptert og lagret: /Users/christerolsen/Library/Mobile Documents/com~apple~CloudDocs/GinieBackups/cron_mailproof_2025-07-15T06:44:45.gpg
??????? Kryptert og lagret: /Users/christerolsen/Library/Mobile Documents/com~apple~CloudDocs/GinieBackups/cron_mailproof_2025-07-15T06:44:45.gpg
??????? Kryptert og lagret: /Users/christerolsen/Library/Mobile Documents/com~apple~CloudDocs/GinieBackups/cron_mailproof_2025-07-15T06:44:45.gpg
??????? Backup fullf??rt kl 2025-07-15T06:44:45
??????? Backup fullf??rt kl 2025-07-15T06:44:45
??????? Backup fullf??rt kl 2025-07-15T06:44:45
??????? Backup fullf??rt kl 2025-07-15T06:44:45
???? [g.forge.prime] Starter sikkerhetskopi 2025-07-15T06:45:42
???? [g.forge.prime] Starter sikkerhetskopi 2025-07-15T06:45:42
??????? Kryptert og lagret: /Users/christerolsen/Library/Mobile Documents/com~apple~CloudDocs/GinieBackups/pin_breach.json_2025-07-15T06:45:42.gpg
???? [g.forge.prime] Starter sikkerhetskopi 2025-07-15T06:45:42
???? [g.forge.prime] Starter sikkerhetskopi 2025-07-15T06:45:42
??????? Kryptert og lagret: /Users/christerolsen/Library/Mobile Documents/com~apple~CloudDocs/GinieBackups/pin_breach.json_2025-07-15T06:45:42.gpg
??????? Kryptert og lagret: /Users/christerolsen/Library/Mobile Documents/com~apple~CloudDocs/GinieBackups/pin_breach.json_2025-07-15T06:45:42.gpg
??????? Kryptert og lagret: /Users/christerolsen/Library/Mobile Documents/com~apple~CloudDocs/GinieBackups/pin_breach.json_2025-07-15T06:45:42.gpg
??????? Kryptert og lagret: /Users/christerolsen/Library/Mobile Documents/com~apple~CloudDocs/GinieBackups/cron_mailproof_2025-07-15T06:45:42.gpg
??????? Kryptert og lagret: /Users/christerolsen/Library/Mobile Documents/com~apple~CloudDocs/GinieBackups/cron_mailproof_2025-07-15T06:45:42.gpg
??????? Kryptert og lagret: /Users/christerolsen/Library/Mobile Documents/com~apple~CloudDocs/GinieBackups/cron_mailproof_2025-07-15T06:45:42.gpg
??????? Kryptert og lagret: /Users/christerolsen/Library/Mobile Documents/com~apple~CloudDocs/GinieBackups/cron_mailproof_2025-07-15T06:45:42.gpg
??????? Backup fullf??rt kl 2025-07-15T06:45:42
??????? Backup fullf??rt kl 2025-07-15T06:45:42
??????? Backup fullf??rt kl 2025-07-15T06:45:42
??????? Backup fullf??rt kl 2025-07-15T06:45:42
???? [g.forge.prime] Starter sikkerhetskopi 2025-07-15T06:46:00
???? [g.forge.prime] Starter sikkerhetskopi 2025-07-15T06:46:00
??????? Kryptert og lagret: /Users/christerolsen/Library/Mobile Documents/com~apple~CloudDocs/GinieBackups/pin_breach.json_2025-07-15T06:46:00.gpg
??????? Kryptert og lagret: /Users/christerolsen/Library/Mobile Documents/com~apple~CloudDocs/GinieBackups/pin_breach.json_2025-07-15T06:46:00.gpg
???? [g.forge.prime] Starter sikkerhetskopi 2025-07-15T06:46:00
???? [g.forge.prime] Starter sikkerhetskopi 2025-07-15T06:46:00
??????? Kryptert og lagret: /Users/christerolsen/Library/Mobile Documents/com~apple~CloudDocs/GinieBackups/pin_breach.json_2025-07-15T06:46:00.gpg
??????? Kryptert og lagret: /Users/christerolsen/Library/Mobile Documents/com~apple~CloudDocs/GinieBackups/pin_breach.json_2025-07-15T06:46:00.gpg
??????? Kryptert og lagret: /Users/christerolsen/Library/Mobile Documents/com~apple~CloudDocs/GinieBackups/cron_mailproof_2025-07-15T06:46:00.gpg
??????? Kryptert og lagret: /Users/christerolsen/Library/Mobile Documents/com~apple~CloudDocs/GinieBackups/cron_mailproof_2025-07-15T06:46:00.gpg
??????? Kryptert og lagret: /Users/christerolsen/Library/Mobile Documents/com~apple~CloudDocs/GinieBackups/cron_mailproof_2025-07-15T06:46:00.gpg
??????? Kryptert og lagret: /Users/christerolsen/Library/Mobile Documents/com~apple~CloudDocs/GinieBackups/cron_mailproof_2025-07-15T06:46:00.gpg
??????? Backup fullf??rt kl 2025-07-15T06:46:00
??????? Backup fullf??rt kl 2025-07-15T06:46:00
??????? Backup fullf??rt kl 2025-07-15T06:46:00
??????? Backup fullf??rt kl 2025-07-15T06:46:00
???? [g.forge.prime] Starter sikkerhetskopi 2025-07-15T06:49:52
???? [g.forge.prime] Starter sikkerhetskopi 2025-07-15T06:49:52
??????? Kryptert og lagret: /Users/christerolsen/Library/Mobile Documents/com~apple~CloudDocs/GinieBackups/pin_breach.json_2025-07-15T06:49:52.gpg
??????? Kryptert og lagret: /Users/christerolsen/Library/Mobile Documents/com~apple~CloudDocs/GinieBackups/pin_breach.json_2025-07-15T06:49:52.gpg
???? [g.forge.prime] Starter sikkerhetskopi 2025-07-15T06:49:52
???? [g.forge.prime] Starter sikkerhetskopi 2025-07-15T06:49:52
??????? Kryptert og lagret: /Users/christerolsen/Library/Mobile Documents/com~apple~CloudDocs/GinieBackups/pin_breach.json_2025-07-15T06:49:52.gpg
??????? Kryptert og lagret: /Users/christerolsen/Library/Mobile Documents/com~apple~CloudDocs/GinieBackups/pin_breach.json_2025-07-15T06:49:52.gpg
??????? Kryptert og lagret: /Users/christerolsen/Library/Mobile Documents/com~apple~CloudDocs/GinieBackups/cron_mailproof_2025-07-15T06:49:52.gpg
??????? Kryptert og lagret: /Users/christerolsen/Library/Mobile Documents/com~apple~CloudDocs/GinieBackups/cron_mailproof_2025-07-15T06:49:52.gpg
??????? Kryptert og lagret: /Users/christerolsen/Library/Mobile Documents/com~apple~CloudDocs/GinieBackups/cron_mailproof_2025-07-15T06:49:52.gpg
??????? Kryptert og lagret: /Users/christerolsen/Library/Mobile Documents/com~apple~CloudDocs/GinieBackups/cron_mailproof_2025-07-15T06:49:52.gpg
??????? Backup fullf??rt kl 2025-07-15T06:49:52
??????? Backup fullf??rt kl 2025-07-15T06:49:52
??????? Backup fullf??rt kl 2025-07-15T06:49:52
??????? Backup fullf??rt kl 2025-07-15T06:49:52
???? [g.forge.prime] Starter sikkerhetskopi 2025-07-15T06:51:16
???? [g.forge.prime] Starter sikkerhetskopi 2025-07-15T06:51:16
??????? Kryptert og lagret: /Users/christerolsen/Library/Mobile Documents/com~apple~CloudDocs/GinieBackups/pin_breach.json_2025-07-15T06:51:16.gpg
???? [g.forge.prime] Starter sikkerhetskopi 2025-07-15T06:51:16
???? [g.forge.prime] Starter sikkerhetskopi 2025-07-15T06:51:17
??????? Kryptert og lagret: /Users/christerolsen/Library/Mobile Documents/com~apple~CloudDocs/GinieBackups/pin_breach.json_2025-07-15T06:51:16.gpg
??????? Kryptert og lagret: /Users/christerolsen/Library/Mobile Documents/com~apple~CloudDocs/GinieBackups/pin_breach.json_2025-07-15T06:51:17.gpg
??????? Kryptert og lagret: /Users/christerolsen/Library/Mobile Documents/com~apple~CloudDocs/GinieBackups/pin_breach.json_2025-07-15T06:51:16.gpg
??????? Kryptert og lagret: /Users/christerolsen/Library/Mobile Documents/com~apple~CloudDocs/GinieBackups/cron_mailproof_2025-07-15T06:51:16.gpg
??????? Kryptert og lagret: /Users/christerolsen/Library/Mobile Documents/com~apple~CloudDocs/GinieBackups/cron_mailproof_2025-07-15T06:51:16.gpg
??????? Kryptert og lagret: /Users/christerolsen/Library/Mobile Documents/com~apple~CloudDocs/GinieBackups/cron_mailproof_2025-07-15T06:51:17.gpg
??????? Kryptert og lagret: /Users/christerolsen/Library/Mobile Documents/com~apple~CloudDocs/GinieBackups/cron_mailproof_2025-07-15T06:51:16.gpg
??????? Backup fullf??rt kl 2025-07-15T06:51:16
??????? Backup fullf??rt kl 2025-07-15T06:51:16
??????? Backup fullf??rt kl 2025-07-15T06:51:17
??????? Backup fullf??rt kl 2025-07-15T06:51:16
???? [g.forge.prime] Starter sikkerhetskopi 2025-07-15T07:25:44
???? [g.forge.prime] Starter sikkerhetskopi 2025-07-15T07:25:44
??????? Kryptert og lagret: /Users/christerolsen/Library/Mobile Documents/com~apple~CloudDocs/GinieBackups/pin_breach.json_2025-07-15T07:25:44.gpg
??????? Kryptert og lagret: /Users/christerolsen/Library/Mobile Documents/com~apple~CloudDocs/GinieBackups/pin_breach.json_2025-07-15T07:25:44.gpg
???? [g.forge.prime] Starter sikkerhetskopi 2025-07-15T07:25:44
???? [g.forge.prime] Starter sikkerhetskopi 2025-07-15T07:25:44
??????? Kryptert og lagret: /Users/christerolsen/Library/Mobile Documents/com~apple~CloudDocs/GinieBackups/pin_breach.json_2025-07-15T07:25:44.gpg
??????? Kryptert og lagret: /Users/christerolsen/Library/Mobile Documents/com~apple~CloudDocs/GinieBackups/pin_breach.json_2025-07-15T07:25:44.gpg
??????? Kryptert og lagret: /Users/christerolsen/Library/Mobile Documents/com~apple~CloudDocs/GinieBackups/cron_mailproof_2025-07-15T07:25:44.gpg
??????? Kryptert og lagret: /Users/christerolsen/Library/Mobile Documents/com~apple~CloudDocs/GinieBackups/cron_mailproof_2025-07-15T07:25:44.gpg
??????? Kryptert og lagret: /Users/christerolsen/Library/Mobile Documents/com~apple~CloudDocs/GinieBackups/cron_mailproof_2025-07-15T07:25:44.gpg
??????? Kryptert og lagret: /Users/christerolsen/Library/Mobile Documents/com~apple~CloudDocs/GinieBackups/cron_mailproof_2025-07-15T07:25:44.gpg
??????? Backup fullf??rt kl 2025-07-15T07:25:44
??????? Backup fullf??rt kl 2025-07-15T07:25:44
??????? Backup fullf??rt kl 2025-07-15T07:25:44
??????? Backup fullf??rt kl 2025-07-15T07:25:44
???? [g.forge.prime] Starter sikkerhetskopi 2025-07-15T07:42:26
???? [g.forge.prime] Starter sikkerhetskopi 2025-07-15T07:42:26
??????? Kryptert og lagret: /Users/christerolsen/Library/Mobile Documents/com~apple~CloudDocs/GinieBackups/pin_breach.json_2025-07-15T07:42:26.gpg
???? [g.forge.prime] Starter sikkerhetskopi 2025-07-15T07:42:26
???? [g.forge.prime] Starter sikkerhetskopi 2025-07-15T07:42:26
??????? Kryptert og lagret: /Users/christerolsen/Library/Mobile Documents/com~apple~CloudDocs/GinieBackups/pin_breach.json_2025-07-15T07:42:26.gpg
??????? Kryptert og lagret: /Users/christerolsen/Library/Mobile Documents/com~apple~CloudDocs/GinieBackups/pin_breach.json_2025-07-15T07:42:26.gpg
??????? Kryptert og lagret: /Users/christerolsen/Library/Mobile Documents/com~apple~CloudDocs/GinieBackups/pin_breach.json_2025-07-15T07:42:26.gpg
??????? Kryptert og lagret: /Users/christerolsen/Library/Mobile Documents/com~apple~CloudDocs/GinieBackups/cron_mailproof_2025-07-15T07:42:26.gpg
??????? Kryptert og lagret: /Users/christerolsen/Library/Mobile Documents/com~apple~CloudDocs/GinieBackups/cron_mailproof_2025-07-15T07:42:26.gpg
??????? Kryptert og lagret: /Users/christerolsen/Library/Mobile Documents/com~apple~CloudDocs/GinieBackups/cron_mailproof_2025-07-15T07:42:26.gpg
??????? Kryptert og lagret: /Users/christerolsen/Library/Mobile Documents/com~apple~CloudDocs/GinieBackups/cron_mailproof_2025-07-15T07:42:26.gpg
??????? Backup fullf??rt kl 2025-07-15T07:42:26
??????? Backup fullf??rt kl 2025-07-15T07:42:26
??????? Backup fullf??rt kl 2025-07-15T07:42:26
??????? Backup fullf??rt kl 2025-07-15T07:42:26
???? [g.forge.prime] Starter sikkerhetskopi 2025-07-15T07:45:47
???? [g.forge.prime] Starter sikkerhetskopi 2025-07-15T07:45:47
??????? Kryptert og lagret: /Users/christerolsen/Library/Mobile Documents/com~apple~CloudDocs/GinieBackups/pin_breach.json_2025-07-15T07:45:47.gpg
??????? Kryptert og lagret: /Users/christerolsen/Library/Mobile Documents/com~apple~CloudDocs/GinieBackups/pin_breach.json_2025-07-15T07:45:47.gpg
???? [g.forge.prime] Starter sikkerhetskopi 2025-07-15T07:45:47
???? [g.forge.prime] Starter sikkerhetskopi 2025-07-15T07:45:47
??????? Kryptert og lagret: /Users/christerolsen/Library/Mobile Documents/com~apple~CloudDocs/GinieBackups/pin_breach.json_2025-07-15T07:45:47.gpg
??????? Kryptert og lagret: /Users/christerolsen/Library/Mobile Documents/com~apple~CloudDocs/GinieBackups/pin_breach.json_2025-07-15T07:45:47.gpg
??????? Kryptert og lagret: /Users/christerolsen/Library/Mobile Documents/com~apple~CloudDocs/GinieBackups/cron_mailproof_2025-07-15T07:45:47.gpg
??????? Kryptert og lagret: /Users/christerolsen/Library/Mobile Documents/com~apple~CloudDocs/GinieBackups/cron_mailproof_2025-07-15T07:45:47.gpg
??????? Kryptert og lagret: /Users/christerolsen/Library/Mobile Documents/com~apple~CloudDocs/GinieBackups/cron_mailproof_2025-07-15T07:45:47.gpg
??????? Kryptert og lagret: /Users/christerolsen/Library/Mobile Documents/com~apple~CloudDocs/GinieBackups/cron_mailproof_2025-07-15T07:45:47.gpg
??????? Backup fullf??rt kl 2025-07-15T07:45:47
??????? Backup fullf??rt kl 2025-07-15T07:45:47
??????? Backup fullf??rt kl 2025-07-15T07:45:47
??????? Backup fullf??rt kl 2025-07-15T07:45:47
???? [g.forge.prime] Starter sikkerhetskopi 2025-07-15T08:14:34
???? [g.forge.prime] Starter sikkerhetskopi 2025-07-15T08:14:34
??????? Kryptert og lagret: /Users/christerolsen/Library/Mobile Documents/com~apple~CloudDocs/GinieBackups/pin_breach.json_2025-07-15T08:14:34.gpg
???? [g.forge.prime] Starter sikkerhetskopi 2025-07-15T08:14:34
???? [g.forge.prime] Starter sikkerhetskopi 2025-07-15T08:14:34
??????? Kryptert og lagret: /Users/christerolsen/Library/Mobile Documents/com~apple~CloudDocs/GinieBackups/pin_breach.json_2025-07-15T08:14:34.gpg
??????? Kryptert og lagret: /Users/christerolsen/Library/Mobile Documents/com~apple~CloudDocs/GinieBackups/pin_breach.json_2025-07-15T08:14:34.gpg
??????? Kryptert og lagret: /Users/christerolsen/Library/Mobile Documents/com~apple~CloudDocs/GinieBackups/pin_breach.json_2025-07-15T08:14:34.gpg
??????? Kryptert og lagret: /Users/christerolsen/Library/Mobile Documents/com~apple~CloudDocs/GinieBackups/cron_mailproof_2025-07-15T08:14:34.gpg
??????? Kryptert og lagret: /Users/christerolsen/Library/Mobile Documents/com~apple~CloudDocs/GinieBackups/cron_mailproof_2025-07-15T08:14:34.gpg
??????? Kryptert og lagret: /Users/christerolsen/Library/Mobile Documents/com~apple~CloudDocs/GinieBackups/cron_mailproof_2025-07-15T08:14:34.gpg
??????? Kryptert og lagret: /Users/christerolsen/Library/Mobile Documents/com~apple~CloudDocs/GinieBackups/cron_mailproof_2025-07-15T08:14:34.gpg
??????? Backup fullf??rt kl 2025-07-15T08:14:34
??????? Backup fullf??rt kl 2025-07-15T08:14:34
??????? Backup fullf??rt kl 2025-07-15T08:14:34
??????? Backup fullf??rt kl 2025-07-15T08:14:34
???? [g.forge.prime] Starter sikkerhetskopi 2025-07-15T14:52:30
???? [g.forge.prime] Starter sikkerhetskopi 2025-07-15T14:52:30
???? [g.forge.prime] Starter sikkerhetskopi 2025-07-15T14:52:30
???? [g.forge.prime] Starter sikkerhetskopi 2025-07-15T14:52:31
??????? Kryptert og lagret: /Users/christerolsen/Library/Mobile Documents/com~apple~CloudDocs/GinieBackups/pin_breach.json_2025-07-15T14:52:30.gpg
??????? Kryptert og lagret: /Users/christerolsen/Library/Mobile Documents/com~apple~CloudDocs/GinieBackups/pin_breach.json_2025-07-15T14:52:30.gpg
??????? Kryptert og lagret: /Users/christerolsen/Library/Mobile Documents/com~apple~CloudDocs/GinieBackups/pin_breach.json_2025-07-15T14:52:30.gpg
??????? Kryptert og lagret: /Users/christerolsen/Library/Mobile Documents/com~apple~CloudDocs/GinieBackups/pin_breach.json_2025-07-15T14:52:31.gpg
??????? Kryptert og lagret: /Users/christerolsen/Library/Mobile Documents/com~apple~CloudDocs/GinieBackups/cron_mailproof_2025-07-15T14:52:31.gpg
??????? Kryptert og lagret: /Users/christerolsen/Library/Mobile Documents/com~apple~CloudDocs/GinieBackups/cron_mailproof_2025-07-15T14:52:30.gpg
??????? Kryptert og lagret: /Users/christerolsen/Library/Mobile Documents/com~apple~CloudDocs/GinieBackups/cron_mailproof_2025-07-15T14:52:30.gpg
??????? Kryptert og lagret: /Users/christerolsen/Library/Mobile Documents/com~apple~CloudDocs/GinieBackups/cron_mailproof_2025-07-15T14:52:30.gpg
??????? Backup fullf??rt kl 2025-07-15T14:52:31
??????? Backup fullf??rt kl 2025-07-15T14:52:30
??????? Backup fullf??rt kl 2025-07-15T14:52:30
??????? Backup fullf??rt kl 2025-07-15T14:52:30
???? [g.forge.prime] Starter sikkerhetskopi 2025-07-15T15:05:38
???? [g.forge.prime] Starter sikkerhetskopi 2025-07-15T15:05:38
??????? Kryptert og lagret: /Users/christerolsen/Library/Mobile Documents/com~apple~CloudDocs/GinieBackups/pin_breach.json_2025-07-15T15:05:38.gpg
???? [g.forge.prime] Starter sikkerhetskopi 2025-07-15T15:05:38
???? [g.forge.prime] Starter sikkerhetskopi 2025-07-15T15:05:38
??????? Kryptert og lagret: /Users/christerolsen/Library/Mobile Documents/com~apple~CloudDocs/GinieBackups/pin_breach.json_2025-07-15T15:05:38.gpg
??????? Kryptert og lagret: /Users/christerolsen/Library/Mobile Documents/com~apple~CloudDocs/GinieBackups/pin_breach.json_2025-07-15T15:05:38.gpg
??????? Kryptert og lagret: /Users/christerolsen/Library/Mobile Documents/com~apple~CloudDocs/GinieBackups/pin_breach.json_2025-07-15T15:05:38.gpg
??????? Kryptert og lagret: /Users/christerolsen/Library/Mobile Documents/com~apple~CloudDocs/GinieBackups/cron_mailproof_2025-07-15T15:05:38.gpg
??????? Kryptert og lagret: /Users/christerolsen/Library/Mobile Documents/com~apple~CloudDocs/GinieBackups/cron_mailproof_2025-07-15T15:05:38.gpg
??????? Kryptert og lagret: /Users/christerolsen/Library/Mobile Documents/com~apple~CloudDocs/GinieBackups/cron_mailproof_2025-07-15T15:05:38.gpg
??????? Kryptert og lagret: /Users/christerolsen/Library/Mobile Documents/com~apple~CloudDocs/GinieBackups/cron_mailproof_2025-07-15T15:05:38.gpg
??????? Backup fullf??rt kl 2025-07-15T15:05:38
??????? Backup fullf??rt kl 2025-07-15T15:05:38
??????? Backup fullf??rt kl 2025-07-15T15:05:38
??????? Backup fullf??rt kl 2025-07-15T15:05:38
???? [g.forge.prime] Starter sikkerhetskopi 2025-07-15T15:09:25
???? [g.forge.prime] Starter sikkerhetskopi 2025-07-15T15:09:25
??????? Kryptert og lagret: /Users/christerolsen/Library/Mobile Documents/com~apple~CloudDocs/GinieBackups/pin_breach.json_2025-07-15T15:09:25.gpg
??????? Kryptert og lagret: /Users/christerolsen/Library/Mobile Documents/com~apple~CloudDocs/GinieBackups/pin_breach.json_2025-07-15T15:09:25.gpg
???? [g.forge.prime] Starter sikkerhetskopi 2025-07-15T15:09:25
???? [g.forge.prime] Starter sikkerhetskopi 2025-07-15T15:09:25
??????? Kryptert og lagret: /Users/christerolsen/Library/Mobile Documents/com~apple~CloudDocs/GinieBackups/pin_breach.json_2025-07-15T15:09:25.gpg
??????? Kryptert og lagret: /Users/christerolsen/Library/Mobile Documents/com~apple~CloudDocs/GinieBackups/pin_breach.json_2025-07-15T15:09:25.gpg
??????? Kryptert og lagret: /Users/christerolsen/Library/Mobile Documents/com~apple~CloudDocs/GinieBackups/cron_mailproof_2025-07-15T15:09:25.gpg
??????? Kryptert og lagret: /Users/christerolsen/Library/Mobile Documents/com~apple~CloudDocs/GinieBackups/cron_mailproof_2025-07-15T15:09:25.gpg
??????? Kryptert og lagret: /Users/christerolsen/Library/Mobile Documents/com~apple~CloudDocs/GinieBackups/cron_mailproof_2025-07-15T15:09:25.gpg
??????? Kryptert og lagret: /Users/christerolsen/Library/Mobile Documents/com~apple~CloudDocs/GinieBackups/cron_mailproof_2025-07-15T15:09:25.gpg
??????? Backup fullf??rt kl 2025-07-15T15:09:25
??????? Backup fullf??rt kl 2025-07-15T15:09:25
??????? Backup fullf??rt kl 2025-07-15T15:09:25
??????? Backup fullf??rt kl 2025-07-15T15:09:25
???? [g.forge.prime] Starter sikkerhetskopi 2025-07-15T16:02:59
???? [g.forge.prime] Starter sikkerhetskopi 2025-07-15T16:02:59
??????? Kryptert og lagret: /Users/christerolsen/Library/Mobile Documents/com~apple~CloudDocs/GinieBackups/pin_breach.json_2025-07-15T16:02:59.gpg
???? [g.forge.prime] Starter sikkerhetskopi 2025-07-15T16:03:00
???? [g.forge.prime] Starter sikkerhetskopi 2025-07-15T16:03:00
??????? Kryptert og lagret: /Users/christerolsen/Library/Mobile Documents/com~apple~CloudDocs/GinieBackups/pin_breach.json_2025-07-15T16:03:00.gpg
??????? Kryptert og lagret: /Users/christerolsen/Library/Mobile Documents/com~apple~CloudDocs/GinieBackups/pin_breach.json_2025-07-15T16:03:00.gpg
??????? Kryptert og lagret: /Users/christerolsen/Library/Mobile Documents/com~apple~CloudDocs/GinieBackups/pin_breach.json_2025-07-15T16:02:59.gpg
??????? Kryptert og lagret: /Users/christerolsen/Library/Mobile Documents/com~apple~CloudDocs/GinieBackups/cron_mailproof_2025-07-15T16:03:00.gpg
??????? Kryptert og lagret: /Users/christerolsen/Library/Mobile Documents/com~apple~CloudDocs/GinieBackups/cron_mailproof_2025-07-15T16:03:00.gpg
??????? Kryptert og lagret: /Users/christerolsen/Library/Mobile Documents/com~apple~CloudDocs/GinieBackups/cron_mailproof_2025-07-15T16:02:59.gpg
??????? Backup fullf??rt kl 2025-07-15T16:03:00
??????? Backup fullf??rt kl 2025-07-15T16:03:00
??????? Kryptert og lagret: /Users/christerolsen/Library/Mobile Documents/com~apple~CloudDocs/GinieBackups/cron_mailproof_2025-07-15T16:02:59.gpg
??????? Backup fullf??rt kl 2025-07-15T16:02:59
??????? Backup fullf??rt kl 2025-07-15T16:02:59
???? [g.forge.prime] Starter sikkerhetskopi 2025-07-15T16:23:06
???? [g.forge.prime] Starter sikkerhetskopi 2025-07-15T16:23:06
??????? Kryptert og lagret: /Users/christerolsen/Library/Mobile Documents/com~apple~CloudDocs/GinieBackups/pin_breach.json_2025-07-15T16:23:06.gpg
??????? Kryptert og lagret: /Users/christerolsen/Library/Mobile Documents/com~apple~CloudDocs/GinieBackups/pin_breach.json_2025-07-15T16:23:06.gpg
???? [g.forge.prime] Starter sikkerhetskopi 2025-07-15T16:23:06
???? [g.forge.prime] Starter sikkerhetskopi 2025-07-15T16:23:06
??????? Kryptert og lagret: /Users/christerolsen/Library/Mobile Documents/com~apple~CloudDocs/GinieBackups/pin_breach.json_2025-07-15T16:23:06.gpg
??????? Kryptert og lagret: /Users/christerolsen/Library/Mobile Documents/com~apple~CloudDocs/GinieBackups/pin_breach.json_2025-07-15T16:23:06.gpg
??????? Kryptert og lagret: /Users/christerolsen/Library/Mobile Documents/com~apple~CloudDocs/GinieBackups/cron_mailproof_2025-07-15T16:23:06.gpg
??????? Kryptert og lagret: /Users/christerolsen/Library/Mobile Documents/com~apple~CloudDocs/GinieBackups/cron_mailproof_2025-07-15T16:23:06.gpg
??????? Kryptert og lagret: /Users/christerolsen/Library/Mobile Documents/com~apple~CloudDocs/GinieBackups/cron_mailproof_2025-07-15T16:23:06.gpg
??????? Backup fullf??rt kl 2025-07-15T16:23:06
??????? Backup fullf??rt kl 2025-07-15T16:23:06
??????? Backup fullf??rt kl 2025-07-15T16:23:06
??????? Kryptert og lagret: /Users/christerolsen/Library/Mobile Documents/com~apple~CloudDocs/GinieBackups/cron_mailproof_2025-07-15T16:23:06.gpg
??????? Backup fullf??rt kl 2025-07-15T16:23:06
???? [g.forge.prime] Starter sikkerhetskopi 2025-07-15T16:46:20
???? [g.forge.prime] Starter sikkerhetskopi 2025-07-15T16:46:20
??????? Kryptert og lagret: /Users/christerolsen/Library/Mobile Documents/com~apple~CloudDocs/GinieBackups/pin_breach.json_2025-07-15T16:46:20.gpg
???? [g.forge.prime] Starter sikkerhetskopi 2025-07-15T16:46:20
???? [g.forge.prime] Starter sikkerhetskopi 2025-07-15T16:46:20
??????? Kryptert og lagret: /Users/christerolsen/Library/Mobile Documents/com~apple~CloudDocs/GinieBackups/pin_breach.json_2025-07-15T16:46:20.gpg
??????? Kryptert og lagret: /Users/christerolsen/Library/Mobile Documents/com~apple~CloudDocs/GinieBackups/pin_breach.json_2025-07-15T16:46:20.gpg
??????? Kryptert og lagret: /Users/christerolsen/Library/Mobile Documents/com~apple~CloudDocs/GinieBackups/pin_breach.json_2025-07-15T16:46:20.gpg
??????? Kryptert og lagret: /Users/christerolsen/Library/Mobile Documents/com~apple~CloudDocs/GinieBackups/cron_mailproof_2025-07-15T16:46:20.gpg
??????? Kryptert og lagret: /Users/christerolsen/Library/Mobile Documents/com~apple~CloudDocs/GinieBackups/cron_mailproof_2025-07-15T16:46:20.gpg
??????? Kryptert og lagret: /Users/christerolsen/Library/Mobile Documents/com~apple~CloudDocs/GinieBackups/cron_mailproof_2025-07-15T16:46:20.gpg
??????? Kryptert og lagret: /Users/christerolsen/Library/Mobile Documents/com~apple~CloudDocs/GinieBackups/cron_mailproof_2025-07-15T16:46:20.gpg
??????? Backup fullf??rt kl 2025-07-15T16:46:20
??????? Backup fullf??rt kl 2025-07-15T16:46:20
??????? Backup fullf??rt kl 2025-07-15T16:46:20
??????? Backup fullf??rt kl 2025-07-15T16:46:20
???? [g.forge.prime] Starter sikkerhetskopi 2025-07-15T17:09:53
???? [g.forge.prime] Starter sikkerhetskopi 2025-07-15T17:09:53
??????? Kryptert og lagret: /Users/christerolsen/Library/Mobile Documents/com~apple~CloudDocs/GinieBackups/pin_breach.json_2025-07-15T17:09:53.gpg
???? [g.forge.prime] Starter sikkerhetskopi 2025-07-15T17:09:54
???? [g.forge.prime] Starter sikkerhetskopi 2025-07-15T17:09:54
??????? Kryptert og lagret: /Users/christerolsen/Library/Mobile Documents/com~apple~CloudDocs/GinieBackups/pin_breach.json_2025-07-15T17:09:54.gpg
??????? Kryptert og lagret: /Users/christerolsen/Library/Mobile Documents/com~apple~CloudDocs/GinieBackups/pin_breach.json_2025-07-15T17:09:54.gpg
??????? Kryptert og lagret: /Users/christerolsen/Library/Mobile Documents/com~apple~CloudDocs/GinieBackups/pin_breach.json_2025-07-15T17:09:53.gpg
??????? Kryptert og lagret: /Users/christerolsen/Library/Mobile Documents/com~apple~CloudDocs/GinieBackups/cron_mailproof_2025-07-15T17:09:54.gpg
??????? Kryptert og lagret: /Users/christerolsen/Library/Mobile Documents/com~apple~CloudDocs/GinieBackups/cron_mailproof_2025-07-15T17:09:53.gpg
??????? Kryptert og lagret: /Users/christerolsen/Library/Mobile Documents/com~apple~CloudDocs/GinieBackups/cron_mailproof_2025-07-15T17:09:54.gpg
??????? Kryptert og lagret: /Users/christerolsen/Library/Mobile Documents/com~apple~CloudDocs/GinieBackups/cron_mailproof_2025-07-15T17:09:53.gpg
??????? Backup fullf??rt kl 2025-07-15T17:09:54
??????? Backup fullf??rt kl 2025-07-15T17:09:53
??????? Backup fullf??rt kl 2025-07-15T17:09:54
??????? Backup fullf??rt kl 2025-07-15T17:09:53
???? [g.forge.prime] Starter sikkerhetskopi 2025-07-15T17:25:33
???? [g.forge.prime] Starter sikkerhetskopi 2025-07-15T17:25:33
??????? Kryptert og lagret: /Users/christerolsen/Library/Mobile Documents/com~apple~CloudDocs/GinieBackups/pin_breach.json_2025-07-15T17:25:33.gpg
???? [g.forge.prime] Starter sikkerhetskopi 2025-07-15T17:25:33
???? [g.forge.prime] Starter sikkerhetskopi 2025-07-15T17:25:33
??????? Kryptert og lagret: /Users/christerolsen/Library/Mobile Documents/com~apple~CloudDocs/GinieBackups/pin_breach.json_2025-07-15T17:25:33.gpg
??????? Kryptert og lagret: /Users/christerolsen/Library/Mobile Documents/com~apple~CloudDocs/GinieBackups/pin_breach.json_2025-07-15T17:25:33.gpg
??????? Kryptert og lagret: /Users/christerolsen/Library/Mobile Documents/com~apple~CloudDocs/GinieBackups/pin_breach.json_2025-07-15T17:25:33.gpg
??????? Kryptert og lagret: /Users/christerolsen/Library/Mobile Documents/com~apple~CloudDocs/GinieBackups/cron_mailproof_2025-07-15T17:25:33.gpg
??????? Kryptert og lagret: /Users/christerolsen/Library/Mobile Documents/com~apple~CloudDocs/GinieBackups/cron_mailproof_2025-07-15T17:25:33.gpg
??????? Kryptert og lagret: /Users/christerolsen/Library/Mobile Documents/com~apple~CloudDocs/GinieBackups/cron_mailproof_2025-07-15T17:25:33.gpg
??????? Kryptert og lagret: /Users/christerolsen/Library/Mobile Documents/com~apple~CloudDocs/GinieBackups/cron_mailproof_2025-07-15T17:25:33.gpg
??????? Backup fullf??rt kl 2025-07-15T17:25:33
??????? Backup fullf??rt kl 2025-07-15T17:25:33
??????? Backup fullf??rt kl 2025-07-15T17:25:33
??????? Backup fullf??rt kl 2025-07-15T17:25:33
???? [g.forge.prime] Starter sikkerhetskopi 2025-07-15T18:00:24
???? [g.forge.prime] Starter sikkerhetskopi 2025-07-15T18:00:24
??????? Kryptert og lagret: /Users/christerolsen/Library/Mobile Documents/com~apple~CloudDocs/GinieBackups/pin_breach.json_2025-07-15T18:00:24.gpg
???? [g.forge.prime] Starter sikkerhetskopi 2025-07-15T18:00:24
???? [g.forge.prime] Starter sikkerhetskopi 2025-07-15T18:00:24
??????? Kryptert og lagret: /Users/christerolsen/Library/Mobile Documents/com~apple~CloudDocs/GinieBackups/pin_breach.json_2025-07-15T18:00:24.gpg
??????? Kryptert og lagret: /Users/christerolsen/Library/Mobile Documents/com~apple~CloudDocs/GinieBackups/pin_breach.json_2025-07-15T18:00:24.gpg
??????? Kryptert og lagret: /Users/christerolsen/Library/Mobile Documents/com~apple~CloudDocs/GinieBackups/pin_breach.json_2025-07-15T18:00:24.gpg
??????? Kryptert og lagret: /Users/christerolsen/Library/Mobile Documents/com~apple~CloudDocs/GinieBackups/cron_mailproof_2025-07-15T18:00:24.gpg
??????? Kryptert og lagret: /Users/christerolsen/Library/Mobile Documents/com~apple~CloudDocs/GinieBackups/cron_mailproof_2025-07-15T18:00:24.gpg
??????? Kryptert og lagret: /Users/christerolsen/Library/Mobile Documents/com~apple~CloudDocs/GinieBackups/cron_mailproof_2025-07-15T18:00:24.gpg
??????? Kryptert og lagret: /Users/christerolsen/Library/Mobile Documents/com~apple~CloudDocs/GinieBackups/cron_mailproof_2025-07-15T18:00:24.gpg
??????? Backup fullf??rt kl 2025-07-15T18:00:24
??????? Backup fullf??rt kl 2025-07-15T18:00:24
??????? Backup fullf??rt kl 2025-07-15T18:00:24
??????? Backup fullf??rt kl 2025-07-15T18:00:24
???? [g.forge.prime] Starter sikkerhetskopi 2025-07-15T18:00:43
???? [g.forge.prime] Starter sikkerhetskopi 2025-07-15T18:00:43
??????? Kryptert og lagret: /Users/christerolsen/Library/Mobile Documents/com~apple~CloudDocs/GinieBackups/pin_breach.json_2025-07-15T18:00:43.gpg
??????? Kryptert og lagret: /Users/christerolsen/Library/Mobile Documents/com~apple~CloudDocs/GinieBackups/pin_breach.json_2025-07-15T18:00:43.gpg
???? [g.forge.prime] Starter sikkerhetskopi 2025-07-15T18:00:43
???? [g.forge.prime] Starter sikkerhetskopi 2025-07-15T18:00:44
??????? Kryptert og lagret: /Users/christerolsen/Library/Mobile Documents/com~apple~CloudDocs/GinieBackups/pin_breach.json_2025-07-15T18:00:43.gpg
??????? Kryptert og lagret: /Users/christerolsen/Library/Mobile Documents/com~apple~CloudDocs/GinieBackups/pin_breach.json_2025-07-15T18:00:44.gpg
??????? Kryptert og lagret: /Users/christerolsen/Library/Mobile Documents/com~apple~CloudDocs/GinieBackups/cron_mailproof_2025-07-15T18:00:43.gpg
??????? Kryptert og lagret: /Users/christerolsen/Library/Mobile Documents/com~apple~CloudDocs/GinieBackups/cron_mailproof_2025-07-15T18:00:43.gpg
??????? Kryptert og lagret: /Users/christerolsen/Library/Mobile Documents/com~apple~CloudDocs/GinieBackups/cron_mailproof_2025-07-15T18:00:43.gpg
??????? Kryptert og lagret: /Users/christerolsen/Library/Mobile Documents/com~apple~CloudDocs/GinieBackups/cron_mailproof_2025-07-15T18:00:44.gpg
??????? Backup fullf??rt kl 2025-07-15T18:00:43
??????? Backup fullf??rt kl 2025-07-15T18:00:43
??????? Backup fullf??rt kl 2025-07-15T18:00:44
??????? Backup fullf??rt kl 2025-07-15T18:00:43
???? [g.forge.prime] Starter sikkerhetskopi 2025-07-15T18:21:44
???? [g.forge.prime] Starter sikkerhetskopi 2025-07-15T18:21:44
??????? Kryptert og lagret: /Users/christerolsen/Library/Mobile Documents/com~apple~CloudDocs/GinieBackups/pin_breach.json_2025-07-15T18:21:44.gpg
???? [g.forge.prime] Starter sikkerhetskopi 2025-07-15T18:21:44
???? [g.forge.prime] Starter sikkerhetskopi 2025-07-15T18:21:44
??????? Kryptert og lagret: /Users/christerolsen/Library/Mobile Documents/com~apple~CloudDocs/GinieBackups/pin_breach.json_2025-07-15T18:21:44.gpg
??????? Kryptert og lagret: /Users/christerolsen/Library/Mobile Documents/com~apple~CloudDocs/GinieBackups/pin_breach.json_2025-07-15T18:21:44.gpg
??????? Kryptert og lagret: /Users/christerolsen/Library/Mobile Documents/com~apple~CloudDocs/GinieBackups/pin_breach.json_2025-07-15T18:21:44.gpg
??????? Kryptert og lagret: /Users/christerolsen/Library/Mobile Documents/com~apple~CloudDocs/GinieBackups/cron_mailproof_2025-07-15T18:21:44.gpg
??????? Kryptert og lagret: /Users/christerolsen/Library/Mobile Documents/com~apple~CloudDocs/GinieBackups/cron_mailproof_2025-07-15T18:21:44.gpg
??????? Kryptert og lagret: /Users/christerolsen/Library/Mobile Documents/com~apple~CloudDocs/GinieBackups/cron_mailproof_2025-07-15T18:21:44.gpg
??????? Kryptert og lagret: /Users/christerolsen/Library/Mobile Documents/com~apple~CloudDocs/GinieBackups/cron_mailproof_2025-07-15T18:21:44.gpg
??????? Backup fullf??rt kl 2025-07-15T18:21:44
??????? Backup fullf??rt kl 2025-07-15T18:21:44
??????? Backup fullf??rt kl 2025-07-15T18:21:44
??????? Backup fullf??rt kl 2025-07-15T18:21:44
???? [g.forge.prime] Starter sikkerhetskopi 2025-07-15T18:27:02
??????? Kryptert og lagret: /Users/christerolsen/Library/Mobile Documents/com~apple~CloudDocs/GinieBackups/pin_breach.json_2025-07-15T18:27:02.gpg
??????? Kryptert og lagret: /Users/christerolsen/Library/Mobile Documents/com~apple~CloudDocs/GinieBackups/cron_mailproof_2025-07-15T18:27:02.gpg
??????? Backup fullf??rt kl 2025-07-15T18:27:02
???? [g.forge.prime] Starter sikkerhetskopi 2025-07-15T19:14:32
???? [g.forge.prime] Starter sikkerhetskopi 2025-07-15T19:14:32
??????? Kryptert og lagret: /Users/christerolsen/Library/Mobile Documents/com~apple~CloudDocs/GinieBackups/pin_breach.json_2025-07-15T19:14:32.gpg
???? [g.forge.prime] Starter sikkerhetskopi 2025-07-15T19:14:32
???? [g.forge.prime] Starter sikkerhetskopi 2025-07-15T19:14:32
??????? Kryptert og lagret: /Users/christerolsen/Library/Mobile Documents/com~apple~CloudDocs/GinieBackups/pin_breach.json_2025-07-15T19:14:32.gpg
??????? Kryptert og lagret: /Users/christerolsen/Library/Mobile Documents/com~apple~CloudDocs/GinieBackups/pin_breach.json_2025-07-15T19:14:32.gpg
??????? Kryptert og lagret: /Users/christerolsen/Library/Mobile Documents/com~apple~CloudDocs/GinieBackups/pin_breach.json_2025-07-15T19:14:32.gpg
??????? Kryptert og lagret: /Users/christerolsen/Library/Mobile Documents/com~apple~CloudDocs/GinieBackups/cron_mailproof_2025-07-15T19:14:32.gpg
??????? Kryptert og lagret: /Users/christerolsen/Library/Mobile Documents/com~apple~CloudDocs/GinieBackups/cron_mailproof_2025-07-15T19:14:32.gpg
??????? Kryptert og lagret: /Users/christerolsen/Library/Mobile Documents/com~apple~CloudDocs/GinieBackups/cron_mailproof_2025-07-15T19:14:32.gpg
??????? Backup fullf??rt kl 2025-07-15T19:14:32
??????? Backup fullf??rt kl 2025-07-15T19:14:32
??????? Kryptert og lagret: /Users/christerolsen/Library/Mobile Documents/com~apple~CloudDocs/GinieBackups/cron_mailproof_2025-07-15T19:14:32.gpg
??????? Backup fullf??rt kl 2025-07-15T19:14:32
??????? Backup fullf??rt kl 2025-07-15T19:14:32
???? [g.forge.prime] Starter sikkerhetskopi 2025-07-15T19:31:52
???? [g.forge.prime] Starter sikkerhetskopi 2025-07-15T19:31:52
??????? Kryptert og lagret: /Users/christerolsen/Library/Mobile Documents/com~apple~CloudDocs/GinieBackups/pin_breach.json_2025-07-15T19:31:52.gpg
???? [g.forge.prime] Starter sikkerhetskopi 2025-07-15T19:31:52
???? [g.forge.prime] Starter sikkerhetskopi 2025-07-15T19:31:52
??????? Kryptert og lagret: /Users/christerolsen/Library/Mobile Documents/com~apple~CloudDocs/GinieBackups/pin_breach.json_2025-07-15T19:31:52.gpg
??????? Kryptert og lagret: /Users/christerolsen/Library/Mobile Documents/com~apple~CloudDocs/GinieBackups/pin_breach.json_2025-07-15T19:31:52.gpg
??????? Kryptert og lagret: /Users/christerolsen/Library/Mobile Documents/com~apple~CloudDocs/GinieBackups/pin_breach.json_2025-07-15T19:31:52.gpg
??????? Kryptert og lagret: /Users/christerolsen/Library/Mobile Documents/com~apple~CloudDocs/GinieBackups/cron_mailproof_2025-07-15T19:31:52.gpg
??????? Kryptert og lagret: /Users/christerolsen/Library/Mobile Documents/com~apple~CloudDocs/GinieBackups/cron_mailproof_2025-07-15T19:31:52.gpg
??????? Kryptert og lagret: /Users/christerolsen/Library/Mobile Documents/com~apple~CloudDocs/GinieBackups/cron_mailproof_2025-07-15T19:31:52.gpg
??????? Kryptert og lagret: /Users/christerolsen/Library/Mobile Documents/com~apple~CloudDocs/GinieBackups/cron_mailproof_2025-07-15T19:31:52.gpg
??????? Backup fullf??rt kl 2025-07-15T19:31:52
??????? Backup fullf??rt kl 2025-07-15T19:31:52
??????? Backup fullf??rt kl 2025-07-15T19:31:52
??????? Backup fullf??rt kl 2025-07-15T19:31:52
???? [g.forge.prime] Starter sikkerhetskopi 2025-07-15T22:59:31
???? [g.forge.prime] Starter sikkerhetskopi 2025-07-15T22:59:31
??????? Kryptert og lagret: /Users/christerolsen/Library/Mobile Documents/com~apple~CloudDocs/GinieBackups/pin_breach.json_2025-07-15T22:59:31.gpg
???? [g.forge.prime] Starter sikkerhetskopi 2025-07-15T22:59:32
???? [g.forge.prime] Starter sikkerhetskopi 2025-07-15T22:59:32
??????? Kryptert og lagret: /Users/christerolsen/Library/Mobile Documents/com~apple~CloudDocs/GinieBackups/pin_breach.json_2025-07-15T22:59:32.gpg
??????? Kryptert og lagret: /Users/christerolsen/Library/Mobile Documents/com~apple~CloudDocs/GinieBackups/pin_breach.json_2025-07-15T22:59:32.gpg
??????? Kryptert og lagret: /Users/christerolsen/Library/Mobile Documents/com~apple~CloudDocs/GinieBackups/pin_breach.json_2025-07-15T22:59:31.gpg
??????? Kryptert og lagret: /Users/christerolsen/Library/Mobile Documents/com~apple~CloudDocs/GinieBackups/cron_mailproof_2025-07-15T22:59:31.gpg
??????? Kryptert og lagret: /Users/christerolsen/Library/Mobile Documents/com~apple~CloudDocs/GinieBackups/cron_mailproof_2025-07-15T22:59:32.gpg
??????? Kryptert og lagret: /Users/christerolsen/Library/Mobile Documents/com~apple~CloudDocs/GinieBackups/cron_mailproof_2025-07-15T22:59:31.gpg
??????? Kryptert og lagret: /Users/christerolsen/Library/Mobile Documents/com~apple~CloudDocs/GinieBackups/cron_mailproof_2025-07-15T22:59:32.gpg
??????? Backup fullf??rt kl 2025-07-15T22:59:31
??????? Backup fullf??rt kl 2025-07-15T22:59:32
??????? Backup fullf??rt kl 2025-07-15T22:59:31
??????? Backup fullf??rt kl 2025-07-15T22:59:32
???? [g.forge.prime] Starter sikkerhetskopi 2025-07-15T23:05:21
???? [g.forge.prime] Starter sikkerhetskopi 2025-07-15T23:05:21
??????? Kryptert og lagret: /Users/christerolsen/Library/Mobile Documents/com~apple~CloudDocs/GinieBackups/pin_breach.json_2025-07-15T23:05:21.gpg
??????? Kryptert og lagret: /Users/christerolsen/Library/Mobile Documents/com~apple~CloudDocs/GinieBackups/pin_breach.json_2025-07-15T23:05:21.gpg
???? [g.forge.prime] Starter sikkerhetskopi 2025-07-15T23:05:22
???? [g.forge.prime] Starter sikkerhetskopi 2025-07-15T23:05:22
??????? Kryptert og lagret: /Users/christerolsen/Library/Mobile Documents/com~apple~CloudDocs/GinieBackups/pin_breach.json_2025-07-15T23:05:22.gpg
??????? Kryptert og lagret: /Users/christerolsen/Library/Mobile Documents/com~apple~CloudDocs/GinieBackups/cron_mailproof_2025-07-15T23:05:21.gpg
??????? Kryptert og lagret: /Users/christerolsen/Library/Mobile Documents/com~apple~CloudDocs/GinieBackups/cron_mailproof_2025-07-15T23:05:21.gpg
??????? Kryptert og lagret: /Users/christerolsen/Library/Mobile Documents/com~apple~CloudDocs/GinieBackups/pin_breach.json_2025-07-15T23:05:22.gpg
??????? Kryptert og lagret: /Users/christerolsen/Library/Mobile Documents/com~apple~CloudDocs/GinieBackups/cron_mailproof_2025-07-15T23:05:22.gpg
??????? Backup fullf??rt kl 2025-07-15T23:05:21
??????? Backup fullf??rt kl 2025-07-15T23:05:21
??????? Backup fullf??rt kl 2025-07-15T23:05:22
??????? Kryptert og lagret: /Users/christerolsen/Library/Mobile Documents/com~apple~CloudDocs/GinieBackups/cron_mailproof_2025-07-15T23:05:22.gpg
??????? Backup fullf??rt kl 2025-07-15T23:05:22
???? [g.forge.prime] Starter sikkerhetskopi 2025-07-15T23:10:33
???? [g.forge.prime] Starter sikkerhetskopi 2025-07-15T23:10:33
??????? Kryptert og lagret: /Users/christerolsen/Library/Mobile Documents/com~apple~CloudDocs/GinieBackups/pin_breach.json_2025-07-15T23:10:33.gpg
??????? Kryptert og lagret: /Users/christerolsen/Library/Mobile Documents/com~apple~CloudDocs/GinieBackups/pin_breach.json_2025-07-15T23:10:33.gpg
???? [g.forge.prime] Starter sikkerhetskopi 2025-07-15T23:10:33
???? [g.forge.prime] Starter sikkerhetskopi 2025-07-15T23:10:33
??????? Kryptert og lagret: /Users/christerolsen/Library/Mobile Documents/com~apple~CloudDocs/GinieBackups/pin_breach.json_2025-07-15T23:10:33.gpg
??????? Kryptert og lagret: /Users/christerolsen/Library/Mobile Documents/com~apple~CloudDocs/GinieBackups/pin_breach.json_2025-07-15T23:10:33.gpg
??????? Kryptert og lagret: /Users/christerolsen/Library/Mobile Documents/com~apple~CloudDocs/GinieBackups/cron_mailproof_2025-07-15T23:10:33.gpg
??????? Kryptert og lagret: /Users/christerolsen/Library/Mobile Documents/com~apple~CloudDocs/GinieBackups/cron_mailproof_2025-07-15T23:10:33.gpg
??????? Kryptert og lagret: /Users/christerolsen/Library/Mobile Documents/com~apple~CloudDocs/GinieBackups/cron_mailproof_2025-07-15T23:10:33.gpg
??????? Kryptert og lagret: /Users/christerolsen/Library/Mobile Documents/com~apple~CloudDocs/GinieBackups/cron_mailproof_2025-07-15T23:10:33.gpg
??????? Backup fullf??rt kl 2025-07-15T23:10:33
??????? Backup fullf??rt kl 2025-07-15T23:10:33
??????? Backup fullf??rt kl 2025-07-15T23:10:33
??????? Backup fullf??rt kl 2025-07-15T23:10:33
???? [g.forge.prime] Starter sikkerhetskopi 2025-07-15T23:11:54
???? [g.forge.prime] Starter sikkerhetskopi 2025-07-15T23:11:54
??????? Kryptert og lagret: /Users/christerolsen/Library/Mobile Documents/com~apple~CloudDocs/GinieBackups/pin_breach.json_2025-07-15T23:11:54.gpg
??????? Kryptert og lagret: /Users/christerolsen/Library/Mobile Documents/com~apple~CloudDocs/GinieBackups/pin_breach.json_2025-07-15T23:11:54.gpg
???? [g.forge.prime] Starter sikkerhetskopi 2025-07-15T23:11:54
???? [g.forge.prime] Starter sikkerhetskopi 2025-07-15T23:11:54
??????? Kryptert og lagret: /Users/christerolsen/Library/Mobile Documents/com~apple~CloudDocs/GinieBackups/pin_breach.json_2025-07-15T23:11:54.gpg
??????? Kryptert og lagret: /Users/christerolsen/Library/Mobile Documents/com~apple~CloudDocs/GinieBackups/pin_breach.json_2025-07-15T23:11:54.gpg
??????? Kryptert og lagret: /Users/christerolsen/Library/Mobile Documents/com~apple~CloudDocs/GinieBackups/cron_mailproof_2025-07-15T23:11:54.gpg
??????? Kryptert og lagret: /Users/christerolsen/Library/Mobile Documents/com~apple~CloudDocs/GinieBackups/cron_mailproof_2025-07-15T23:11:54.gpg
??????? Kryptert og lagret: /Users/christerolsen/Library/Mobile Documents/com~apple~CloudDocs/GinieBackups/cron_mailproof_2025-07-15T23:11:54.gpg
??????? Backup fullf??rt kl 2025-07-15T23:11:54
??????? Kryptert og lagret: /Users/christerolsen/Library/Mobile Documents/com~apple~CloudDocs/GinieBackups/cron_mailproof_2025-07-15T23:11:54.gpg
??????? Backup fullf??rt kl 2025-07-15T23:11:54
??????? Backup fullf??rt kl 2025-07-15T23:11:54
??????? Backup fullf??rt kl 2025-07-15T23:11:54
???? [g.forge.prime] Starter sikkerhetskopi 2025-07-16T04:44:00
???? [g.forge.prime] Starter sikkerhetskopi 2025-07-16T04:44:00
/Users/christerolsen/GinieSystem/Scripts/gforge_prime_backup.sh: line 25: gpg: command not found
/Users/christerolsen/GinieSystem/Scripts/gforge_prime_backup.sh: line 25: gpg: command not found
??????? Backup fullf??rt kl 2025-07-16T04:44:00
??????? Backup fullf??rt kl 2025-07-16T04:44:00
???? [g.forge.prime] Starter sikkerhetskopi 2025-07-16T07:12:19
???? [g.forge.prime] Starter sikkerhetskopi 2025-07-16T07:12:19
???? [g.forge.prime] Starter sikkerhetskopi 2025-07-16T07:12:19
???? [g.forge.prime] Starter sikkerhetskopi 2025-07-16T07:12:19
??????? Kryptert og lagret: /Users/christerolsen/Library/Mobile Documents/com~apple~CloudDocs/GinieBackups/pin_breach.json_2025-07-16T07:12:19.gpg
??????? Kryptert og lagret: /Users/christerolsen/Library/Mobile Documents/com~apple~CloudDocs/GinieBackups/pin_breach.json_2025-07-16T07:12:19.gpg
??????? Kryptert og lagret: /Users/christerolsen/Library/Mobile Documents/com~apple~CloudDocs/GinieBackups/pin_breach.json_2025-07-16T07:12:19.gpg
??????? Kryptert og lagret: /Users/christerolsen/Library/Mobile Documents/com~apple~CloudDocs/GinieBackups/pin_breach.json_2025-07-16T07:12:19.gpg
??????? Kryptert og lagret: /Users/christerolsen/Library/Mobile Documents/com~apple~CloudDocs/GinieBackups/cron_mailproof_2025-07-16T07:12:19.gpg
??????? Kryptert og lagret: /Users/christerolsen/Library/Mobile Documents/com~apple~CloudDocs/GinieBackups/cron_mailproof_2025-07-16T07:12:19.gpg
??????? Kryptert og lagret: /Users/christerolsen/Library/Mobile Documents/com~apple~CloudDocs/GinieBackups/cron_mailproof_2025-07-16T07:12:19.gpg
??????? Backup fullf??rt kl 2025-07-16T07:12:19
??????? Backup fullf??rt kl 2025-07-16T07:12:19
??????? Kryptert og lagret: /Users/christerolsen/Library/Mobile Documents/com~apple~CloudDocs/GinieBackups/cron_mailproof_2025-07-16T07:12:19.gpg
??????? Backup fullf??rt kl 2025-07-16T07:12:19
??????? Backup fullf??rt kl 2025-07-16T07:12:19
???? [g.forge.prime] Starter sikkerhetskopi 2025-07-16T15:24:06
???? [g.forge.prime] Starter sikkerhetskopi 2025-07-16T15:24:06
???? [g.forge.prime] Starter sikkerhetskopi 2025-07-16T15:24:06
??????? Kryptert og lagret: /Users/christerolsen/Library/Mobile Documents/com~apple~CloudDocs/GinieBackups/pin_breach.json_2025-07-16T15:24:06.gpg
??????? Kryptert og lagret: /Users/christerolsen/Library/Mobile Documents/com~apple~CloudDocs/GinieBackups/pin_breach.json_2025-07-16T15:24:06.gpg
???? [g.forge.prime] Starter sikkerhetskopi 2025-07-16T15:24:06
??????? Kryptert og lagret: /Users/christerolsen/Library/Mobile Documents/com~apple~CloudDocs/GinieBackups/pin_breach.json_2025-07-16T15:24:06.gpg
??????? Kryptert og lagret: /Users/christerolsen/Library/Mobile Documents/com~apple~CloudDocs/GinieBackups/pin_breach.json_2025-07-16T15:24:06.gpg
??????? Kryptert og lagret: /Users/christerolsen/Library/Mobile Documents/com~apple~CloudDocs/GinieBackups/cron_mailproof_2025-07-16T15:24:06.gpg
??????? Kryptert og lagret: /Users/christerolsen/Library/Mobile Documents/com~apple~CloudDocs/GinieBackups/cron_mailproof_2025-07-16T15:24:06.gpg
??????? Kryptert og lagret: /Users/christerolsen/Library/Mobile Documents/com~apple~CloudDocs/GinieBackups/cron_mailproof_2025-07-16T15:24:06.gpg
??????? Kryptert og lagret: /Users/christerolsen/Library/Mobile Documents/com~apple~CloudDocs/GinieBackups/cron_mailproof_2025-07-16T15:24:06.gpg
??????? Backup fullf??rt kl 2025-07-16T15:24:06
??????? Backup fullf??rt kl 2025-07-16T15:24:06
??????? Backup fullf??rt kl 2025-07-16T15:24:06
??????? Backup fullf??rt kl 2025-07-16T15:24:06
???? [g.forge.prime] Starter sikkerhetskopi 2025-07-16T18:54:31
???? [g.forge.prime] Starter sikkerhetskopi 2025-07-16T18:54:31
??????? Kryptert og lagret: /Users/christerolsen/Library/Mobile Documents/com~apple~CloudDocs/GinieBackups/pin_breach.json_2025-07-16T18:54:31.gpg
??????? Kryptert og lagret: /Users/christerolsen/Library/Mobile Documents/com~apple~CloudDocs/GinieBackups/pin_breach.json_2025-07-16T18:54:31.gpg
???? [g.forge.prime] Starter sikkerhetskopi 2025-07-16T18:54:32
???? [g.forge.prime] Starter sikkerhetskopi 2025-07-16T18:54:32
??????? Kryptert og lagret: /Users/christerolsen/Library/Mobile Documents/com~apple~CloudDocs/GinieBackups/pin_breach.json_2025-07-16T18:54:32.gpg
??????? Kryptert og lagret: /Users/christerolsen/Library/Mobile Documents/com~apple~CloudDocs/GinieBackups/pin_breach.json_2025-07-16T18:54:32.gpg
??????? Kryptert og lagret: /Users/christerolsen/Library/Mobile Documents/com~apple~CloudDocs/GinieBackups/cron_mailproof_2025-07-16T18:54:31.gpg
??????? Kryptert og lagret: /Users/christerolsen/Library/Mobile Documents/com~apple~CloudDocs/GinieBackups/cron_mailproof_2025-07-16T18:54:31.gpg
??????? Kryptert og lagret: /Users/christerolsen/Library/Mobile Documents/com~apple~CloudDocs/GinieBackups/cron_mailproof_2025-07-16T18:54:32.gpg
??????? Kryptert og lagret: /Users/christerolsen/Library/Mobile Documents/com~apple~CloudDocs/GinieBackups/cron_mailproof_2025-07-16T18:54:32.gpg
??????? Backup fullf??rt kl 2025-07-16T18:54:31
??????? Backup fullf??rt kl 2025-07-16T18:54:31
??????? Backup fullf??rt kl 2025-07-16T18:54:32
??????? Backup fullf??rt kl 2025-07-16T18:54:32
???? [g.forge.prime] Starter sikkerhetskopi 2025-07-17T00:01:09
???? [g.forge.prime] Starter sikkerhetskopi 2025-07-17T00:01:09
???? [g.forge.prime] Starter sikkerhetskopi 2025-07-17T00:01:09
???? [g.forge.prime] Starter sikkerhetskopi 2025-07-17T00:01:09
??????? Kryptert og lagret: /Users/christerolsen/Library/Mobile Documents/com~apple~CloudDocs/GinieBackups/pin_breach.json_2025-07-17T00:01:09.gpg
??????? Kryptert og lagret: /Users/christerolsen/Library/Mobile Documents/com~apple~CloudDocs/GinieBackups/pin_breach.json_2025-07-17T00:01:09.gpg
??????? Kryptert og lagret: /Users/christerolsen/Library/Mobile Documents/com~apple~CloudDocs/GinieBackups/pin_breach.json_2025-07-17T00:01:09.gpg
??????? Kryptert og lagret: /Users/christerolsen/Library/Mobile Documents/com~apple~CloudDocs/GinieBackups/pin_breach.json_2025-07-17T00:01:09.gpg
??????? Kryptert og lagret: /Users/christerolsen/Library/Mobile Documents/com~apple~CloudDocs/GinieBackups/cron_mailproof_2025-07-17T00:01:09.gpg
??????? Kryptert og lagret: /Users/christerolsen/Library/Mobile Documents/com~apple~CloudDocs/GinieBackups/cron_mailproof_2025-07-17T00:01:09.gpg
??????? Kryptert og lagret: /Users/christerolsen/Library/Mobile Documents/com~apple~CloudDocs/GinieBackups/cron_mailproof_2025-07-17T00:01:09.gpg
??????? Backup fullf??rt kl 2025-07-17T00:01:09
??????? Backup fullf??rt kl 2025-07-17T00:01:09
??????? Backup fullf??rt kl 2025-07-17T00:01:09
??????? Kryptert og lagret: /Users/christerolsen/Library/Mobile Documents/com~apple~CloudDocs/GinieBackups/cron_mailproof_2025-07-17T00:01:09.gpg
??????? Backup fullf??rt kl 2025-07-17T00:01:09
???? [g.forge.prime] Starter sikkerhetskopi 2025-07-17T04:44:00
???? [g.forge.prime] Starter sikkerhetskopi 2025-07-17T04:44:00
/Users/christerolsen/GinieSystem/Scripts/gforge_prime_backup.sh: line 25: gpg: command not found
/Users/christerolsen/GinieSystem/Scripts/gforge_prime_backup.sh: line 25: gpg: command not found
??????? Backup fullf??rt kl 2025-07-17T04:44:00
??????? Backup fullf??rt kl 2025-07-17T04:44:00
???? [g.forge.prime] Starter sikkerhetskopi 2025-07-17T12:08:18
???? [g.forge.prime] Starter sikkerhetskopi 2025-07-17T12:08:18
???? [g.forge.prime] Starter sikkerhetskopi 2025-07-17T12:08:19
???? [g.forge.prime] Starter sikkerhetskopi 2025-07-17T12:08:19
??????? Kryptert og lagret: /Users/christerolsen/Library/Mobile Documents/com~apple~CloudDocs/GinieBackups/pin_breach.json_2025-07-17T12:08:18.gpg
??????? Kryptert og lagret: /Users/christerolsen/Library/Mobile Documents/com~apple~CloudDocs/GinieBackups/pin_breach.json_2025-07-17T12:08:19.gpg
??????? Kryptert og lagret: /Users/christerolsen/Library/Mobile Documents/com~apple~CloudDocs/GinieBackups/pin_breach.json_2025-07-17T12:08:19.gpg
??????? Kryptert og lagret: /Users/christerolsen/Library/Mobile Documents/com~apple~CloudDocs/GinieBackups/pin_breach.json_2025-07-17T12:08:18.gpg
??????? Kryptert og lagret: /Users/christerolsen/Library/Mobile Documents/com~apple~CloudDocs/GinieBackups/cron_mailproof_2025-07-17T12:08:19.gpg
??????? Kryptert og lagret: /Users/christerolsen/Library/Mobile Documents/com~apple~CloudDocs/GinieBackups/cron_mailproof_2025-07-17T12:08:18.gpg
??????? Kryptert og lagret: /Users/christerolsen/Library/Mobile Documents/com~apple~CloudDocs/GinieBackups/cron_mailproof_2025-07-17T12:08:19.gpg
??????? Kryptert og lagret: /Users/christerolsen/Library/Mobile Documents/com~apple~CloudDocs/GinieBackups/cron_mailproof_2025-07-17T12:08:18.gpg
??????? Backup fullf??rt kl 2025-07-17T12:08:19
??????? Backup fullf??rt kl 2025-07-17T12:08:19
??????? Backup fullf??rt kl 2025-07-17T12:08:18
??????? Backup fullf??rt kl 2025-07-17T12:08:18
???? [g.forge.prime] Starter sikkerhetskopi 2025-07-18T04:22:50
???? [g.forge.prime] Starter sikkerhetskopi 2025-07-18T04:22:50
???? [g.forge.prime] Starter sikkerhetskopi 2025-07-18T04:22:50
???? [g.forge.prime] Starter sikkerhetskopi 2025-07-18T04:22:50
??????? Kryptert og lagret: /Users/christerolsen/Library/Mobile Documents/com~apple~CloudDocs/GinieBackups/pin_breach.json_2025-07-18T04:22:50.gpg
??????? Kryptert og lagret: /Users/christerolsen/Library/Mobile Documents/com~apple~CloudDocs/GinieBackups/pin_breach.json_2025-07-18T04:22:50.gpg
??????? Kryptert og lagret: /Users/christerolsen/Library/Mobile Documents/com~apple~CloudDocs/GinieBackups/pin_breach.json_2025-07-18T04:22:50.gpg
??????? Kryptert og lagret: /Users/christerolsen/Library/Mobile Documents/com~apple~CloudDocs/GinieBackups/pin_breach.json_2025-07-18T04:22:50.gpg
??????? Kryptert og lagret: /Users/christerolsen/Library/Mobile Documents/com~apple~CloudDocs/GinieBackups/cron_mailproof_2025-07-18T04:22:50.gpg
??????? Kryptert og lagret: /Users/christerolsen/Library/Mobile Documents/com~apple~CloudDocs/GinieBackups/cron_mailproof_2025-07-18T04:22:50.gpg
??????? Kryptert og lagret: /Users/christerolsen/Library/Mobile Documents/com~apple~CloudDocs/GinieBackups/cron_mailproof_2025-07-18T04:22:50.gpg
??????? Kryptert og lagret: /Users/christerolsen/Library/Mobile Documents/com~apple~CloudDocs/GinieBackups/cron_mailproof_2025-07-18T04:22:50.gpg
??????? Backup fullf??rt kl 2025-07-18T04:22:50
??????? Backup fullf??rt kl 2025-07-18T04:22:50
??????? Backup fullf??rt kl 2025-07-18T04:22:50
??????? Backup fullf??rt kl 2025-07-18T04:22:50
???? [g.forge.prime] Starter sikkerhetskopi 2025-07-18T04:44:01
???? [g.forge.prime] Starter sikkerhetskopi 2025-07-18T04:44:01
/Users/christerolsen/GinieSystem/Scripts/gforge_prime_backup.sh: line 25: gpg: command not found
/Users/christerolsen/GinieSystem/Scripts/gforge_prime_backup.sh: line 25: gpg: command not found
??????? Backup fullf??rt kl 2025-07-18T04:44:01
??????? Backup fullf??rt kl 2025-07-18T04:44:01
???? [g.forge.prime] Starter sikkerhetskopi 2025-07-18T09:22:25
???? [g.forge.prime] Starter sikkerhetskopi 2025-07-18T09:22:25
???? [g.forge.prime] Starter sikkerhetskopi 2025-07-18T09:22:25
??????? Kryptert og lagret: /Users/christerolsen/Library/Mobile Documents/com~apple~CloudDocs/GinieBackups/pin_breach.json_2025-07-18T09:22:25.gpg
???? [g.forge.prime] Starter sikkerhetskopi 2025-07-18T09:22:25
??????? Kryptert og lagret: /Users/christerolsen/Library/Mobile Documents/com~apple~CloudDocs/GinieBackups/pin_breach.json_2025-07-18T09:22:25.gpg
??????? Kryptert og lagret: /Users/christerolsen/Library/Mobile Documents/com~apple~CloudDocs/GinieBackups/pin_breach.json_2025-07-18T09:22:25.gpg
??????? Kryptert og lagret: /Users/christerolsen/Library/Mobile Documents/com~apple~CloudDocs/GinieBackups/pin_breach.json_2025-07-18T09:22:25.gpg
??????? Kryptert og lagret: /Users/christerolsen/Library/Mobile Documents/com~apple~CloudDocs/GinieBackups/cron_mailproof_2025-07-18T09:22:25.gpg
??????? Kryptert og lagret: /Users/christerolsen/Library/Mobile Documents/com~apple~CloudDocs/GinieBackups/cron_mailproof_2025-07-18T09:22:25.gpg
??????? Kryptert og lagret: /Users/christerolsen/Library/Mobile Documents/com~apple~CloudDocs/GinieBackups/cron_mailproof_2025-07-18T09:22:25.gpg
??????? Backup fullf??rt kl 2025-07-18T09:22:25
??????? Kryptert og lagret: /Users/christerolsen/Library/Mobile Documents/com~apple~CloudDocs/GinieBackups/cron_mailproof_2025-07-18T09:22:25.gpg
??????? Backup fullf??rt kl 2025-07-18T09:22:25
??????? Backup fullf??rt kl 2025-07-18T09:22:25
??????? Backup fullf??rt kl 2025-07-18T09:22:25
???? [g.forge.prime] Starter sikkerhetskopi 2025-07-19T04:36:30
???? [g.forge.prime] Starter sikkerhetskopi 2025-07-19T04:36:30
???? [g.forge.prime] Starter sikkerhetskopi 2025-07-19T04:36:30
???? [g.forge.prime] Starter sikkerhetskopi 2025-07-19T04:36:30
??????? Kryptert og lagret: /Users/christerolsen/Library/Mobile Documents/com~apple~CloudDocs/GinieBackups/pin_breach.json_2025-07-19T04:36:30.gpg
??????? Kryptert og lagret: /Users/christerolsen/Library/Mobile Documents/com~apple~CloudDocs/GinieBackups/pin_breach.json_2025-07-19T04:36:30.gpg
??????? Kryptert og lagret: /Users/christerolsen/Library/Mobile Documents/com~apple~CloudDocs/GinieBackups/pin_breach.json_2025-07-19T04:36:30.gpg
??????? Kryptert og lagret: /Users/christerolsen/Library/Mobile Documents/com~apple~CloudDocs/GinieBackups/pin_breach.json_2025-07-19T04:36:30.gpg
??????? Kryptert og lagret: /Users/christerolsen/Library/Mobile Documents/com~apple~CloudDocs/GinieBackups/cron_mailproof_2025-07-19T04:36:30.gpg
??????? Kryptert og lagret: /Users/christerolsen/Library/Mobile Documents/com~apple~CloudDocs/GinieBackups/cron_mailproof_2025-07-19T04:36:30.gpg
??????? Kryptert og lagret: /Users/christerolsen/Library/Mobile Documents/com~apple~CloudDocs/GinieBackups/cron_mailproof_2025-07-19T04:36:30.gpg
??????? Kryptert og lagret: /Users/christerolsen/Library/Mobile Documents/com~apple~CloudDocs/GinieBackups/cron_mailproof_2025-07-19T04:36:30.gpg
??????? Backup fullf??rt kl 2025-07-19T04:36:30
??????? Backup fullf??rt kl 2025-07-19T04:36:30
??????? Backup fullf??rt kl 2025-07-19T04:36:30
??????? Backup fullf??rt kl 2025-07-19T04:36:30
???? [g.forge.prime] Starter sikkerhetskopi 2025-07-19T04:44:00
???? [g.forge.prime] Starter sikkerhetskopi 2025-07-19T04:44:00
/Users/christerolsen/GinieSystem/Scripts/gforge_prime_backup.sh: line 25: gpg: command not found
/Users/christerolsen/GinieSystem/Scripts/gforge_prime_backup.sh: line 25: gpg: command not found
??????? Backup fullf??rt kl 2025-07-19T04:44:00
??????? Backup fullf??rt kl 2025-07-19T04:44:00
???? [g.forge.prime] Starter sikkerhetskopi 2025-07-19T09:05:05
???? [g.forge.prime] Starter sikkerhetskopi 2025-07-19T09:05:05
???? [g.forge.prime] Starter sikkerhetskopi 2025-07-19T09:05:05
??????? Kryptert og lagret: /Users/christerolsen/Library/Mobile Documents/com~apple~CloudDocs/GinieBackups/pin_breach.json_2025-07-19T09:05:05.gpg
???? [g.forge.prime] Starter sikkerhetskopi 2025-07-19T09:05:05
??????? Kryptert og lagret: /Users/christerolsen/Library/Mobile Documents/com~apple~CloudDocs/GinieBackups/pin_breach.json_2025-07-19T09:05:05.gpg
??????? Kryptert og lagret: /Users/christerolsen/Library/Mobile Documents/com~apple~CloudDocs/GinieBackups/pin_breach.json_2025-07-19T09:05:05.gpg
??????? Kryptert og lagret: /Users/christerolsen/Library/Mobile Documents/com~apple~CloudDocs/GinieBackups/pin_breach.json_2025-07-19T09:05:05.gpg
??????? Kryptert og lagret: /Users/christerolsen/Library/Mobile Documents/com~apple~CloudDocs/GinieBackups/cron_mailproof_2025-07-19T09:05:05.gpg
??????? Kryptert og lagret: /Users/christerolsen/Library/Mobile Documents/com~apple~CloudDocs/GinieBackups/cron_mailproof_2025-07-19T09:05:05.gpg
??????? Kryptert og lagret: /Users/christerolsen/Library/Mobile Documents/com~apple~CloudDocs/GinieBackups/cron_mailproof_2025-07-19T09:05:05.gpg
??????? Kryptert og lagret: /Users/christerolsen/Library/Mobile Documents/com~apple~CloudDocs/GinieBackups/cron_mailproof_2025-07-19T09:05:05.gpg
??????? Backup fullf??rt kl 2025-07-19T09:05:05
??????? Backup fullf??rt kl 2025-07-19T09:05:05
??????? Backup fullf??rt kl 2025-07-19T09:05:05
??????? Backup fullf??rt kl 2025-07-19T09:05:05
