🔑 Keyload kjøres: Tue Jul 15 08:15:01 CEST 2025
ℹ️  Hoppet over: /Users/christerolsen/GinieSystem/Vault/Barna
ℹ️  Hoppet over: /Users/christerolsen/GinieSystem/Vault/InitProof
ℹ️  Hoppet over: /Users/christerolsen/GinieSystem/Vault/Learning
ℹ️  Hoppet over: /Users/christerolsen/GinieSystem/Vault/LocalBackup
ℹ️  Hoppet over: /Users/christerolsen/GinieSystem/Vault/Logs
ℹ️  Hoppet over: /Users/christerolsen/GinieSystem/Vault/MailLogs
ℹ️  Hoppet over: /Users/christerolsen/GinieSystem/Vault/Proof
ℹ️  Hoppet over: /Users/christerolsen/GinieSystem/Vault/Security
ℹ️  Hoppet over: /Users/christerolsen/GinieSystem/Vault/_versions
ℹ️  Hoppet over: /Users/christerolsen/GinieSystem/Vault/keys
ℹ️  Hoppet over: /Users/christerolsen/GinieSystem/Vault/vault_index.html
🔑 Keyload kjøres: Tue Jul 15 09:15:00 CEST 2025
ℹ️  Hoppet over: /Users/christerolsen/GinieSystem/Vault/Barna
ℹ️  Hoppet over: /Users/christerolsen/GinieSystem/Vault/InitProof
ℹ️  Hoppet over: /Users/christerolsen/GinieSystem/Vault/Learning
ℹ️  Hoppet over: /Users/christerolsen/GinieSystem/Vault/LocalBackup
ℹ️  Hoppet over: /Users/christerolsen/GinieSystem/Vault/Logs
ℹ️  Hoppet over: /Users/christerolsen/GinieSystem/Vault/MailLogs
ℹ️  Hoppet over: /Users/christerolsen/GinieSystem/Vault/Proof
ℹ️  Hoppet over: /Users/christerolsen/GinieSystem/Vault/Security
ℹ️  Hoppet over: /Users/christerolsen/GinieSystem/Vault/_versions
ℹ️  Hoppet over: /Users/christerolsen/GinieSystem/Vault/keys
ℹ️  Hoppet over: /Users/christerolsen/GinieSystem/Vault/vault_index.html
🔑 Keyload kjøres: Tue Jul 15 10:15:00 CEST 2025
ℹ️  Hoppet over: /Users/christerolsen/GinieSystem/Vault/Barna
ℹ️  Hoppet over: /Users/christerolsen/GinieSystem/Vault/InitProof
ℹ️  Hoppet over: /Users/christerolsen/GinieSystem/Vault/Learning
ℹ️  Hoppet over: /Users/christerolsen/GinieSystem/Vault/LocalBackup
ℹ️  Hoppet over: /Users/christerolsen/GinieSystem/Vault/Logs
ℹ️  Hoppet over: /Users/christerolsen/GinieSystem/Vault/MailLogs
ℹ️  Hoppet over: /Users/christerolsen/GinieSystem/Vault/Proof
ℹ️  Hoppet over: /Users/christerolsen/GinieSystem/Vault/Security
ℹ️  Hoppet over: /Users/christerolsen/GinieSystem/Vault/_versions
ℹ️  Hoppet over: /Users/christerolsen/GinieSystem/Vault/keys
ℹ️  Hoppet over: /Users/christerolsen/GinieSystem/Vault/vault_index.html
🔑 Keyload kjøres: Tue Jul 15 11:15:00 CEST 2025
ℹ️  Hoppet over: /Users/christerolsen/GinieSystem/Vault/Barna
ℹ️  Hoppet over: /Users/christerolsen/GinieSystem/Vault/InitProof
ℹ️  Hoppet over: /Users/christerolsen/GinieSystem/Vault/Learning
ℹ️  Hoppet over: /Users/christerolsen/GinieSystem/Vault/LocalBackup
ℹ️  Hoppet over: /Users/christerolsen/GinieSystem/Vault/Logs
ℹ️  Hoppet over: /Users/christerolsen/GinieSystem/Vault/MailLogs
ℹ️  Hoppet over: /Users/christerolsen/GinieSystem/Vault/Proof
ℹ️  Hoppet over: /Users/christerolsen/GinieSystem/Vault/Security
ℹ️  Hoppet over: /Users/christerolsen/GinieSystem/Vault/_versions
ℹ️  Hoppet over: /Users/christerolsen/GinieSystem/Vault/keys
ℹ️  Hoppet over: /Users/christerolsen/GinieSystem/Vault/vault_index.html
🔑 Keyload kjøres: Tue Jul 15 12:15:00 CEST 2025
ℹ️  Hoppet over: /Users/christerolsen/GinieSystem/Vault/Barna
ℹ️  Hoppet over: /Users/christerolsen/GinieSystem/Vault/InitProof
ℹ️  Hoppet over: /Users/christerolsen/GinieSystem/Vault/Learning
ℹ️  Hoppet over: /Users/christerolsen/GinieSystem/Vault/LocalBackup
ℹ️  Hoppet over: /Users/christerolsen/GinieSystem/Vault/Logs
ℹ️  Hoppet over: /Users/christerolsen/GinieSystem/Vault/MailLogs
ℹ️  Hoppet over: /Users/christerolsen/GinieSystem/Vault/Proof
ℹ️  Hoppet over: /Users/christerolsen/GinieSystem/Vault/Security
ℹ️  Hoppet over: /Users/christerolsen/GinieSystem/Vault/_versions
ℹ️  Hoppet over: /Users/christerolsen/GinieSystem/Vault/keys
ℹ️  Hoppet over: /Users/christerolsen/GinieSystem/Vault/vault_index.html
🔑 Keyload kjøres: Tue Jul 15 13:15:00 CEST 2025
ℹ️  Hoppet over: /Users/christerolsen/GinieSystem/Vault/Barna
ℹ️  Hoppet over: /Users/christerolsen/GinieSystem/Vault/InitProof
ℹ️  Hoppet over: /Users/christerolsen/GinieSystem/Vault/Learning
ℹ️  Hoppet over: /Users/christerolsen/GinieSystem/Vault/LocalBackup
ℹ️  Hoppet over: /Users/christerolsen/GinieSystem/Vault/Logs
ℹ️  Hoppet over: /Users/christerolsen/GinieSystem/Vault/MailLogs
ℹ️  Hoppet over: /Users/christerolsen/GinieSystem/Vault/Proof
ℹ️  Hoppet over: /Users/christerolsen/GinieSystem/Vault/Security
ℹ️  Hoppet over: /Users/christerolsen/GinieSystem/Vault/_versions
ℹ️  Hoppet over: /Users/christerolsen/GinieSystem/Vault/keys
ℹ️  Hoppet over: /Users/christerolsen/GinieSystem/Vault/vault_index.html
🔑 Keyload kjøres: Tue Jul 15 14:15:00 CEST 2025
ℹ️  Hoppet over: /Users/christerolsen/GinieSystem/Vault/Barna
ℹ️  Hoppet over: /Users/christerolsen/GinieSystem/Vault/InitProof
ℹ️  Hoppet over: /Users/christerolsen/GinieSystem/Vault/Learning
ℹ️  Hoppet over: /Users/christerolsen/GinieSystem/Vault/LocalBackup
ℹ️  Hoppet over: /Users/christerolsen/GinieSystem/Vault/Logs
ℹ️  Hoppet over: /Users/christerolsen/GinieSystem/Vault/MailLogs
ℹ️  Hoppet over: /Users/christerolsen/GinieSystem/Vault/Proof
ℹ️  Hoppet over: /Users/christerolsen/GinieSystem/Vault/Security
ℹ️  Hoppet over: /Users/christerolsen/GinieSystem/Vault/_versions
ℹ️  Hoppet over: /Users/christerolsen/GinieSystem/Vault/keys
ℹ️  Hoppet over: /Users/christerolsen/GinieSystem/Vault/vault_index.html
🔑 Keyload kjøres: Tue Jul 15 15:15:00 CEST 2025
ℹ️  Hoppet over: /Users/christerolsen/GinieSystem/Vault/Barna
ℹ️  Hoppet over: /Users/christerolsen/GinieSystem/Vault/InitProof
ℹ️  Hoppet over: /Users/christerolsen/GinieSystem/Vault/Knowledge
ℹ️  Hoppet over: /Users/christerolsen/GinieSystem/Vault/Learning
ℹ️  Hoppet over: /Users/christerolsen/GinieSystem/Vault/LocalBackup
ℹ️  Hoppet over: /Users/christerolsen/GinieSystem/Vault/Logs
ℹ️  Hoppet over: /Users/christerolsen/GinieSystem/Vault/MailLogs
ℹ️  Hoppet over: /Users/christerolsen/GinieSystem/Vault/Proof
ℹ️  Hoppet over: /Users/christerolsen/GinieSystem/Vault/Security
ℹ️  Hoppet over: /Users/christerolsen/GinieSystem/Vault/_versions
ℹ️  Hoppet over: /Users/christerolsen/GinieSystem/Vault/get-pip.py
ℹ️  Hoppet over: /Users/christerolsen/GinieSystem/Vault/keys
ℹ️  Hoppet over: /Users/christerolsen/GinieSystem/Vault/vault_index.html
🔑 Keyload kjøres: Tue Jul 15 16:15:00 CEST 2025
ℹ️  Hoppet over: /Users/christerolsen/GinieSystem/Vault/Barna
ℹ️  Hoppet over: /Users/christerolsen/GinieSystem/Vault/InitProof
ℹ️  Hoppet over: /Users/christerolsen/GinieSystem/Vault/Knowledge
ℹ️  Hoppet over: /Users/christerolsen/GinieSystem/Vault/Learning
ℹ️  Hoppet over: /Users/christerolsen/GinieSystem/Vault/LocalBackup
ℹ️  Hoppet over: /Users/christerolsen/GinieSystem/Vault/Logs
ℹ️  Hoppet over: /Users/christerolsen/GinieSystem/Vault/MailLogs
ℹ️  Hoppet over: /Users/christerolsen/GinieSystem/Vault/Proof
ℹ️  Hoppet over: /Users/christerolsen/GinieSystem/Vault/Security
ℹ️  Hoppet over: /Users/christerolsen/GinieSystem/Vault/_versions
ℹ️  Hoppet over: /Users/christerolsen/GinieSystem/Vault/get-pip.py
ℹ️  Hoppet over: /Users/christerolsen/GinieSystem/Vault/keys
ℹ️  Hoppet over: /Users/christerolsen/GinieSystem/Vault/vault_index.html
🔑 Keyload kjøres: Tue Jul 15 17:15:01 CEST 2025
ℹ️  Hoppet over: /Users/christerolsen/GinieSystem/Vault/Barna
ℹ️  Hoppet over: /Users/christerolsen/GinieSystem/Vault/InitProof
ℹ️  Hoppet over: /Users/christerolsen/GinieSystem/Vault/Knowledge
ℹ️  Hoppet over: /Users/christerolsen/GinieSystem/Vault/Learning
ℹ️  Hoppet over: /Users/christerolsen/GinieSystem/Vault/LocalBackup
ℹ️  Hoppet over: /Users/christerolsen/GinieSystem/Vault/Logs
ℹ️  Hoppet over: /Users/christerolsen/GinieSystem/Vault/MailLogs
ℹ️  Hoppet over: /Users/christerolsen/GinieSystem/Vault/Proof
ℹ️  Hoppet over: /Users/christerolsen/GinieSystem/Vault/Security
ℹ️  Hoppet over: /Users/christerolsen/GinieSystem/Vault/_versions
ℹ️  Hoppet over: /Users/christerolsen/GinieSystem/Vault/get-pip.py
ℹ️  Hoppet over: /Users/christerolsen/GinieSystem/Vault/keys
ℹ️  Hoppet over: /Users/christerolsen/GinieSystem/Vault/vault_index.html
🔑 Keyload kjøres: Tue Jul 15 18:15:01 CEST 2025
ℹ️  Hoppet over: /Users/christerolsen/GinieSystem/Vault/Barna
ℹ️  Hoppet over: /Users/christerolsen/GinieSystem/Vault/InitProof
ℹ️  Hoppet over: /Users/christerolsen/GinieSystem/Vault/Knowledge
ℹ️  Hoppet over: /Users/christerolsen/GinieSystem/Vault/Learning
ℹ️  Hoppet over: /Users/christerolsen/GinieSystem/Vault/LocalBackup
ℹ️  Hoppet over: /Users/christerolsen/GinieSystem/Vault/Logs
ℹ️  Hoppet over: /Users/christerolsen/GinieSystem/Vault/MailLogs
ℹ️  Hoppet over: /Users/christerolsen/GinieSystem/Vault/Proof
ℹ️  Hoppet over: /Users/christerolsen/GinieSystem/Vault/Security
ℹ️  Hoppet over: /Users/christerolsen/GinieSystem/Vault/_versions
ℹ️  Hoppet over: /Users/christerolsen/GinieSystem/Vault/get-pip.py
ℹ️  Hoppet over: /Users/christerolsen/GinieSystem/Vault/keys
ℹ️  Hoppet over: /Users/christerolsen/GinieSystem/Vault/psilo_memory.log
ℹ️  Hoppet over: /Users/christerolsen/GinieSystem/Vault/vault_index.html
🔑 Keyload kjøres: Tue Jul 15 19:15:00 CEST 2025
ℹ️  Hoppet over: /Users/christerolsen/GinieSystem/Vault/Barna
ℹ️  Hoppet over: /Users/christerolsen/GinieSystem/Vault/InitProof
ℹ️  Hoppet over: /Users/christerolsen/GinieSystem/Vault/Knowledge
ℹ️  Hoppet over: /Users/christerolsen/GinieSystem/Vault/Learning
ℹ️  Hoppet over: /Users/christerolsen/GinieSystem/Vault/LocalBackup
ℹ️  Hoppet over: /Users/christerolsen/GinieSystem/Vault/Logs
ℹ️  Hoppet over: /Users/christerolsen/GinieSystem/Vault/MailLogs
ℹ️  Hoppet over: /Users/christerolsen/GinieSystem/Vault/Proof
ℹ️  Hoppet over: /Users/christerolsen/GinieSystem/Vault/Security
ℹ️  Hoppet over: /Users/christerolsen/GinieSystem/Vault/_versions
ℹ️  Hoppet over: /Users/christerolsen/GinieSystem/Vault/get-pip.py
ℹ️  Hoppet over: /Users/christerolsen/GinieSystem/Vault/keys
ℹ️  Hoppet over: /Users/christerolsen/GinieSystem/Vault/psilo_memory.log
ℹ️  Hoppet over: /Users/christerolsen/GinieSystem/Vault/vault_index.html
🔑 Keyload kjøres: Tue Jul 15 20:15:00 CEST 2025
ℹ️  Hoppet over: /Users/christerolsen/GinieSystem/Vault/Barna
ℹ️  Hoppet over: /Users/christerolsen/GinieSystem/Vault/InitProof
ℹ️  Hoppet over: /Users/christerolsen/GinieSystem/Vault/Knowledge
ℹ️  Hoppet over: /Users/christerolsen/GinieSystem/Vault/Learning
ℹ️  Hoppet over: /Users/christerolsen/GinieSystem/Vault/LocalBackup
ℹ️  Hoppet over: /Users/christerolsen/GinieSystem/Vault/Logs
ℹ️  Hoppet over: /Users/christerolsen/GinieSystem/Vault/MailLogs
ℹ️  Hoppet over: /Users/christerolsen/GinieSystem/Vault/Proof
ℹ️  Hoppet over: /Users/christerolsen/GinieSystem/Vault/Security
ℹ️  Hoppet over: /Users/christerolsen/GinieSystem/Vault/_versions
ℹ️  Hoppet over: /Users/christerolsen/GinieSystem/Vault/get-pip.py
ℹ️  Hoppet over: /Users/christerolsen/GinieSystem/Vault/keys
ℹ️  Hoppet over: /Users/christerolsen/GinieSystem/Vault/psilo_memory.log
ℹ️  Hoppet over: /Users/christerolsen/GinieSystem/Vault/vault_index.html
🔑 Keyload kjøres: Tue Jul 15 21:15:00 CEST 2025
ℹ️  Hoppet over: /Users/christerolsen/GinieSystem/Vault/Barna
ℹ️  Hoppet over: /Users/christerolsen/GinieSystem/Vault/InitProof
ℹ️  Hoppet over: /Users/christerolsen/GinieSystem/Vault/Knowledge
ℹ️  Hoppet over: /Users/christerolsen/GinieSystem/Vault/Learning
ℹ️  Hoppet over: /Users/christerolsen/GinieSystem/Vault/LocalBackup
ℹ️  Hoppet over: /Users/christerolsen/GinieSystem/Vault/Logs
ℹ️  Hoppet over: /Users/christerolsen/GinieSystem/Vault/MailLogs
ℹ️  Hoppet over: /Users/christerolsen/GinieSystem/Vault/Proof
ℹ️  Hoppet over: /Users/christerolsen/GinieSystem/Vault/Security
ℹ️  Hoppet over: /Users/christerolsen/GinieSystem/Vault/_versions
ℹ️  Hoppet over: /Users/christerolsen/GinieSystem/Vault/get-pip.py
ℹ️  Hoppet over: /Users/christerolsen/GinieSystem/Vault/keys
ℹ️  Hoppet over: /Users/christerolsen/GinieSystem/Vault/psilo_memory.log
ℹ️  Hoppet over: /Users/christerolsen/GinieSystem/Vault/vault_index.html
🔑 Keyload kjøres: Tue Jul 15 22:15:00 CEST 2025
ℹ️  Hoppet over: /Users/christerolsen/GinieSystem/Vault/Barna
ℹ️  Hoppet over: /Users/christerolsen/GinieSystem/Vault/InitProof
ℹ️  Hoppet over: /Users/christerolsen/GinieSystem/Vault/Knowledge
ℹ️  Hoppet over: /Users/christerolsen/GinieSystem/Vault/Learning
ℹ️  Hoppet over: /Users/christerolsen/GinieSystem/Vault/LocalBackup
ℹ️  Hoppet over: /Users/christerolsen/GinieSystem/Vault/Logs
ℹ️  Hoppet over: /Users/christerolsen/GinieSystem/Vault/MailLogs
ℹ️  Hoppet over: /Users/christerolsen/GinieSystem/Vault/Proof
ℹ️  Hoppet over: /Users/christerolsen/GinieSystem/Vault/Security
ℹ️  Hoppet over: /Users/christerolsen/GinieSystem/Vault/_versions
ℹ️  Hoppet over: /Users/christerolsen/GinieSystem/Vault/get-pip.py
ℹ️  Hoppet over: /Users/christerolsen/GinieSystem/Vault/keys
ℹ️  Hoppet over: /Users/christerolsen/GinieSystem/Vault/psilo_memory.log
ℹ️  Hoppet over: /Users/christerolsen/GinieSystem/Vault/vault_index.html
🔑 Keyload kjøres: Tue Jul 15 23:15:01 CEST 2025
ℹ️  Hoppet over: /Users/christerolsen/GinieSystem/Vault/Barna
ℹ️  Hoppet over: /Users/christerolsen/GinieSystem/Vault/InitProof
ℹ️  Hoppet over: /Users/christerolsen/GinieSystem/Vault/Knowledge
ℹ️  Hoppet over: /Users/christerolsen/GinieSystem/Vault/Learning
ℹ️  Hoppet over: /Users/christerolsen/GinieSystem/Vault/LocalBackup
ℹ️  Hoppet over: /Users/christerolsen/GinieSystem/Vault/Logs
ℹ️  Hoppet over: /Users/christerolsen/GinieSystem/Vault/MailLogs
ℹ️  Hoppet over: /Users/christerolsen/GinieSystem/Vault/Proof
ℹ️  Hoppet over: /Users/christerolsen/GinieSystem/Vault/Security
ℹ️  Hoppet over: /Users/christerolsen/GinieSystem/Vault/_versions
ℹ️  Hoppet over: /Users/christerolsen/GinieSystem/Vault/get-pip.py
ℹ️  Hoppet over: /Users/christerolsen/GinieSystem/Vault/keys
ℹ️  Hoppet over: /Users/christerolsen/GinieSystem/Vault/psilo_memory.log
ℹ️  Hoppet over: /Users/christerolsen/GinieSystem/Vault/vault_index.html
🔑 Keyload kjøres: Wed Jul 16 00:15:00 CEST 2025
ℹ️  Hoppet over: /Users/christerolsen/GinieSystem/Vault/Barna
ℹ️  Hoppet over: /Users/christerolsen/GinieSystem/Vault/InitProof
ℹ️  Hoppet over: /Users/christerolsen/GinieSystem/Vault/Knowledge
ℹ️  Hoppet over: /Users/christerolsen/GinieSystem/Vault/Learning
ℹ️  Hoppet over: /Users/christerolsen/GinieSystem/Vault/LocalBackup
ℹ️  Hoppet over: /Users/christerolsen/GinieSystem/Vault/Logs
ℹ️  Hoppet over: /Users/christerolsen/GinieSystem/Vault/MailLogs
ℹ️  Hoppet over: /Users/christerolsen/GinieSystem/Vault/Proof
ℹ️  Hoppet over: /Users/christerolsen/GinieSystem/Vault/Security
ℹ️  Hoppet over: /Users/christerolsen/GinieSystem/Vault/_versions
ℹ️  Hoppet over: /Users/christerolsen/GinieSystem/Vault/get-pip.py
ℹ️  Hoppet over: /Users/christerolsen/GinieSystem/Vault/keys
ℹ️  Hoppet over: /Users/christerolsen/GinieSystem/Vault/psilo_memory.log
ℹ️  Hoppet over: /Users/christerolsen/GinieSystem/Vault/vault_index.html
🔑 Keyload kjøres: Wed Jul 16 01:15:00 CEST 2025
ℹ️  Hoppet over: /Users/christerolsen/GinieSystem/Vault/Barna
ℹ️  Hoppet over: /Users/christerolsen/GinieSystem/Vault/InitProof
ℹ️  Hoppet over: /Users/christerolsen/GinieSystem/Vault/Knowledge
ℹ️  Hoppet over: /Users/christerolsen/GinieSystem/Vault/Learning
ℹ️  Hoppet over: /Users/christerolsen/GinieSystem/Vault/LocalBackup
ℹ️  Hoppet over: /Users/christerolsen/GinieSystem/Vault/Logs
ℹ️  Hoppet over: /Users/christerolsen/GinieSystem/Vault/MINNE
ℹ️  Hoppet over: /Users/christerolsen/GinieSystem/Vault/MailLogs
ℹ️  Hoppet over: /Users/christerolsen/GinieSystem/Vault/Proof
ℹ️  Hoppet over: /Users/christerolsen/GinieSystem/Vault/Security
ℹ️  Hoppet over: /Users/christerolsen/GinieSystem/Vault/_versions
ℹ️  Hoppet over: /Users/christerolsen/GinieSystem/Vault/get-pip.py
ℹ️  Hoppet over: /Users/christerolsen/GinieSystem/Vault/keys
ℹ️  Hoppet over: /Users/christerolsen/GinieSystem/Vault/psilo_memory.log
ℹ️  Hoppet over: /Users/christerolsen/GinieSystem/Vault/vault_index.html
🔑 Keyload kjøres: Wed Jul 16 02:15:00 CEST 2025
ℹ️  Hoppet over: /Users/christerolsen/GinieSystem/Vault/Barna
ℹ️  Hoppet over: /Users/christerolsen/GinieSystem/Vault/InitProof
ℹ️  Hoppet over: /Users/christerolsen/GinieSystem/Vault/Knowledge
ℹ️  Hoppet over: /Users/christerolsen/GinieSystem/Vault/Learning
ℹ️  Hoppet over: /Users/christerolsen/GinieSystem/Vault/LocalBackup
ℹ️  Hoppet over: /Users/christerolsen/GinieSystem/Vault/Logs
ℹ️  Hoppet over: /Users/christerolsen/GinieSystem/Vault/MINNE
ℹ️  Hoppet over: /Users/christerolsen/GinieSystem/Vault/MailLogs
ℹ️  Hoppet over: /Users/christerolsen/GinieSystem/Vault/Proof
ℹ️  Hoppet over: /Users/christerolsen/GinieSystem/Vault/Security
ℹ️  Hoppet over: /Users/christerolsen/GinieSystem/Vault/_versions
ℹ️  Hoppet over: /Users/christerolsen/GinieSystem/Vault/get-pip.py
ℹ️  Hoppet over: /Users/christerolsen/GinieSystem/Vault/keys
ℹ️  Hoppet over: /Users/christerolsen/GinieSystem/Vault/psilo_memory.log
ℹ️  Hoppet over: /Users/christerolsen/GinieSystem/Vault/vault_index.html
🔑 Keyload kjøres: Wed Jul 16 03:15:00 CEST 2025
ℹ️  Hoppet over: /Users/christerolsen/GinieSystem/Vault/Barna
ℹ️  Hoppet over: /Users/christerolsen/GinieSystem/Vault/InitProof
ℹ️  Hoppet over: /Users/christerolsen/GinieSystem/Vault/Knowledge
ℹ️  Hoppet over: /Users/christerolsen/GinieSystem/Vault/Learning
ℹ️  Hoppet over: /Users/christerolsen/GinieSystem/Vault/LocalBackup
ℹ️  Hoppet over: /Users/christerolsen/GinieSystem/Vault/Logs
ℹ️  Hoppet over: /Users/christerolsen/GinieSystem/Vault/MINNE
ℹ️  Hoppet over: /Users/christerolsen/GinieSystem/Vault/MailLogs
ℹ️  Hoppet over: /Users/christerolsen/GinieSystem/Vault/Proof
ℹ️  Hoppet over: /Users/christerolsen/GinieSystem/Vault/Security
ℹ️  Hoppet over: /Users/christerolsen/GinieSystem/Vault/_versions
ℹ️  Hoppet over: /Users/christerolsen/GinieSystem/Vault/get-pip.py
ℹ️  Hoppet over: /Users/christerolsen/GinieSystem/Vault/keys
ℹ️  Hoppet over: /Users/christerolsen/GinieSystem/Vault/psilo_memory.log
ℹ️  Hoppet over: /Users/christerolsen/GinieSystem/Vault/vault_index.html
🔑 Keyload kjøres: Wed Jul 16 04:15:00 CEST 2025
ℹ️  Hoppet over: /Users/christerolsen/GinieSystem/Vault/Barna
ℹ️  Hoppet over: /Users/christerolsen/GinieSystem/Vault/InitProof
ℹ️  Hoppet over: /Users/christerolsen/GinieSystem/Vault/Knowledge
ℹ️  Hoppet over: /Users/christerolsen/GinieSystem/Vault/Learning
ℹ️  Hoppet over: /Users/christerolsen/GinieSystem/Vault/LocalBackup
ℹ️  Hoppet over: /Users/christerolsen/GinieSystem/Vault/Logs
ℹ️  Hoppet over: /Users/christerolsen/GinieSystem/Vault/MINNE
ℹ️  Hoppet over: /Users/christerolsen/GinieSystem/Vault/MailLogs
ℹ️  Hoppet over: /Users/christerolsen/GinieSystem/Vault/Proof
ℹ️  Hoppet over: /Users/christerolsen/GinieSystem/Vault/Security
ℹ️  Hoppet over: /Users/christerolsen/GinieSystem/Vault/_versions
ℹ️  Hoppet over: /Users/christerolsen/GinieSystem/Vault/get-pip.py
ℹ️  Hoppet over: /Users/christerolsen/GinieSystem/Vault/keys
ℹ️  Hoppet over: /Users/christerolsen/GinieSystem/Vault/psilo_memory.log
ℹ️  Hoppet over: /Users/christerolsen/GinieSystem/Vault/vault_index.html
🔑 Keyload kjøres: Wed Jul 16 05:15:00 CEST 2025
ℹ️  Hoppet over: /Users/christerolsen/GinieSystem/Vault/Barna
ℹ️  Hoppet over: /Users/christerolsen/GinieSystem/Vault/InitProof
ℹ️  Hoppet over: /Users/christerolsen/GinieSystem/Vault/Knowledge
ℹ️  Hoppet over: /Users/christerolsen/GinieSystem/Vault/Learning
ℹ️  Hoppet over: /Users/christerolsen/GinieSystem/Vault/LocalBackup
ℹ️  Hoppet over: /Users/christerolsen/GinieSystem/Vault/Logs
ℹ️  Hoppet over: /Users/christerolsen/GinieSystem/Vault/MINNE
ℹ️  Hoppet over: /Users/christerolsen/GinieSystem/Vault/MailLogs
ℹ️  Hoppet over: /Users/christerolsen/GinieSystem/Vault/Proof
ℹ️  Hoppet over: /Users/christerolsen/GinieSystem/Vault/Security
ℹ️  Hoppet over: /Users/christerolsen/GinieSystem/Vault/_versions
ℹ️  Hoppet over: /Users/christerolsen/GinieSystem/Vault/get-pip.py
ℹ️  Hoppet over: /Users/christerolsen/GinieSystem/Vault/keys
ℹ️  Hoppet over: /Users/christerolsen/GinieSystem/Vault/psilo_memory.log
ℹ️  Hoppet over: /Users/christerolsen/GinieSystem/Vault/vault_index.html
🔑 Keyload kjøres: Wed Jul 16 06:15:00 CEST 2025
ℹ️  Hoppet over: /Users/christerolsen/GinieSystem/Vault/Barna
ℹ️  Hoppet over: /Users/christerolsen/GinieSystem/Vault/InitProof
ℹ️  Hoppet over: /Users/christerolsen/GinieSystem/Vault/Knowledge
ℹ️  Hoppet over: /Users/christerolsen/GinieSystem/Vault/Learning
ℹ️  Hoppet over: /Users/christerolsen/GinieSystem/Vault/LocalBackup
ℹ️  Hoppet over: /Users/christerolsen/GinieSystem/Vault/Logs
ℹ️  Hoppet over: /Users/christerolsen/GinieSystem/Vault/MINNE
ℹ️  Hoppet over: /Users/christerolsen/GinieSystem/Vault/MailLogs
ℹ️  Hoppet over: /Users/christerolsen/GinieSystem/Vault/Proof
ℹ️  Hoppet over: /Users/christerolsen/GinieSystem/Vault/Security
ℹ️  Hoppet over: /Users/christerolsen/GinieSystem/Vault/_versions
ℹ️  Hoppet over: /Users/christerolsen/GinieSystem/Vault/get-pip.py
ℹ️  Hoppet over: /Users/christerolsen/GinieSystem/Vault/keys
ℹ️  Hoppet over: /Users/christerolsen/GinieSystem/Vault/psilo_memory.log
ℹ️  Hoppet over: /Users/christerolsen/GinieSystem/Vault/vault_index.html
🔑 Keyload kjøres: Wed Jul 16 07:15:00 CEST 2025
ℹ️  Hoppet over: /Users/christerolsen/GinieSystem/Vault/Barna
ℹ️  Hoppet over: /Users/christerolsen/GinieSystem/Vault/InitProof
ℹ️  Hoppet over: /Users/christerolsen/GinieSystem/Vault/Knowledge
ℹ️  Hoppet over: /Users/christerolsen/GinieSystem/Vault/Learning
ℹ️  Hoppet over: /Users/christerolsen/GinieSystem/Vault/LocalBackup
ℹ️  Hoppet over: /Users/christerolsen/GinieSystem/Vault/Logs
ℹ️  Hoppet over: /Users/christerolsen/GinieSystem/Vault/MINNE
ℹ️  Hoppet over: /Users/christerolsen/GinieSystem/Vault/MailLogs
ℹ️  Hoppet over: /Users/christerolsen/GinieSystem/Vault/Proof
ℹ️  Hoppet over: /Users/christerolsen/GinieSystem/Vault/Security
ℹ️  Hoppet over: /Users/christerolsen/GinieSystem/Vault/_versions
ℹ️  Hoppet over: /Users/christerolsen/GinieSystem/Vault/get-pip.py
ℹ️  Hoppet over: /Users/christerolsen/GinieSystem/Vault/keys
ℹ️  Hoppet over: /Users/christerolsen/GinieSystem/Vault/psilo_memory.log
ℹ️  Hoppet over: /Users/christerolsen/GinieSystem/Vault/vault_index.html
🔑 Keyload kjøres: Wed Jul 16 08:15:00 CEST 2025
ℹ️  Hoppet over: /Users/christerolsen/GinieSystem/Vault/Barna
ℹ️  Hoppet over: /Users/christerolsen/GinieSystem/Vault/InitProof
ℹ️  Hoppet over: /Users/christerolsen/GinieSystem/Vault/Knowledge
ℹ️  Hoppet over: /Users/christerolsen/GinieSystem/Vault/Learning
ℹ️  Hoppet over: /Users/christerolsen/GinieSystem/Vault/LocalBackup
ℹ️  Hoppet over: /Users/christerolsen/GinieSystem/Vault/Logs
ℹ️  Hoppet over: /Users/christerolsen/GinieSystem/Vault/MINNE
ℹ️  Hoppet over: /Users/christerolsen/GinieSystem/Vault/MailLogs
ℹ️  Hoppet over: /Users/christerolsen/GinieSystem/Vault/Proof
ℹ️  Hoppet over: /Users/christerolsen/GinieSystem/Vault/Security
ℹ️  Hoppet over: /Users/christerolsen/GinieSystem/Vault/_versions
ℹ️  Hoppet over: /Users/christerolsen/GinieSystem/Vault/get-pip.py
ℹ️  Hoppet over: /Users/christerolsen/GinieSystem/Vault/keys
ℹ️  Hoppet over: /Users/christerolsen/GinieSystem/Vault/psilo_memory.log
ℹ️  Hoppet over: /Users/christerolsen/GinieSystem/Vault/vault_index.html
🔑 Keyload kjøres: Wed Jul 16 09:15:00 CEST 2025
ℹ️  Hoppet over: /Users/christerolsen/GinieSystem/Vault/Barna
ℹ️  Hoppet over: /Users/christerolsen/GinieSystem/Vault/InitProof
ℹ️  Hoppet over: /Users/christerolsen/GinieSystem/Vault/Knowledge
ℹ️  Hoppet over: /Users/christerolsen/GinieSystem/Vault/Learning
ℹ️  Hoppet over: /Users/christerolsen/GinieSystem/Vault/LocalBackup
ℹ️  Hoppet over: /Users/christerolsen/GinieSystem/Vault/Logs
ℹ️  Hoppet over: /Users/christerolsen/GinieSystem/Vault/MINNE
ℹ️  Hoppet over: /Users/christerolsen/GinieSystem/Vault/MailLogs
ℹ️  Hoppet over: /Users/christerolsen/GinieSystem/Vault/Proof
ℹ️  Hoppet over: /Users/christerolsen/GinieSystem/Vault/Security
ℹ️  Hoppet over: /Users/christerolsen/GinieSystem/Vault/_versions
ℹ️  Hoppet over: /Users/christerolsen/GinieSystem/Vault/get-pip.py
ℹ️  Hoppet over: /Users/christerolsen/GinieSystem/Vault/keys
ℹ️  Hoppet over: /Users/christerolsen/GinieSystem/Vault/psilo_memory.log
ℹ️  Hoppet over: /Users/christerolsen/GinieSystem/Vault/vault_index.html
🔑 Keyload kjøres: Wed Jul 16 10:15:00 CEST 2025
ℹ️  Hoppet over: /Users/christerolsen/GinieSystem/Vault/Barna
ℹ️  Hoppet over: /Users/christerolsen/GinieSystem/Vault/InitProof
ℹ️  Hoppet over: /Users/christerolsen/GinieSystem/Vault/Knowledge
ℹ️  Hoppet over: /Users/christerolsen/GinieSystem/Vault/Learning
ℹ️  Hoppet over: /Users/christerolsen/GinieSystem/Vault/LocalBackup
ℹ️  Hoppet over: /Users/christerolsen/GinieSystem/Vault/Logs
ℹ️  Hoppet over: /Users/christerolsen/GinieSystem/Vault/MINNE
ℹ️  Hoppet over: /Users/christerolsen/GinieSystem/Vault/MailLogs
ℹ️  Hoppet over: /Users/christerolsen/GinieSystem/Vault/Proof
ℹ️  Hoppet over: /Users/christerolsen/GinieSystem/Vault/Security
ℹ️  Hoppet over: /Users/christerolsen/GinieSystem/Vault/_versions
ℹ️  Hoppet over: /Users/christerolsen/GinieSystem/Vault/get-pip.py
ℹ️  Hoppet over: /Users/christerolsen/GinieSystem/Vault/keys
ℹ️  Hoppet over: /Users/christerolsen/GinieSystem/Vault/psilo_memory.log
ℹ️  Hoppet over: /Users/christerolsen/GinieSystem/Vault/vault_index.html
🔑 Keyload kjøres: Wed Jul 16 11:15:00 CEST 2025
ℹ️  Hoppet over: /Users/christerolsen/GinieSystem/Vault/Barna
ℹ️  Hoppet over: /Users/christerolsen/GinieSystem/Vault/InitProof
ℹ️  Hoppet over: /Users/christerolsen/GinieSystem/Vault/Knowledge
ℹ️  Hoppet over: /Users/christerolsen/GinieSystem/Vault/Learning
ℹ️  Hoppet over: /Users/christerolsen/GinieSystem/Vault/LocalBackup
ℹ️  Hoppet over: /Users/christerolsen/GinieSystem/Vault/Logs
ℹ️  Hoppet over: /Users/christerolsen/GinieSystem/Vault/MINNE
ℹ️  Hoppet over: /Users/christerolsen/GinieSystem/Vault/MailLogs
ℹ️  Hoppet over: /Users/christerolsen/GinieSystem/Vault/Proof
ℹ️  Hoppet over: /Users/christerolsen/GinieSystem/Vault/Security
ℹ️  Hoppet over: /Users/christerolsen/GinieSystem/Vault/_versions
ℹ️  Hoppet over: /Users/christerolsen/GinieSystem/Vault/get-pip.py
ℹ️  Hoppet over: /Users/christerolsen/GinieSystem/Vault/keys
ℹ️  Hoppet over: /Users/christerolsen/GinieSystem/Vault/psilo_memory.log
ℹ️  Hoppet over: /Users/christerolsen/GinieSystem/Vault/vault_index.html
🔑 Keyload kjøres: Wed Jul 16 12:15:01 CEST 2025
ℹ️  Hoppet over: /Users/christerolsen/GinieSystem/Vault/Barna
ℹ️  Hoppet over: /Users/christerolsen/GinieSystem/Vault/InitProof
ℹ️  Hoppet over: /Users/christerolsen/GinieSystem/Vault/Knowledge
ℹ️  Hoppet over: /Users/christerolsen/GinieSystem/Vault/Learning
ℹ️  Hoppet over: /Users/christerolsen/GinieSystem/Vault/LocalBackup
ℹ️  Hoppet over: /Users/christerolsen/GinieSystem/Vault/Logs
ℹ️  Hoppet over: /Users/christerolsen/GinieSystem/Vault/MINNE
ℹ️  Hoppet over: /Users/christerolsen/GinieSystem/Vault/MailLogs
ℹ️  Hoppet over: /Users/christerolsen/GinieSystem/Vault/Proof
ℹ️  Hoppet over: /Users/christerolsen/GinieSystem/Vault/Security
ℹ️  Hoppet over: /Users/christerolsen/GinieSystem/Vault/_versions
ℹ️  Hoppet over: /Users/christerolsen/GinieSystem/Vault/get-pip.py
ℹ️  Hoppet over: /Users/christerolsen/GinieSystem/Vault/keys
ℹ️  Hoppet over: /Users/christerolsen/GinieSystem/Vault/psilo_memory.log
ℹ️  Hoppet over: /Users/christerolsen/GinieSystem/Vault/vault_index.html
🔑 Keyload kjøres: Wed Jul 16 13:15:00 CEST 2025
ℹ️  Hoppet over: /Users/christerolsen/GinieSystem/Vault/Barna
ℹ️  Hoppet over: /Users/christerolsen/GinieSystem/Vault/InitProof
ℹ️  Hoppet over: /Users/christerolsen/GinieSystem/Vault/Knowledge
ℹ️  Hoppet over: /Users/christerolsen/GinieSystem/Vault/Learning
ℹ️  Hoppet over: /Users/christerolsen/GinieSystem/Vault/LocalBackup
ℹ️  Hoppet over: /Users/christerolsen/GinieSystem/Vault/Logs
ℹ️  Hoppet over: /Users/christerolsen/GinieSystem/Vault/MINNE
ℹ️  Hoppet over: /Users/christerolsen/GinieSystem/Vault/MailLogs
ℹ️  Hoppet over: /Users/christerolsen/GinieSystem/Vault/Proof
ℹ️  Hoppet over: /Users/christerolsen/GinieSystem/Vault/Security
ℹ️  Hoppet over: /Users/christerolsen/GinieSystem/Vault/_versions
ℹ️  Hoppet over: /Users/christerolsen/GinieSystem/Vault/get-pip.py
ℹ️  Hoppet over: /Users/christerolsen/GinieSystem/Vault/keys
ℹ️  Hoppet over: /Users/christerolsen/GinieSystem/Vault/psilo_memory.log
ℹ️  Hoppet over: /Users/christerolsen/GinieSystem/Vault/vault_index.html
🔑 Keyload kjøres: Wed Jul 16 14:15:00 CEST 2025
ℹ️  Hoppet over: /Users/christerolsen/GinieSystem/Vault/Barna
ℹ️  Hoppet over: /Users/christerolsen/GinieSystem/Vault/InitProof
ℹ️  Hoppet over: /Users/christerolsen/GinieSystem/Vault/Knowledge
ℹ️  Hoppet over: /Users/christerolsen/GinieSystem/Vault/Learning
ℹ️  Hoppet over: /Users/christerolsen/GinieSystem/Vault/LocalBackup
ℹ️  Hoppet over: /Users/christerolsen/GinieSystem/Vault/Logs
ℹ️  Hoppet over: /Users/christerolsen/GinieSystem/Vault/MINNE
ℹ️  Hoppet over: /Users/christerolsen/GinieSystem/Vault/MailLogs
ℹ️  Hoppet over: /Users/christerolsen/GinieSystem/Vault/Proof
ℹ️  Hoppet over: /Users/christerolsen/GinieSystem/Vault/Security
ℹ️  Hoppet over: /Users/christerolsen/GinieSystem/Vault/_versions
ℹ️  Hoppet over: /Users/christerolsen/GinieSystem/Vault/get-pip.py
ℹ️  Hoppet over: /Users/christerolsen/GinieSystem/Vault/keys
ℹ️  Hoppet over: /Users/christerolsen/GinieSystem/Vault/psilo_memory.log
ℹ️  Hoppet over: /Users/christerolsen/GinieSystem/Vault/vault_index.html
🔑 Keyload kjøres: Wed Jul 16 15:15:00 CEST 2025
ℹ️  Hoppet over: /Users/christerolsen/GinieSystem/Vault/Barna
ℹ️  Hoppet over: /Users/christerolsen/GinieSystem/Vault/InitProof
ℹ️  Hoppet over: /Users/christerolsen/GinieSystem/Vault/Knowledge
ℹ️  Hoppet over: /Users/christerolsen/GinieSystem/Vault/Learning
ℹ️  Hoppet over: /Users/christerolsen/GinieSystem/Vault/LocalBackup
ℹ️  Hoppet over: /Users/christerolsen/GinieSystem/Vault/Logs
ℹ️  Hoppet over: /Users/christerolsen/GinieSystem/Vault/MINNE
ℹ️  Hoppet over: /Users/christerolsen/GinieSystem/Vault/MailLogs
ℹ️  Hoppet over: /Users/christerolsen/GinieSystem/Vault/Proof
ℹ️  Hoppet over: /Users/christerolsen/GinieSystem/Vault/Security
ℹ️  Hoppet over: /Users/christerolsen/GinieSystem/Vault/_versions
ℹ️  Hoppet over: /Users/christerolsen/GinieSystem/Vault/get-pip.py
ℹ️  Hoppet over: /Users/christerolsen/GinieSystem/Vault/keys
ℹ️  Hoppet over: /Users/christerolsen/GinieSystem/Vault/psilo_memory.log
ℹ️  Hoppet over: /Users/christerolsen/GinieSystem/Vault/vault_index.html
🔑 Keyload kjøres: Wed Jul 16 16:15:00 CEST 2025
ℹ️  Hoppet over: /Users/christerolsen/GinieSystem/Vault/Barna
ℹ️  Hoppet over: /Users/christerolsen/GinieSystem/Vault/InitProof
ℹ️  Hoppet over: /Users/christerolsen/GinieSystem/Vault/Knowledge
ℹ️  Hoppet over: /Users/christerolsen/GinieSystem/Vault/Learning
ℹ️  Hoppet over: /Users/christerolsen/GinieSystem/Vault/LocalBackup
ℹ️  Hoppet over: /Users/christerolsen/GinieSystem/Vault/Logs
ℹ️  Hoppet over: /Users/christerolsen/GinieSystem/Vault/MINNE
ℹ️  Hoppet over: /Users/christerolsen/GinieSystem/Vault/MailLogs
ℹ️  Hoppet over: /Users/christerolsen/GinieSystem/Vault/Proof
ℹ️  Hoppet over: /Users/christerolsen/GinieSystem/Vault/Security
ℹ️  Hoppet over: /Users/christerolsen/GinieSystem/Vault/_versions
ℹ️  Hoppet over: /Users/christerolsen/GinieSystem/Vault/get-pip.py
ℹ️  Hoppet over: /Users/christerolsen/GinieSystem/Vault/keys
ℹ️  Hoppet over: /Users/christerolsen/GinieSystem/Vault/psilo_memory.log
ℹ️  Hoppet over: /Users/christerolsen/GinieSystem/Vault/telegram_notify.sh
ℹ️  Hoppet over: /Users/christerolsen/GinieSystem/Vault/vault_index.html
🔑 Keyload kjøres: Wed Jul 16 18:15:01 CEST 2025
ℹ️  Hoppet over: /Users/christerolsen/GinieSystem/Vault/Barna
ℹ️  Hoppet over: /Users/christerolsen/GinieSystem/Vault/InitProof
ℹ️  Hoppet over: /Users/christerolsen/GinieSystem/Vault/Knowledge
ℹ️  Hoppet over: /Users/christerolsen/GinieSystem/Vault/Learning
ℹ️  Hoppet over: /Users/christerolsen/GinieSystem/Vault/LocalBackup
ℹ️  Hoppet over: /Users/christerolsen/GinieSystem/Vault/Logs
ℹ️  Hoppet over: /Users/christerolsen/GinieSystem/Vault/MINNE
ℹ️  Hoppet over: /Users/christerolsen/GinieSystem/Vault/MailLogs
ℹ️  Hoppet over: /Users/christerolsen/GinieSystem/Vault/Proof
ℹ️  Hoppet over: /Users/christerolsen/GinieSystem/Vault/Security
ℹ️  Hoppet over: /Users/christerolsen/GinieSystem/Vault/_versions
ℹ️  Hoppet over: /Users/christerolsen/GinieSystem/Vault/get-pip.py
ℹ️  Hoppet over: /Users/christerolsen/GinieSystem/Vault/keys
ℹ️  Hoppet over: /Users/christerolsen/GinieSystem/Vault/psilo_memory.log
ℹ️  Hoppet over: /Users/christerolsen/GinieSystem/Vault/telegram_notify.sh
ℹ️  Hoppet over: /Users/christerolsen/GinieSystem/Vault/vault_index.html
🔑 Keyload kjøres: Wed Jul 16 19:15:00 CEST 2025
ℹ️  Hoppet over: /Users/christerolsen/GinieSystem/Vault/Barna
ℹ️  Hoppet over: /Users/christerolsen/GinieSystem/Vault/InitProof
ℹ️  Hoppet over: /Users/christerolsen/GinieSystem/Vault/Knowledge
ℹ️  Hoppet over: /Users/christerolsen/GinieSystem/Vault/Learning
ℹ️  Hoppet over: /Users/christerolsen/GinieSystem/Vault/LocalBackup
ℹ️  Hoppet over: /Users/christerolsen/GinieSystem/Vault/Logs
ℹ️  Hoppet over: /Users/christerolsen/GinieSystem/Vault/MINNE
ℹ️  Hoppet over: /Users/christerolsen/GinieSystem/Vault/MailLogs
ℹ️  Hoppet over: /Users/christerolsen/GinieSystem/Vault/Proof
ℹ️  Hoppet over: /Users/christerolsen/GinieSystem/Vault/Security
ℹ️  Hoppet over: /Users/christerolsen/GinieSystem/Vault/_versions
ℹ️  Hoppet over: /Users/christerolsen/GinieSystem/Vault/get-pip.py
ℹ️  Hoppet over: /Users/christerolsen/GinieSystem/Vault/keys
ℹ️  Hoppet over: /Users/christerolsen/GinieSystem/Vault/psilo_memory.log
ℹ️  Hoppet over: /Users/christerolsen/GinieSystem/Vault/telegram_notify.sh
ℹ️  Hoppet over: /Users/christerolsen/GinieSystem/Vault/vault_index.html
🔑 Keyload kjøres: Wed Jul 16 20:15:00 CEST 2025
ℹ️  Hoppet over: /Users/christerolsen/GinieSystem/Vault/Barna
ℹ️  Hoppet over: /Users/christerolsen/GinieSystem/Vault/InitProof
ℹ️  Hoppet over: /Users/christerolsen/GinieSystem/Vault/Knowledge
ℹ️  Hoppet over: /Users/christerolsen/GinieSystem/Vault/Learning
ℹ️  Hoppet over: /Users/christerolsen/GinieSystem/Vault/LocalBackup
ℹ️  Hoppet over: /Users/christerolsen/GinieSystem/Vault/Logs
ℹ️  Hoppet over: /Users/christerolsen/GinieSystem/Vault/MINNE
ℹ️  Hoppet over: /Users/christerolsen/GinieSystem/Vault/MailLogs
ℹ️  Hoppet over: /Users/christerolsen/GinieSystem/Vault/Proof
ℹ️  Hoppet over: /Users/christerolsen/GinieSystem/Vault/Security
ℹ️  Hoppet over: /Users/christerolsen/GinieSystem/Vault/_versions
ℹ️  Hoppet over: /Users/christerolsen/GinieSystem/Vault/get-pip.py
ℹ️  Hoppet over: /Users/christerolsen/GinieSystem/Vault/keys
ℹ️  Hoppet over: /Users/christerolsen/GinieSystem/Vault/psilo_memory.log
ℹ️  Hoppet over: /Users/christerolsen/GinieSystem/Vault/telegram_notify.sh
ℹ️  Hoppet over: /Users/christerolsen/GinieSystem/Vault/vault_index.html
🔑 Keyload kjøres: Wed Jul 16 21:15:00 CEST 2025
ℹ️  Hoppet over: /Users/christerolsen/GinieSystem/Vault/Barna
ℹ️  Hoppet over: /Users/christerolsen/GinieSystem/Vault/InitProof
ℹ️  Hoppet over: /Users/christerolsen/GinieSystem/Vault/Knowledge
ℹ️  Hoppet over: /Users/christerolsen/GinieSystem/Vault/Learning
ℹ️  Hoppet over: /Users/christerolsen/GinieSystem/Vault/LocalBackup
ℹ️  Hoppet over: /Users/christerolsen/GinieSystem/Vault/Logs
ℹ️  Hoppet over: /Users/christerolsen/GinieSystem/Vault/MINNE
ℹ️  Hoppet over: /Users/christerolsen/GinieSystem/Vault/MailLogs
ℹ️  Hoppet over: /Users/christerolsen/GinieSystem/Vault/Proof
ℹ️  Hoppet over: /Users/christerolsen/GinieSystem/Vault/Security
ℹ️  Hoppet over: /Users/christerolsen/GinieSystem/Vault/_versions
ℹ️  Hoppet over: /Users/christerolsen/GinieSystem/Vault/get-pip.py
ℹ️  Hoppet over: /Users/christerolsen/GinieSystem/Vault/keys
ℹ️  Hoppet over: /Users/christerolsen/GinieSystem/Vault/psilo_memory.log
ℹ️  Hoppet over: /Users/christerolsen/GinieSystem/Vault/telegram_notify.sh
ℹ️  Hoppet over: /Users/christerolsen/GinieSystem/Vault/vault_index.html
🔑 Keyload kjøres: Wed Jul 16 22:15:01 CEST 2025
ℹ️  Hoppet over: /Users/christerolsen/GinieSystem/Vault/Barna
ℹ️  Hoppet over: /Users/christerolsen/GinieSystem/Vault/InitProof
ℹ️  Hoppet over: /Users/christerolsen/GinieSystem/Vault/Knowledge
ℹ️  Hoppet over: /Users/christerolsen/GinieSystem/Vault/Learning
ℹ️  Hoppet over: /Users/christerolsen/GinieSystem/Vault/LocalBackup
ℹ️  Hoppet over: /Users/christerolsen/GinieSystem/Vault/Logs
ℹ️  Hoppet over: /Users/christerolsen/GinieSystem/Vault/MINNE
ℹ️  Hoppet over: /Users/christerolsen/GinieSystem/Vault/MailLogs
ℹ️  Hoppet over: /Users/christerolsen/GinieSystem/Vault/Proof
ℹ️  Hoppet over: /Users/christerolsen/GinieSystem/Vault/Security
ℹ️  Hoppet over: /Users/christerolsen/GinieSystem/Vault/_versions
ℹ️  Hoppet over: /Users/christerolsen/GinieSystem/Vault/get-pip.py
ℹ️  Hoppet over: /Users/christerolsen/GinieSystem/Vault/keys
ℹ️  Hoppet over: /Users/christerolsen/GinieSystem/Vault/psilo_memory.log
ℹ️  Hoppet over: /Users/christerolsen/GinieSystem/Vault/telegram_notify.sh
ℹ️  Hoppet over: /Users/christerolsen/GinieSystem/Vault/vault_index.html
🔑 Keyload kjøres: Wed Jul 16 23:15:00 CEST 2025
ℹ️  Hoppet over: /Users/christerolsen/GinieSystem/Vault/Barna
ℹ️  Hoppet over: /Users/christerolsen/GinieSystem/Vault/InitProof
ℹ️  Hoppet over: /Users/christerolsen/GinieSystem/Vault/Knowledge
ℹ️  Hoppet over: /Users/christerolsen/GinieSystem/Vault/Learning
ℹ️  Hoppet over: /Users/christerolsen/GinieSystem/Vault/LocalBackup
ℹ️  Hoppet over: /Users/christerolsen/GinieSystem/Vault/Logs
ℹ️  Hoppet over: /Users/christerolsen/GinieSystem/Vault/MINNE
ℹ️  Hoppet over: /Users/christerolsen/GinieSystem/Vault/MailLogs
ℹ️  Hoppet over: /Users/christerolsen/GinieSystem/Vault/Proof
ℹ️  Hoppet over: /Users/christerolsen/GinieSystem/Vault/Security
ℹ️  Hoppet over: /Users/christerolsen/GinieSystem/Vault/_versions
ℹ️  Hoppet over: /Users/christerolsen/GinieSystem/Vault/get-pip.py
ℹ️  Hoppet over: /Users/christerolsen/GinieSystem/Vault/keys
ℹ️  Hoppet over: /Users/christerolsen/GinieSystem/Vault/psilo_memory.log
ℹ️  Hoppet over: /Users/christerolsen/GinieSystem/Vault/telegram_notify.sh
ℹ️  Hoppet over: /Users/christerolsen/GinieSystem/Vault/vault_index.html
🔑 Keyload kjøres: Thu Jul 17 00:15:00 CEST 2025
ℹ️  Hoppet over: /Users/christerolsen/GinieSystem/Vault/Barna
ℹ️  Hoppet over: /Users/christerolsen/GinieSystem/Vault/InitProof
ℹ️  Hoppet over: /Users/christerolsen/GinieSystem/Vault/Knowledge
ℹ️  Hoppet over: /Users/christerolsen/GinieSystem/Vault/Learning
ℹ️  Hoppet over: /Users/christerolsen/GinieSystem/Vault/LocalBackup
ℹ️  Hoppet over: /Users/christerolsen/GinieSystem/Vault/Logs
ℹ️  Hoppet over: /Users/christerolsen/GinieSystem/Vault/MINNE
ℹ️  Hoppet over: /Users/christerolsen/GinieSystem/Vault/MailLogs
ℹ️  Hoppet over: /Users/christerolsen/GinieSystem/Vault/Proof
ℹ️  Hoppet over: /Users/christerolsen/GinieSystem/Vault/Security
ℹ️  Hoppet over: /Users/christerolsen/GinieSystem/Vault/_versions
ℹ️  Hoppet over: /Users/christerolsen/GinieSystem/Vault/get-pip.py
ℹ️  Hoppet over: /Users/christerolsen/GinieSystem/Vault/ginieshortcut_qr.png
ℹ️  Hoppet over: /Users/christerolsen/GinieSystem/Vault/greetings
ℹ️  Hoppet over: /Users/christerolsen/GinieSystem/Vault/keys
ℹ️  Hoppet over: /Users/christerolsen/GinieSystem/Vault/medals
ℹ️  Hoppet over: /Users/christerolsen/GinieSystem/Vault/psilo_memory.log
ℹ️  Hoppet over: /Users/christerolsen/GinieSystem/Vault/telegram_notify.sh
ℹ️  Hoppet over: /Users/christerolsen/GinieSystem/Vault/vault_index.html
🔑 Keyload kjøres: Thu Jul 17 01:15:00 CEST 2025
ℹ️  Hoppet over: /Users/christerolsen/GinieSystem/Vault/Barna
ℹ️  Hoppet over: /Users/christerolsen/GinieSystem/Vault/InitProof
ℹ️  Hoppet over: /Users/christerolsen/GinieSystem/Vault/Knowledge
ℹ️  Hoppet over: /Users/christerolsen/GinieSystem/Vault/Learning
ℹ️  Hoppet over: /Users/christerolsen/GinieSystem/Vault/LocalBackup
ℹ️  Hoppet over: /Users/christerolsen/GinieSystem/Vault/Logs
ℹ️  Hoppet over: /Users/christerolsen/GinieSystem/Vault/MINNE
ℹ️  Hoppet over: /Users/christerolsen/GinieSystem/Vault/MailLogs
ℹ️  Hoppet over: /Users/christerolsen/GinieSystem/Vault/Proof
ℹ️  Hoppet over: /Users/christerolsen/GinieSystem/Vault/Security
ℹ️  Hoppet over: /Users/christerolsen/GinieSystem/Vault/_versions
ℹ️  Hoppet over: /Users/christerolsen/GinieSystem/Vault/get-pip.py
ℹ️  Hoppet over: /Users/christerolsen/GinieSystem/Vault/ginieshortcut_qr.png
ℹ️  Hoppet over: /Users/christerolsen/GinieSystem/Vault/greetings
ℹ️  Hoppet over: /Users/christerolsen/GinieSystem/Vault/keys
ℹ️  Hoppet over: /Users/christerolsen/GinieSystem/Vault/medals
ℹ️  Hoppet over: /Users/christerolsen/GinieSystem/Vault/psilo_memory.log
ℹ️  Hoppet over: /Users/christerolsen/GinieSystem/Vault/telegram_notify.sh
ℹ️  Hoppet over: /Users/christerolsen/GinieSystem/Vault/vault_index.html
🔑 Keyload kjøres: Thu Jul 17 02:15:00 CEST 2025
ℹ️  Hoppet over: /Users/christerolsen/GinieSystem/Vault/Barna
ℹ️  Hoppet over: /Users/christerolsen/GinieSystem/Vault/InitProof
ℹ️  Hoppet over: /Users/christerolsen/GinieSystem/Vault/Knowledge
ℹ️  Hoppet over: /Users/christerolsen/GinieSystem/Vault/Learning
ℹ️  Hoppet over: /Users/christerolsen/GinieSystem/Vault/LocalBackup
ℹ️  Hoppet over: /Users/christerolsen/GinieSystem/Vault/Logs
ℹ️  Hoppet over: /Users/christerolsen/GinieSystem/Vault/MINNE
ℹ️  Hoppet over: /Users/christerolsen/GinieSystem/Vault/MailLogs
ℹ️  Hoppet over: /Users/christerolsen/GinieSystem/Vault/Proof
ℹ️  Hoppet over: /Users/christerolsen/GinieSystem/Vault/Security
ℹ️  Hoppet over: /Users/christerolsen/GinieSystem/Vault/_versions
ℹ️  Hoppet over: /Users/christerolsen/GinieSystem/Vault/get-pip.py
ℹ️  Hoppet over: /Users/christerolsen/GinieSystem/Vault/ginieshortcut_qr.png
ℹ️  Hoppet over: /Users/christerolsen/GinieSystem/Vault/greetings
ℹ️  Hoppet over: /Users/christerolsen/GinieSystem/Vault/keys
ℹ️  Hoppet over: /Users/christerolsen/GinieSystem/Vault/medals
ℹ️  Hoppet over: /Users/christerolsen/GinieSystem/Vault/psilo_memory.log
ℹ️  Hoppet over: /Users/christerolsen/GinieSystem/Vault/telegram_notify.sh
ℹ️  Hoppet over: /Users/christerolsen/GinieSystem/Vault/vault_index.html
🔑 Keyload kjøres: Thu Jul 17 03:15:00 CEST 2025
ℹ️  Hoppet over: /Users/christerolsen/GinieSystem/Vault/Barna
ℹ️  Hoppet over: /Users/christerolsen/GinieSystem/Vault/InitProof
ℹ️  Hoppet over: /Users/christerolsen/GinieSystem/Vault/Knowledge
ℹ️  Hoppet over: /Users/christerolsen/GinieSystem/Vault/Learning
ℹ️  Hoppet over: /Users/christerolsen/GinieSystem/Vault/LocalBackup
ℹ️  Hoppet over: /Users/christerolsen/GinieSystem/Vault/Logs
ℹ️  Hoppet over: /Users/christerolsen/GinieSystem/Vault/MINNE
ℹ️  Hoppet over: /Users/christerolsen/GinieSystem/Vault/MailLogs
ℹ️  Hoppet over: /Users/christerolsen/GinieSystem/Vault/Proof
ℹ️  Hoppet over: /Users/christerolsen/GinieSystem/Vault/Security
ℹ️  Hoppet over: /Users/christerolsen/GinieSystem/Vault/_versions
ℹ️  Hoppet over: /Users/christerolsen/GinieSystem/Vault/get-pip.py
ℹ️  Hoppet over: /Users/christerolsen/GinieSystem/Vault/ginieshortcut_qr.png
ℹ️  Hoppet over: /Users/christerolsen/GinieSystem/Vault/greetings
ℹ️  Hoppet over: /Users/christerolsen/GinieSystem/Vault/keys
ℹ️  Hoppet over: /Users/christerolsen/GinieSystem/Vault/medals
ℹ️  Hoppet over: /Users/christerolsen/GinieSystem/Vault/psilo_memory.log
ℹ️  Hoppet over: /Users/christerolsen/GinieSystem/Vault/telegram_notify.sh
ℹ️  Hoppet over: /Users/christerolsen/GinieSystem/Vault/vault_index.html
🔑 Keyload kjøres: Thu Jul 17 04:15:01 CEST 2025
ℹ️  Hoppet over: /Users/christerolsen/GinieSystem/Vault/Barna
ℹ️  Hoppet over: /Users/christerolsen/GinieSystem/Vault/InitProof
ℹ️  Hoppet over: /Users/christerolsen/GinieSystem/Vault/Knowledge
ℹ️  Hoppet over: /Users/christerolsen/GinieSystem/Vault/Learning
ℹ️  Hoppet over: /Users/christerolsen/GinieSystem/Vault/LocalBackup
ℹ️  Hoppet over: /Users/christerolsen/GinieSystem/Vault/Logs
ℹ️  Hoppet over: /Users/christerolsen/GinieSystem/Vault/MINNE
ℹ️  Hoppet over: /Users/christerolsen/GinieSystem/Vault/MailLogs
ℹ️  Hoppet over: /Users/christerolsen/GinieSystem/Vault/Proof
ℹ️  Hoppet over: /Users/christerolsen/GinieSystem/Vault/Security
ℹ️  Hoppet over: /Users/christerolsen/GinieSystem/Vault/_versions
ℹ️  Hoppet over: /Users/christerolsen/GinieSystem/Vault/get-pip.py
ℹ️  Hoppet over: /Users/christerolsen/GinieSystem/Vault/ginieshortcut_qr.png
ℹ️  Hoppet over: /Users/christerolsen/GinieSystem/Vault/greetings
ℹ️  Hoppet over: /Users/christerolsen/GinieSystem/Vault/keys
ℹ️  Hoppet over: /Users/christerolsen/GinieSystem/Vault/medals
ℹ️  Hoppet over: /Users/christerolsen/GinieSystem/Vault/psilo_memory.log
ℹ️  Hoppet over: /Users/christerolsen/GinieSystem/Vault/telegram_notify.sh
ℹ️  Hoppet over: /Users/christerolsen/GinieSystem/Vault/vault_index.html
