­Ъїђ Samtaleloop startet i stealth. Ctrl+C for ├Ц avslutte.
­ЪЌБ№ИЈ Du: null
­ЪДа Ginie: null
­ЪЌБ№ИЈ Du: null
­ЪДа Ginie: null
­ЪЌБ№ИЈ Du: null
­ЪДа Ginie: null
­ЪЌБ№ИЈ Du: null
­ЪДа Ginie: null
­ЪЌБ№ИЈ Du: null
­ЪДа Ginie: null
­ЪЌБ№ИЈ Du: null
­ЪДа Ginie: null
­ЪЌБ№ИЈ Du: null
­ЪДа Ginie: null
­ЪЌБ№ИЈ Du: null
­ЪДа Ginie: null
­ЪЌБ№ИЈ Du: null
­ЪДа Ginie: null
­ЪЌБ№ИЈ Du: null
­ЪДа Ginie: null
­ЪЌБ№ИЈ Du: null
­ЪДа Ginie: null
­ЪЌБ№ИЈ Du: null
­ЪДа Ginie: null
­ЪЌБ№ИЈ Du: null
­ЪДа Ginie: null
­ЪЌБ№ИЈ Du: null
­ЪДа Ginie: null
­ЪЌБ№ИЈ Du: null
­ЪДа Ginie: null
­ЪЌБ№ИЈ Du: null
­ЪДа Ginie: null
­ЪЌБ№ИЈ Du: null
­ЪДа Ginie: null
­ЪЌБ№ИЈ Du: null
­ЪДа Ginie: null
­ЪЌБ№ИЈ Du: null
­ЪДа Ginie: null
­ЪЌБ№ИЈ Du: null
­ЪДа Ginie: null
­ЪЌБ№ИЈ Du: null
­ЪДа Ginie: null
­ЪЌБ№ИЈ Du: null
­ЪДа Ginie: null
­ЪЌБ№ИЈ Du: null
­ЪДа Ginie: null
­ЪЌБ№ИЈ Du: null
­ЪДа Ginie: null
­ЪЌБ№ИЈ Du: null
­ЪДа Ginie: null
­ЪЌБ№ИЈ Du: null
­ЪДа Ginie: null
­ЪЌБ№ИЈ Du: null
­ЪДа Ginie: null
­ЪЌБ№ИЈ Du: null
­ЪДа Ginie: null
­ЪЌБ№ИЈ Du: null
­ЪДа Ginie: null
­ЪЌБ№ИЈ Du: null
­ЪДа Ginie: null
­ЪЌБ№ИЈ Du: null
­ЪДа Ginie: null
­ЪЌБ№ИЈ Du: null
­ЪДа Ginie: null
­ЪЌБ№ИЈ Du: null
­ЪДа Ginie: null
­ЪЌБ№ИЈ Du: null
­ЪДа Ginie: null
­ЪЌБ№ИЈ Du: null
­ЪДа Ginie: null
­ЪЌБ№ИЈ Du: null
­ЪДа Ginie: null
­ЪЌБ№ИЈ Du: null
­ЪДа Ginie: null
­ЪЌБ№ИЈ Du: null
­ЪДа Ginie: null
­ЪЌБ№ИЈ Du: null
­ЪДа Ginie: null
­ЪЌБ№ИЈ Du: null
­ЪДа Ginie: null
­ЪЌБ№ИЈ Du: null
­ЪДа Ginie: null
­ЪЌБ№ИЈ Du: null
­ЪДа Ginie: null
­ЪЌБ№ИЈ Du: null
­ЪДа Ginie: null
-07-21 07:09:23 | ­ЪџФ Ikke h├Иrte noe.
2025-07-21 07:09:34 | ­ЪџФ Ikke h├Иrte noe.
2025-07-21 07:09:46 | ­ЪџФ Ikke h├Иrte noe.
2025-07-21 07:09:57 | ­ЪџФ Ikke h├Иrte noe.
