游대 [13:05:34] Loop...
[ENDRINGER]: 
九勇 Mutasjon: /Users/christerolsen/GinieSystem/NanoTech/Autogenerated/whatsapp_alert_130535.sh
游대 [13:10:35] Loop...
[ENDRINGER]: 
九勇 Mutasjon: /Users/christerolsen/GinieSystem/NanoTech/Autogenerated/ginie_bootstrap_131035.sh
游대 [13:15:35] Loop...
[ENDRINGER]: 
九勇 Mutasjon: /Users/christerolsen/GinieSystem/NanoTech/Autogenerated/crypto_discover_131535.sh
游대 [13:20:35] Loop...
[ENDRINGER]: 
九勇 Mutasjon: /Users/christerolsen/GinieSystem/NanoTech/Autogenerated/nanotec_fix_voice_132035.sh
游대 [13:25:35] Loop...
[ENDRINGER]: 
九勇 Mutasjon: /Users/christerolsen/GinieSystem/NanoTech/Autogenerated/crypto_discover_132535.sh
游대 [13:30:35] Loop...
[ENDRINGER]: 
九勇 Mutasjon: /Users/christerolsen/GinieSystem/NanoTech/Autogenerated/gforge_prime_backup_133035.sh
游대 [13:35:35] Loop...
[ENDRINGER]: 
九勇 Mutasjon: /Users/christerolsen/GinieSystem/NanoTech/Autogenerated/g.bloodhound.scan_133535.sh
游대 [13:40:35] Loop...
[ENDRINGER]: 
九勇 Mutasjon: /Users/christerolsen/GinieSystem/NanoTech/Autogenerated/gfix_backup_134035.sh
游대 [13:45:35] Loop...
[ENDRINGER]: 
九勇 Mutasjon: /Users/christerolsen/GinieSystem/NanoTech/Autogenerated/recover_binance_wallet_134536.sh
游대 [13:50:36] Loop...
[ENDRINGER]: 
九勇 Mutasjon: /Users/christerolsen/GinieSystem/NanoTech/Autogenerated/lock_guard_135036.sh
游대 [13:55:36] Loop...
[ENDRINGER]: 
九勇 Mutasjon: /Users/christerolsen/GinieSystem/NanoTech/Autogenerated/g.mic_shield_135536.sh
游대 [14:00:36] Loop...
[ENDRINGER]: 
九勇 Mutasjon: /Users/christerolsen/GinieSystem/NanoTech/Autogenerated/launch_nanotec_140036.sh
游대 [14:05:36] Loop...
[ENDRINGER]: 
九勇 Mutasjon: /Users/christerolsen/GinieSystem/NanoTech/Autogenerated/validate_keys_140536.sh
