Tue Jul 15 06:45:42 CEST 2025 | Oppdatert self_reflect
Tue Jul 15 06:46:00 CEST 2025 | Oppdatert self_reflect
Tue Jul 15 07:00:00 CEST 2025 | Refleksjon OK
Tue Jul 15 07:30:00 CEST 2025 | Refleksjon OK
Tue Jul 15 08:15:01 CEST 2025 | Refleksjon OK
Tue Jul 15 10:15:01 CEST 2025 | Refleksjon OK
Tue Jul 15 12:15:00 CEST 2025 | Refleksjon OK
Tue Jul 15 14:15:00 CEST 2025 | Refleksjon OK
Tue Jul 15 16:15:00 CEST 2025 | Refleksjon OK
Tue Jul 15 18:15:01 CEST 2025 | Refleksjon OK
Tue Jul 15 20:15:00 CEST 2025 | Refleksjon OK
Tue Jul 15 22:15:00 CEST 2025 | Refleksjon OK
Wed Jul 16 00:15:00 CEST 2025 | Refleksjon OK
Wed Jul 16 02:15:01 CEST 2025 | Refleksjon OK
Wed Jul 16 04:15:00 CEST 2025 | Refleksjon OK
Wed Jul 16 06:15:00 CEST 2025 | Refleksjon OK
Wed Jul 16 08:15:00 CEST 2025 | Refleksjon OK
Wed Jul 16 10:15:01 CEST 2025 | Refleksjon OK
Wed Jul 16 12:15:01 CEST 2025 | Refleksjon OK
Wed Jul 16 14:15:00 CEST 2025 | Refleksjon OK
Wed Jul 16 16:15:01 CEST 2025 | Refleksjon OK
Wed Jul 16 18:15:01 CEST 2025 | Refleksjon OK
Wed Jul 16 20:15:00 CEST 2025 | Refleksjon OK
Wed Jul 16 22:15:01 CEST 2025 | Refleksjon OK
Thu Jul 17 00:15:01 CEST 2025 | Refleksjon OK
Thu Jul 17 02:15:00 CEST 2025 | Refleksjon OK
Thu Jul 17 04:15:01 CEST 2025 | Refleksjon OK
Thu Jul 17 06:15:01 CEST 2025 | Refleksjon OK
Thu Jul 17 08:15:01 CEST 2025 | Refleksjon OK
Thu Jul 17 10:15:01 CEST 2025 | Refleksjon OK
Thu Jul 17 12:15:01 CEST 2025 | Refleksjon OK
Thu Jul 17 14:15:02 CEST 2025 | Refleksjon OK
Thu Jul 17 16:15:02 CEST 2025 | Refleksjon OK
Thu Jul 17 18:15:01 CEST 2025 | Refleksjon OK
Thu Jul 17 20:15:01 CEST 2025 | Refleksjon OK
Thu Jul 17 22:15:01 CEST 2025 | Refleksjon OK
Fri Jul 18 04:15:02 CEST 2025 | Refleksjon OK
Fri Jul 18 06:15:02 CEST 2025 | Refleksjon OK
Fri Jul 18 08:15:01 CEST 2025 | Refleksjon OK
Fri Jul 18 10:15:01 CEST 2025 | Refleksjon OK
Fri Jul 18 12:15:01 CEST 2025 | Refleksjon OK
Fri Jul 18 14:15:02 CEST 2025 | Refleksjon OK
Fri Jul 18 16:15:01 CEST 2025 | Refleksjon OK
Fri Jul 18 18:15:01 CEST 2025 | Refleksjon OK
Fri Jul 18 20:15:02 CEST 2025 | Refleksjon OK
Fri Jul 18 22:15:02 CEST 2025 | Refleksjon OK
Sat Jul 19 00:15:01 CEST 2025 | Refleksjon OK
Sat Jul 19 02:15:01 CEST 2025 | Refleksjon OK
Sat Jul 19 04:15:01 CEST 2025 | Refleksjon OK
Sat Jul 19 06:15:02 CEST 2025 | Refleksjon OK
Sat Jul 19 08:15:01 CEST 2025 | Refleksjon OK
Sat Jul 19 10:15:02 CEST 2025 | Refleksjon OK
Sat Jul 19 12:15:02 CEST 2025 | Refleksjon OK
Sat Jul 19 14:15:02 CEST 2025 | Refleksjon OK
Sat Jul 19 16:15:02 CEST 2025 | Refleksjon OK
Sat Jul 19 18:15:01 CEST 2025 | Refleksjon OK
Sat Jul 19 20:15:01 CEST 2025 | Refleksjon OK
Sat Jul 19 22:15:01 CEST 2025 | Refleksjon OK
Sun Jul 20 00:15:01 CEST 2025 | Refleksjon OK
Sun Jul 20 02:15:01 CEST 2025 | Refleksjon OK
Sun Jul 20 04:15:01 CEST 2025 | Refleksjon OK
Sun Jul 20 06:15:01 CEST 2025 | Refleksjon OK
Sun Jul 20 08:15:01 CEST 2025 | Refleksjon OK
Sun Jul 20 10:15:02 CEST 2025 | Refleksjon OK
Sun Jul 20 12:15:01 CEST 2025 | Refleksjon OK
Sun Jul 20 14:15:01 CEST 2025 | Refleksjon OK
Sun Jul 20 16:15:01 CEST 2025 | Refleksjon OK
Sun Jul 20 18:15:01 CEST 2025 | Refleksjon OK
Sun Jul 20 20:15:01 CEST 2025 | Refleksjon OK
Sun Jul 20 22:15:02 CEST 2025 | Refleksjon OK
Mon Jul 21 00:15:02 CEST 2025 | Refleksjon OK
Mon Jul 21 02:15:02 CEST 2025 | Refleksjon OK
Mon Jul 21 04:15:02 CEST 2025 | Refleksjon OK
Mon Jul 21 06:15:02 CEST 2025 | Refleksjon OK
Mon Jul 21 08:15:02 CEST 2025 | Refleksjon OK
Mon Jul 21 10:15:02 CEST 2025 | Refleksjon OK
Mon Jul 21 12:15:02 CEST 2025 | Refleksjon OK
Mon Jul 21 14:15:03 CEST 2025 | Refleksjon OK
Mon Jul 21 16:15:02 CEST 2025 | Refleksjon OK
Mon Jul 21 18:15:02 CEST 2025 | Refleksjon OK
Mon Jul 21 20:15:02 CEST 2025 | Refleksjon OK
Mon Jul 21 22:15:02 CEST 2025 | Refleksjon OK
Tue Jul 22 00:15:03 CEST 2025 | Refleksjon OK
Tue Jul 22 02:15:03 CEST 2025 | Refleksjon OK
Tue Jul 22 04:15:03 CEST 2025 | Refleksjon OK
Tue Jul 22 06:15:02 CEST 2025 | Refleksjon OK
Tue Jul 22 08:15:03 CEST 2025 | Refleksjon OK
Tue Jul 22 10:15:02 CEST 2025 | Refleksjon OK
Tue Jul 22 12:15:03 CEST 2025 | Refleksjon OK
Tue Jul 22 14:15:03 CEST 2025 | Refleksjon OK
Tue Jul 22 16:15:03 CEST 2025 | Refleksjon OK
Tue Jul 22 18:15:03 CEST 2025 | Refleksjon OK
Tue Jul 22 20:15:03 CEST 2025 | Refleksjon OK
Tue Jul 22 22:15:02 CEST 2025 | Refleksjon OK
Wed Jul 23 00:15:03 CEST 2025 | Refleksjon OK
Wed Jul 23 02:15:02 CEST 2025 | Refleksjon OK
Wed Jul 23 04:15:03 CEST 2025 | Refleksjon OK
Wed Jul 23 06:15:03 CEST 2025 | Refleksjon OK
Wed Jul 23 08:15:02 CEST 2025 | Refleksjon OK
Wed Jul 23 10:15:03 CEST 2025 | Refleksjon OK
Wed Jul 23 12:15:03 CEST 2025 | Refleksjon OK
Wed Jul 23 14:15:03 CEST 2025 | Refleksjon OK
Wed Jul 23 16:15:04 CEST 2025 | Refleksjon OK
Wed Jul 23 18:15:04 CEST 2025 | Refleksjon OK
Wed Jul 23 20:15:04 CEST 2025 | Refleksjon OK
Wed Jul 23 22:15:04 CEST 2025 | Refleksjon OK
Thu Jul 24 00:15:05 CEST 2025 | Refleksjon OK
Thu Jul 24 02:15:05 CEST 2025 | Refleksjon OK
Thu Jul 24 04:15:06 CEST 2025 | Refleksjon OK
Thu Jul 24 06:15:05 CEST 2025 | Refleksjon OK
Thu Jul 24 08:15:05 CEST 2025 | Refleksjon OK
Thu Jul 24 10:15:05 CEST 2025 | Refleksjon OK
Thu Jul 24 12:15:05 CEST 2025 | Refleksjon OK
Thu Jul 24 14:15:05 CEST 2025 | Refleksjon OK
Thu Jul 24 16:15:06 CEST 2025 | Refleksjon OK
Thu Jul 24 18:15:08 CEST 2025 | Refleksjon OK
Thu Jul 24 20:15:06 CEST 2025 | Refleksjon OK
Thu Jul 24 22:15:06 CEST 2025 | Refleksjon OK
Fri Jul 25 00:15:06 CEST 2025 | Refleksjon OK
Fri Jul 25 02:15:06 CEST 2025 | Refleksjon OK
Fri Jul 25 08:15:07 CEST 2025 | Refleksjon OK
